<?xml version="1.0" encoding="utf-8"?>
<!DOCTYPE coverage SYSTEM "http://cobertura.sourceforge.net/xml/coverage-04.dtd">
<coverage line-rate="0.935290763968073" branch-rate="0.716129032258065" lines-covered="3281" lines-valid="3508" branches-covered="111" branches-valid="155" complexity="602" version="0" timestamp="1733520457">
  <sources>
    <source>D:\PeakFit\PeakFit\</source>
    <source>C:\</source>
  </sources>
  <packages>
    <package name="PeakFit.Core" line-rate="0.818443804034582" branch-rate="0.715447154471545" complexity="324">
      <classes>
        <class name="PeakFit.Core.Models.AdminModels.AdminLatest15EventsServiceModel" filename="D:\PeakFit\PeakFit\PeakFit.Core\Models\AdminModels\AdminLatest15EventsServiceModel.cs" line-rate="1" branch-rate="1" complexity="6">
          <methods>
            <method name="get_TrainerFirstName" signature="()" line-rate="1" branch-rate="1" complexity="1">
              <lines>
                <line number="11" hits="6" branch="false" />
              </lines>
            </method>
            <method name="get_TrainerLastName" signature="()" line-rate="1" branch-rate="1" complexity="1">
              <lines>
                <line number="12" hits="6" branch="false" />
              </lines>
            </method>
            <method name="get_EventTitle" signature="()" line-rate="1" branch-rate="1" complexity="1">
              <lines>
                <line number="13" hits="6" branch="false" />
              </lines>
            </method>
            <method name="get_StartDate" signature="()" line-rate="1" branch-rate="1" complexity="1">
              <lines>
                <line number="14" hits="6" branch="false" />
              </lines>
            </method>
            <method name="get_StartHour" signature="()" line-rate="1" branch-rate="1" complexity="1">
              <lines>
                <line number="15" hits="6" branch="false" />
              </lines>
            </method>
            <method name="get_CommentsCount" signature="()" line-rate="1" branch-rate="1" complexity="1">
              <lines>
                <line number="17" hits="4" branch="false" />
              </lines>
            </method>
          </methods>
          <lines>
            <line number="11" hits="6" branch="false" />
            <line number="12" hits="6" branch="false" />
            <line number="13" hits="6" branch="false" />
            <line number="14" hits="6" branch="false" />
            <line number="15" hits="6" branch="false" />
            <line number="17" hits="4" branch="false" />
          </lines>
        </class>
        <class name="PeakFit.Core.Models.AdminModels.AdminLatest15ProgramsServiceModel" filename="D:\PeakFit\PeakFit\PeakFit.Core\Models\AdminModels\AdminLatest15ProgramsServiceModel.cs" line-rate="1" branch-rate="1" complexity="5">
          <methods>
            <method name="get_TrainerFirstName" signature="()" line-rate="1" branch-rate="1" complexity="1">
              <lines>
                <line number="11" hits="6" branch="false" />
              </lines>
            </method>
            <method name="get_TrainerLastName" signature="()" line-rate="1" branch-rate="1" complexity="1">
              <lines>
                <line number="12" hits="6" branch="false" />
              </lines>
            </method>
            <method name="get_TrainingProgramCategory" signature="()" line-rate="1" branch-rate="1" complexity="1">
              <lines>
                <line number="13" hits="6" branch="false" />
              </lines>
            </method>
            <method name="get_ExercisesCount" signature="()" line-rate="1" branch-rate="1" complexity="1">
              <lines>
                <line number="14" hits="4" branch="false" />
              </lines>
            </method>
            <method name="get_Rating" signature="()" line-rate="1" branch-rate="1" complexity="1">
              <lines>
                <line number="15" hits="4" branch="false" />
              </lines>
            </method>
          </methods>
          <lines>
            <line number="11" hits="6" branch="false" />
            <line number="12" hits="6" branch="false" />
            <line number="13" hits="6" branch="false" />
            <line number="14" hits="4" branch="false" />
            <line number="15" hits="4" branch="false" />
          </lines>
        </class>
        <class name="PeakFit.Core.Models.AdminModels.AdminPanelServiceModel" filename="D:\PeakFit\PeakFit\PeakFit.Core\Models\AdminModels\AdminPanelServiceModel.cs" line-rate="0.857142857142857" branch-rate="1" complexity="7">
          <methods>
            <method name="get_TotalUsers" signature="()" line-rate="1" branch-rate="1" complexity="1">
              <lines>
                <line number="11" hits="5" branch="false" />
              </lines>
            </method>
            <method name="get_TotalTrainers" signature="()" line-rate="1" branch-rate="1" complexity="1">
              <lines>
                <line number="12" hits="5" branch="false" />
              </lines>
            </method>
            <method name="get_TotalEvents" signature="()" line-rate="1" branch-rate="1" complexity="1">
              <lines>
                <line number="14" hits="5" branch="false" />
              </lines>
            </method>
            <method name="get_TotalPrograms" signature="()" line-rate="1" branch-rate="1" complexity="1">
              <lines>
                <line number="15" hits="5" branch="false" />
              </lines>
            </method>
            <method name="get_TotalComments" signature="()" line-rate="0" branch-rate="1" complexity="1">
              <lines>
                <line number="17" hits="0" branch="false" />
              </lines>
            </method>
            <method name="get_LatestEvents" signature="()" line-rate="1" branch-rate="1" complexity="1">
              <lines>
                <line number="19" hits="19" branch="false" />
              </lines>
            </method>
            <method name="get_LatestPrograms" signature="()" line-rate="1" branch-rate="1" complexity="1">
              <lines>
                <line number="20" hits="17" branch="false" />
              </lines>
            </method>
          </methods>
          <lines>
            <line number="11" hits="5" branch="false" />
            <line number="12" hits="5" branch="false" />
            <line number="14" hits="5" branch="false" />
            <line number="15" hits="5" branch="false" />
            <line number="17" hits="0" branch="false" />
            <line number="19" hits="19" branch="false" />
            <line number="20" hits="17" branch="false" />
          </lines>
        </class>
        <class name="PeakFit.Core.Models.ApplicationUserModels.AllUsersQueryModel" filename="D:\PeakFit\PeakFit\PeakFit.Core\Models\ApplicationUserModels\AllUsersQueryModel.cs" line-rate="0" branch-rate="1" complexity="8">
          <methods>
            <method name="get_Id" signature="()" line-rate="0" branch-rate="1" complexity="1">
              <lines>
                <line number="10" hits="0" branch="false" />
              </lines>
            </method>
            <method name="get_FirstName" signature="()" line-rate="0" branch-rate="1" complexity="1">
              <lines>
                <line number="13" hits="0" branch="false" />
              </lines>
            </method>
            <method name="get_LastName" signature="()" line-rate="0" branch-rate="1" complexity="1">
              <lines>
                <line number="16" hits="0" branch="false" />
              </lines>
            </method>
            <method name="get_Sorting" signature="()" line-rate="0" branch-rate="1" complexity="1">
              <lines>
                <line number="19" hits="0" branch="false" />
              </lines>
            </method>
            <method name="get_CurrentPage" signature="()" line-rate="0" branch-rate="1" complexity="1">
              <lines>
                <line number="21" hits="0" branch="false" />
              </lines>
            </method>
            <method name="get_TotalUsersCount" signature="()" line-rate="0" branch-rate="1" complexity="1">
              <lines>
                <line number="23" hits="0" branch="false" />
              </lines>
            </method>
            <method name="get_Users" signature="()" line-rate="0" branch-rate="1" complexity="1">
              <lines>
                <line number="25" hits="0" branch="false" />
              </lines>
            </method>
            <method name="get_UsersPerPage" signature="()" line-rate="0" branch-rate="1" complexity="1">
              <lines>
                <line number="26" hits="0" branch="false" />
              </lines>
            </method>
          </methods>
          <lines>
            <line number="10" hits="0" branch="false" />
            <line number="13" hits="0" branch="false" />
            <line number="16" hits="0" branch="false" />
            <line number="19" hits="0" branch="false" />
            <line number="21" hits="0" branch="false" />
            <line number="23" hits="0" branch="false" />
            <line number="25" hits="0" branch="false" />
            <line number="26" hits="0" branch="false" />
          </lines>
        </class>
        <class name="PeakFit.Core.Models.ApplicationUserModels.AllUsersSerivceModel" filename="D:\PeakFit\PeakFit\PeakFit.Core\Models\ApplicationUserModels\AllUsersSerivceModel.cs" line-rate="1" branch-rate="1" complexity="6">
          <methods>
            <method name="get_Id" signature="()" line-rate="1" branch-rate="1" complexity="1">
              <lines>
                <line number="8" hits="64" branch="false" />
              </lines>
            </method>
            <method name="get_Email" signature="()" line-rate="1" branch-rate="1" complexity="1">
              <lines>
                <line number="11" hits="74" branch="false" />
              </lines>
            </method>
            <method name="get_FirstName" signature="()" line-rate="1" branch-rate="1" complexity="1">
              <lines>
                <line number="14" hits="74" branch="false" />
              </lines>
            </method>
            <method name="get_LastName" signature="()" line-rate="1" branch-rate="1" complexity="1">
              <lines>
                <line number="17" hits="74" branch="false" />
              </lines>
            </method>
            <method name="get_IsTrainer" signature="()" line-rate="1" branch-rate="1" complexity="1">
              <lines>
                <line number="19" hits="32" branch="false" />
              </lines>
            </method>
            <method name="get_PhoneNumber" signature="()" line-rate="1" branch-rate="1" complexity="1">
              <lines>
                <line number="20" hits="64" branch="false" />
              </lines>
            </method>
          </methods>
          <lines>
            <line number="8" hits="64" branch="false" />
            <line number="11" hits="74" branch="false" />
            <line number="14" hits="74" branch="false" />
            <line number="17" hits="74" branch="false" />
            <line number="19" hits="32" branch="false" />
            <line number="20" hits="64" branch="false" />
          </lines>
        </class>
        <class name="PeakFit.Core.Models.ApplicationUserModels.UserQueryServiceModel" filename="D:\PeakFit\PeakFit\PeakFit.Core\Models\ApplicationUserModels\UserQueryServiceModel.cs" line-rate="1" branch-rate="1" complexity="2">
          <methods>
            <method name="get_TotalUsersCount" signature="()" line-rate="1" branch-rate="1" complexity="1">
              <lines>
                <line number="11" hits="16" branch="false" />
              </lines>
            </method>
            <method name="get_Users" signature="()" line-rate="1" branch-rate="1" complexity="1">
              <lines>
                <line number="13" hits="52" branch="false" />
              </lines>
            </method>
          </methods>
          <lines>
            <line number="11" hits="16" branch="false" />
            <line number="13" hits="52" branch="false" />
          </lines>
        </class>
        <class name="PeakFit.Core.Models.ApplicationUserModels.UsersDetailsServiceModel" filename="D:\PeakFit\PeakFit\PeakFit.Core\Models\ApplicationUserModels\UsersDetailsServiceModel.cs" line-rate="1" branch-rate="1" complexity="6">
          <methods>
            <method name="get_Id" signature="()" line-rate="1" branch-rate="1" complexity="1">
              <lines>
                <line number="9" hits="3" branch="false" />
              </lines>
            </method>
            <method name="get_UserName" signature="()" line-rate="1" branch-rate="1" complexity="1">
              <lines>
                <line number="12" hits="3" branch="false" />
              </lines>
            </method>
            <method name="get_Email" signature="()" line-rate="1" branch-rate="1" complexity="1">
              <lines>
                <line number="15" hits="3" branch="false" />
              </lines>
            </method>
            <method name="get_FirstName" signature="()" line-rate="1" branch-rate="1" complexity="1">
              <lines>
                <line number="18" hits="3" branch="false" />
              </lines>
            </method>
            <method name="get_LastName" signature="()" line-rate="1" branch-rate="1" complexity="1">
              <lines>
                <line number="21" hits="3" branch="false" />
              </lines>
            </method>
            <method name="get_PhoneNumber" signature="()" line-rate="1" branch-rate="1" complexity="1">
              <lines>
                <line number="26" hits="1" branch="false" />
              </lines>
            </method>
          </methods>
          <lines>
            <line number="9" hits="3" branch="false" />
            <line number="12" hits="3" branch="false" />
            <line number="15" hits="3" branch="false" />
            <line number="18" hits="3" branch="false" />
            <line number="21" hits="3" branch="false" />
            <line number="26" hits="1" branch="false" />
          </lines>
        </class>
        <class name="PeakFit.Core.Models.ApplicationUserModels.UsersPromoteServiceModel" filename="D:\PeakFit\PeakFit\PeakFit.Core\Models\ApplicationUserModels\UsersPromoteServiceModel.cs" line-rate="0" branch-rate="1" complexity="2">
          <methods>
            <method name="get_Id" signature="()" line-rate="0" branch-rate="1" complexity="1">
              <lines>
                <line number="11" hits="0" branch="false" />
              </lines>
            </method>
            <method name="get_PhoneNumber" signature="()" line-rate="0" branch-rate="1" complexity="1">
              <lines>
                <line number="16" hits="0" branch="false" />
              </lines>
            </method>
          </methods>
          <lines>
            <line number="11" hits="0" branch="false" />
            <line number="16" hits="0" branch="false" />
          </lines>
        </class>
        <class name="PeakFit.Core.Models.CategoryModels.CategoryViewModel" filename="D:\PeakFit\PeakFit\PeakFit.Core\Models\CategoryModels\CategoryViewModel.cs" line-rate="1" branch-rate="1" complexity="3">
          <methods>
            <method name="get_Id" signature="()" line-rate="1" branch-rate="1" complexity="1">
              <lines>
                <line number="17" hits="1" branch="false" />
              </lines>
            </method>
            <method name="get_CategoryName" signature="()" line-rate="1" branch-rate="1" complexity="1">
              <lines>
                <line number="22" hits="3" branch="false" />
              </lines>
            </method>
            <method name=".ctor" signature="()" line-rate="1" branch-rate="1" complexity="1">
              <lines>
                <line number="25" hits="1" branch="false" />
                <line number="27" hits="1" branch="false" />
              </lines>
            </method>
          </methods>
          <lines>
            <line number="17" hits="1" branch="false" />
            <line number="22" hits="3" branch="false" />
            <line number="25" hits="1" branch="false" />
            <line number="27" hits="1" branch="false" />
          </lines>
        </class>
        <class name="PeakFit.Core.Models.CommentModels.CommentAddViewModel" filename="D:\PeakFit\PeakFit\PeakFit.Core\Models\CommentModels\CommentAddViewModel.cs" line-rate="0.714285714285714" branch-rate="1" complexity="7">
          <methods>
            <method name="get_Id" signature="()" line-rate="0" branch-rate="1" complexity="1">
              <lines>
                <line number="14" hits="0" branch="false" />
              </lines>
            </method>
            <method name="get_Title" signature="()" line-rate="1" branch-rate="1" complexity="1">
              <lines>
                <line number="19" hits="6" branch="false" />
              </lines>
            </method>
            <method name="get_Description" signature="()" line-rate="1" branch-rate="1" complexity="1">
              <lines>
                <line number="24" hits="6" branch="false" />
              </lines>
            </method>
            <method name="get_AuthorId" signature="()" line-rate="1" branch-rate="1" complexity="1">
              <lines>
                <line number="26" hits="3" branch="false" />
              </lines>
            </method>
            <method name="get_AuthorName" signature="()" line-rate="1" branch-rate="1" complexity="1">
              <lines>
                <line number="29" hits="3" branch="false" />
              </lines>
            </method>
            <method name="get_PostedOn" signature="()" line-rate="1" branch-rate="1" complexity="1">
              <lines>
                <line number="32" hits="3" branch="false" />
              </lines>
            </method>
            <method name="get_EventId" signature="()" line-rate="0" branch-rate="1" complexity="1">
              <lines>
                <line number="34" hits="0" branch="false" />
              </lines>
            </method>
          </methods>
          <lines>
            <line number="14" hits="0" branch="false" />
            <line number="19" hits="6" branch="false" />
            <line number="24" hits="6" branch="false" />
            <line number="26" hits="3" branch="false" />
            <line number="29" hits="3" branch="false" />
            <line number="32" hits="3" branch="false" />
            <line number="34" hits="0" branch="false" />
          </lines>
        </class>
        <class name="PeakFit.Core.Models.CommentModels.CommentsInfoViewModel" filename="D:\PeakFit\PeakFit\PeakFit.Core\Models\CommentModels\CommentsInfoViewModel.cs" line-rate="1" branch-rate="1" complexity="10">
          <methods>
            <method name="get_Id" signature="()" line-rate="1" branch-rate="1" complexity="1">
              <lines>
                <line number="12" hits="7" branch="false" />
              </lines>
            </method>
            <method name="get_Title" signature="()" line-rate="1" branch-rate="1" complexity="1">
              <lines>
                <line number="15" hits="16" branch="false" />
              </lines>
            </method>
            <method name="get_Description" signature="()" line-rate="1" branch-rate="1" complexity="1">
              <lines>
                <line number="18" hits="16" branch="false" />
              </lines>
            </method>
            <method name="get_AuthorFirstName" signature="()" line-rate="1" branch-rate="1" complexity="1">
              <lines>
                <line number="21" hits="16" branch="false" />
              </lines>
            </method>
            <method name="get_AuthorLastName" signature="()" line-rate="1" branch-rate="1" complexity="1">
              <lines>
                <line number="24" hits="16" branch="false" />
              </lines>
            </method>
            <method name="get_AuthorProfilePicture" signature="()" line-rate="1" branch-rate="1" complexity="1">
              <lines>
                <line number="27" hits="14" branch="false" />
              </lines>
            </method>
            <method name="get_PostedOn" signature="()" line-rate="1" branch-rate="1" complexity="1">
              <lines>
                <line number="30" hits="16" branch="false" />
              </lines>
            </method>
            <method name="get_EventId" signature="()" line-rate="1" branch-rate="1" complexity="1">
              <lines>
                <line number="33" hits="9" branch="false" />
              </lines>
            </method>
            <method name="get_EventName" signature="()" line-rate="1" branch-rate="1" complexity="1">
              <lines>
                <line number="36" hits="12" branch="false" />
              </lines>
            </method>
            <method name="get_AuthorId" signature="()" line-rate="1" branch-rate="1" complexity="1">
              <lines>
                <line number="39" hits="16" branch="false" />
              </lines>
            </method>
          </methods>
          <lines>
            <line number="12" hits="7" branch="false" />
            <line number="15" hits="16" branch="false" />
            <line number="18" hits="16" branch="false" />
            <line number="21" hits="16" branch="false" />
            <line number="24" hits="16" branch="false" />
            <line number="27" hits="14" branch="false" />
            <line number="30" hits="16" branch="false" />
            <line number="33" hits="9" branch="false" />
            <line number="36" hits="12" branch="false" />
            <line number="39" hits="16" branch="false" />
          </lines>
        </class>
        <class name="PeakFit.Core.Models.EventModels.AddEventsModel" filename="D:\PeakFit\PeakFit\PeakFit.Core\Models\EventModels\AddEventsModel.cs" line-rate="0.833333333333333" branch-rate="1" complexity="6">
          <methods>
            <method name="get_Id" signature="()" line-rate="0" branch-rate="1" complexity="1">
              <lines>
                <line number="11" hits="0" branch="false" />
              </lines>
            </method>
            <method name="get_Title" signature="()" line-rate="1" branch-rate="1" complexity="1">
              <lines>
                <line number="15" hits="3" branch="false" />
              </lines>
            </method>
            <method name="get_Description" signature="()" line-rate="1" branch-rate="1" complexity="1">
              <lines>
                <line number="19" hits="3" branch="false" />
              </lines>
            </method>
            <method name="get_ImageUrl" signature="()" line-rate="1" branch-rate="1" complexity="1">
              <lines>
                <line number="22" hits="3" branch="false" />
              </lines>
            </method>
            <method name="get_StartDate" signature="()" line-rate="1" branch-rate="1" complexity="1">
              <lines>
                <line number="25" hits="3" branch="false" />
              </lines>
            </method>
            <method name="get_StartHour" signature="()" line-rate="1" branch-rate="1" complexity="1">
              <lines>
                <line number="28" hits="3" branch="false" />
              </lines>
            </method>
          </methods>
          <lines>
            <line number="11" hits="0" branch="false" />
            <line number="15" hits="3" branch="false" />
            <line number="19" hits="3" branch="false" />
            <line number="22" hits="3" branch="false" />
            <line number="25" hits="3" branch="false" />
            <line number="28" hits="3" branch="false" />
          </lines>
        </class>
        <class name="PeakFit.Core.Models.EventModels.AllEventsQueryModel" filename="D:\PeakFit\PeakFit\PeakFit.Core\Models\EventModels\AllEventQueryModel.cs" line-rate="0" branch-rate="1" complexity="6">
          <methods>
            <method name="get_Search" signature="()" line-rate="0" branch-rate="1" complexity="1">
              <lines>
                <line number="9" hits="0" branch="false" />
              </lines>
            </method>
            <method name="get_Sorting" signature="()" line-rate="0" branch-rate="1" complexity="1">
              <lines>
                <line number="11" hits="0" branch="false" />
              </lines>
            </method>
            <method name="get_CurrentPage" signature="()" line-rate="0" branch-rate="1" complexity="1">
              <lines>
                <line number="12" hits="0" branch="false" />
              </lines>
            </method>
            <method name="get_TotalEventsCount" signature="()" line-rate="0" branch-rate="1" complexity="1">
              <lines>
                <line number="14" hits="0" branch="false" />
              </lines>
            </method>
            <method name="get_Events" signature="()" line-rate="0" branch-rate="1" complexity="1">
              <lines>
                <line number="16" hits="0" branch="false" />
              </lines>
            </method>
            <method name="get_EventsPerPage" signature="()" line-rate="0" branch-rate="1" complexity="1">
              <lines>
                <line number="18" hits="0" branch="false" />
              </lines>
            </method>
          </methods>
          <lines>
            <line number="9" hits="0" branch="false" />
            <line number="11" hits="0" branch="false" />
            <line number="12" hits="0" branch="false" />
            <line number="14" hits="0" branch="false" />
            <line number="16" hits="0" branch="false" />
            <line number="18" hits="0" branch="false" />
          </lines>
        </class>
        <class name="PeakFit.Core.Models.EventModels.EditEventModel" filename="D:\PeakFit\PeakFit\PeakFit.Core\Models\EventModels\EditEventModel.cs" line-rate="1" branch-rate="1" complexity="6">
          <methods>
            <method name="get_Id" signature="()" line-rate="1" branch-rate="1" complexity="1">
              <lines>
                <line number="11" hits="4" branch="false" />
              </lines>
            </method>
            <method name="get_Title" signature="()" line-rate="1" branch-rate="1" complexity="1">
              <lines>
                <line number="15" hits="7" branch="false" />
              </lines>
            </method>
            <method name="get_Description" signature="()" line-rate="1" branch-rate="1" complexity="1">
              <lines>
                <line number="19" hits="7" branch="false" />
              </lines>
            </method>
            <method name="get_ImageUrl" signature="()" line-rate="1" branch-rate="1" complexity="1">
              <lines>
                <line number="22" hits="7" branch="false" />
              </lines>
            </method>
            <method name="get_StartDate" signature="()" line-rate="1" branch-rate="1" complexity="1">
              <lines>
                <line number="25" hits="7" branch="false" />
              </lines>
            </method>
            <method name="get_StartHour" signature="()" line-rate="1" branch-rate="1" complexity="1">
              <lines>
                <line number="28" hits="7" branch="false" />
              </lines>
            </method>
          </methods>
          <lines>
            <line number="11" hits="4" branch="false" />
            <line number="15" hits="7" branch="false" />
            <line number="19" hits="7" branch="false" />
            <line number="22" hits="7" branch="false" />
            <line number="25" hits="7" branch="false" />
            <line number="28" hits="7" branch="false" />
          </lines>
        </class>
        <class name="PeakFit.Core.Models.EventModels.EventDetailsModel" filename="D:\PeakFit\PeakFit\PeakFit.Core\Models\EventModels\EventDetailsModel.cs" line-rate="1" branch-rate="1" complexity="11">
          <methods>
            <method name="get_Id" signature="()" line-rate="1" branch-rate="1" complexity="1">
              <lines>
                <line number="14" hits="4" branch="false" />
              </lines>
            </method>
            <method name="get_Title" signature="()" line-rate="1" branch-rate="1" complexity="1">
              <lines>
                <line number="17" hits="6" branch="false" />
              </lines>
            </method>
            <method name="get_StartDate" signature="()" line-rate="1" branch-rate="1" complexity="1">
              <lines>
                <line number="19" hits="6" branch="false" />
              </lines>
            </method>
            <method name="get_StartHour" signature="()" line-rate="1" branch-rate="1" complexity="1">
              <lines>
                <line number="22" hits="6" branch="false" />
              </lines>
            </method>
            <method name="get_ImageUrl" signature="()" line-rate="1" branch-rate="1" complexity="1">
              <lines>
                <line number="24" hits="6" branch="false" />
              </lines>
            </method>
            <method name="get_TrainerId" signature="()" line-rate="1" branch-rate="1" complexity="1">
              <lines>
                <line number="26" hits="5" branch="false" />
              </lines>
            </method>
            <method name="get_TrainerName" signature="()" line-rate="1" branch-rate="1" complexity="1">
              <lines>
                <line number="28" hits="4" branch="false" />
              </lines>
            </method>
            <method name="get_Description" signature="()" line-rate="1" branch-rate="1" complexity="1">
              <lines>
                <line number="30" hits="6" branch="false" />
              </lines>
            </method>
            <method name="get_PhoneNumber" signature="()" line-rate="1" branch-rate="1" complexity="1">
              <lines>
                <line number="32" hits="4" branch="false" />
              </lines>
            </method>
            <method name="get_Comments" signature="()" line-rate="1" branch-rate="1" complexity="1">
              <lines>
                <line number="34" hits="4" branch="false" />
              </lines>
            </method>
            <method name="get_AddComment" signature="()" line-rate="1" branch-rate="1" complexity="1">
              <lines>
                <line number="35" hits="2" branch="false" />
              </lines>
            </method>
          </methods>
          <lines>
            <line number="14" hits="4" branch="false" />
            <line number="17" hits="6" branch="false" />
            <line number="19" hits="6" branch="false" />
            <line number="22" hits="6" branch="false" />
            <line number="24" hits="6" branch="false" />
            <line number="26" hits="5" branch="false" />
            <line number="28" hits="4" branch="false" />
            <line number="30" hits="6" branch="false" />
            <line number="32" hits="4" branch="false" />
            <line number="34" hits="4" branch="false" />
            <line number="35" hits="2" branch="false" />
          </lines>
        </class>
        <class name="PeakFit.Core.Models.EventModels.EventQueryServiceModel" filename="D:\PeakFit\PeakFit\PeakFit.Core\Models\EventModels\EventQueryServiceModel.cs" line-rate="1" branch-rate="1" complexity="2">
          <methods>
            <method name="get_TotalEventsCount" signature="()" line-rate="1" branch-rate="1" complexity="1">
              <lines>
                <line number="13" hits="4" branch="false" />
              </lines>
            </method>
            <method name="get_Events" signature="()" line-rate="1" branch-rate="1" complexity="1">
              <lines>
                <line number="15" hits="4" branch="false" />
              </lines>
            </method>
          </methods>
          <lines>
            <line number="13" hits="4" branch="false" />
            <line number="15" hits="4" branch="false" />
          </lines>
        </class>
        <class name="PeakFit.Core.Models.EventModels.EventServiceModel" filename="D:\PeakFit\PeakFit\PeakFit.Core\Models\EventModels\EventServiceModel.cs" line-rate="1" branch-rate="1" complexity="9">
          <methods>
            <method name="get_Id" signature="()" line-rate="1" branch-rate="1" complexity="1">
              <lines>
                <line number="15" hits="2" branch="false" />
              </lines>
            </method>
            <method name="get_Title" signature="()" line-rate="1" branch-rate="1" complexity="1">
              <lines>
                <line number="20" hits="4" branch="false" />
              </lines>
            </method>
            <method name="get_StartDate" signature="()" line-rate="1" branch-rate="1" complexity="1">
              <lines>
                <line number="23" hits="4" branch="false" />
              </lines>
            </method>
            <method name="get_StartHour" signature="()" line-rate="1" branch-rate="1" complexity="1">
              <lines>
                <line number="27" hits="4" branch="false" />
              </lines>
            </method>
            <method name="get_ImageUrl" signature="()" line-rate="1" branch-rate="1" complexity="1">
              <lines>
                <line number="30" hits="4" branch="false" />
              </lines>
            </method>
            <method name="get_TrainerId" signature="()" line-rate="1" branch-rate="1" complexity="1">
              <lines>
                <line number="32" hits="4" branch="false" />
              </lines>
            </method>
            <method name="get_TrainerUserName" signature="()" line-rate="1" branch-rate="1" complexity="1">
              <lines>
                <line number="34" hits="4" branch="false" />
              </lines>
            </method>
            <method name="get_TrainerEmail" signature="()" line-rate="1" branch-rate="1" complexity="1">
              <lines>
                <line number="36" hits="4" branch="false" />
              </lines>
            </method>
            <method name="get_CommentCount" signature="()" line-rate="1" branch-rate="1" complexity="1">
              <lines>
                <line number="38" hits="2" branch="false" />
              </lines>
            </method>
          </methods>
          <lines>
            <line number="15" hits="2" branch="false" />
            <line number="20" hits="4" branch="false" />
            <line number="23" hits="4" branch="false" />
            <line number="27" hits="4" branch="false" />
            <line number="30" hits="4" branch="false" />
            <line number="32" hits="4" branch="false" />
            <line number="34" hits="4" branch="false" />
            <line number="36" hits="4" branch="false" />
            <line number="38" hits="2" branch="false" />
          </lines>
        </class>
        <class name="PeakFit.Core.Models.ExerciseModels.ExerciseViewModel" filename="D:\PeakFit\PeakFit\PeakFit.Core\Models\ExerciseModels\ExerciseViewModel.cs" line-rate="0" branch-rate="1" complexity="3">
          <methods>
            <method name="get_Id" signature="()" line-rate="0" branch-rate="1" complexity="1">
              <lines>
                <line number="14" hits="0" branch="false" />
              </lines>
            </method>
            <method name="get_CategoryId" signature="()" line-rate="0" branch-rate="1" complexity="1">
              <lines>
                <line number="16" hits="0" branch="false" />
              </lines>
            </method>
            <method name="get_ExerciseName" signature="()" line-rate="0" branch-rate="1" complexity="1">
              <lines>
                <line number="19" hits="0" branch="false" />
              </lines>
            </method>
          </methods>
          <lines>
            <line number="14" hits="0" branch="false" />
            <line number="16" hits="0" branch="false" />
            <line number="19" hits="0" branch="false" />
          </lines>
        </class>
        <class name="PeakFit.Core.Models.ExerciseModels.ProgramExerciseDetailsViewModel" filename="D:\PeakFit\PeakFit\PeakFit.Core\Models\ProgramExerciseModels\ProgramExerciseDetailsViewModel.cs" line-rate="1" branch-rate="1" complexity="4">
          <methods>
            <method name="get_Id" signature="()" line-rate="1" branch-rate="1" complexity="1">
              <lines>
                <line number="15" hits="1" branch="false" />
              </lines>
            </method>
            <method name="get_ExerciseName" signature="()" line-rate="1" branch-rate="1" complexity="1">
              <lines>
                <line number="18" hits="2" branch="false" />
              </lines>
            </method>
            <method name="get_Sets" signature="()" line-rate="1" branch-rate="1" complexity="1">
              <lines>
                <line number="21" hits="1" branch="false" />
              </lines>
            </method>
            <method name="get_Reps" signature="()" line-rate="1" branch-rate="1" complexity="1">
              <lines>
                <line number="24" hits="1" branch="false" />
              </lines>
            </method>
          </methods>
          <lines>
            <line number="15" hits="1" branch="false" />
            <line number="18" hits="2" branch="false" />
            <line number="21" hits="1" branch="false" />
            <line number="24" hits="1" branch="false" />
          </lines>
        </class>
        <class name="PeakFit.Core.Models.ProgramExerciseModels.ProgramExerciseAddModel" filename="D:\PeakFit\PeakFit\PeakFit.Core\Models\ProgramExerciseModels\ProgramExerciseAddModel.cs" line-rate="0.75" branch-rate="1" complexity="4">
          <methods>
            <method name="get_Id" signature="()" line-rate="0" branch-rate="1" complexity="1">
              <lines>
                <line number="14" hits="0" branch="false" />
              </lines>
            </method>
            <method name="get_ExerciseId" signature="()" line-rate="1" branch-rate="1" complexity="1">
              <lines>
                <line number="17" hits="6" branch="false" />
              </lines>
            </method>
            <method name="get_Sets" signature="()" line-rate="1" branch-rate="1" complexity="1">
              <lines>
                <line number="20" hits="6" branch="false" />
              </lines>
            </method>
            <method name="get_Reps" signature="()" line-rate="1" branch-rate="1" complexity="1">
              <lines>
                <line number="23" hits="6" branch="false" />
              </lines>
            </method>
          </methods>
          <lines>
            <line number="14" hits="0" branch="false" />
            <line number="17" hits="6" branch="false" />
            <line number="20" hits="6" branch="false" />
            <line number="23" hits="6" branch="false" />
          </lines>
        </class>
        <class name="PeakFit.Core.Models.RatingModels.RatingViewModel" filename="D:\PeakFit\PeakFit\PeakFit.Core\Models\RatingModels\RatingViewModel.cs" line-rate="1" branch-rate="1" complexity="3">
          <methods>
            <method name="get_Value" signature="()" line-rate="1" branch-rate="1" complexity="1">
              <lines>
                <line number="15" hits="6" branch="false" />
              </lines>
            </method>
            <method name="get_UserId" signature="()" line-rate="1" branch-rate="1" complexity="1">
              <lines>
                <line number="18" hits="10" branch="false" />
              </lines>
            </method>
            <method name="get_TrainingProgramId" signature="()" line-rate="1" branch-rate="1" complexity="1">
              <lines>
                <line number="21" hits="7" branch="false" />
              </lines>
            </method>
          </methods>
          <lines>
            <line number="15" hits="6" branch="false" />
            <line number="18" hits="10" branch="false" />
            <line number="21" hits="7" branch="false" />
          </lines>
        </class>
        <class name="PeakFit.Core.Models.TrainerModels.BecomeTrainerModel" filename="D:\PeakFit\PeakFit\PeakFit.Core\Models\TrainerModels\BecomeTrainerModel.cs" line-rate="1" branch-rate="1" complexity="1">
          <methods>
            <method name="get_PhoneNumber" signature="()" line-rate="1" branch-rate="1" complexity="1">
              <lines>
                <line number="15" hits="6" branch="false" />
              </lines>
            </method>
          </methods>
          <lines>
            <line number="15" hits="6" branch="false" />
          </lines>
        </class>
        <class name="PeakFit.Core.Models.TrainingProgramModels.AddTrainingProgramModel" filename="D:\PeakFit\PeakFit\PeakFit.Core\Models\TrainingProgramModels\AddTrainingProgramModel.cs" line-rate="0.8" branch-rate="1" complexity="5">
          <methods>
            <method name="get_Id" signature="()" line-rate="0" branch-rate="1" complexity="1">
              <lines>
                <line number="17" hits="0" branch="false" />
              </lines>
            </method>
            <method name="get_CategoryId" signature="()" line-rate="1" branch-rate="1" complexity="1">
              <lines>
                <line number="20" hits="2" branch="false" />
              </lines>
            </method>
            <method name="get_Categories" signature="()" line-rate="1" branch-rate="1" complexity="1">
              <lines>
                <line number="21" hits="1" branch="false" />
              </lines>
            </method>
            <method name="get_ImageUrl" signature="()" line-rate="1" branch-rate="1" complexity="1">
              <lines>
                <line number="23" hits="2" branch="false" />
              </lines>
            </method>
            <method name="get_ProgramExercises" signature="()" line-rate="1" branch-rate="1" complexity="1">
              <lines>
                <line number="24" hits="3" branch="false" />
              </lines>
            </method>
          </methods>
          <lines>
            <line number="17" hits="0" branch="false" />
            <line number="20" hits="2" branch="false" />
            <line number="21" hits="1" branch="false" />
            <line number="23" hits="2" branch="false" />
            <line number="24" hits="3" branch="false" />
          </lines>
        </class>
        <class name="PeakFit.Core.Models.TrainingProgramModels.AllTrainingProgramQueryModel" filename="D:\PeakFit\PeakFit\PeakFit.Core\Models\TrainingProgramModels\AllTrainingProgramQueryModel.cs" line-rate="0" branch-rate="1" complexity="8">
          <methods>
            <method name="get_Search" signature="()" line-rate="0" branch-rate="1" complexity="1">
              <lines>
                <line number="15" hits="0" branch="false" />
              </lines>
            </method>
            <method name="get_Sorting" signature="()" line-rate="0" branch-rate="1" complexity="1">
              <lines>
                <line number="16" hits="0" branch="false" />
              </lines>
            </method>
            <method name="get_CurrentPage" signature="()" line-rate="0" branch-rate="1" complexity="1">
              <lines>
                <line number="17" hits="0" branch="false" />
              </lines>
            </method>
            <method name="get_TotalTrainingProgramsCount" signature="()" line-rate="0" branch-rate="1" complexity="1">
              <lines>
                <line number="19" hits="0" branch="false" />
              </lines>
            </method>
            <method name="get_Category" signature="()" line-rate="0" branch-rate="1" complexity="1">
              <lines>
                <line number="20" hits="0" branch="false" />
              </lines>
            </method>
            <method name="get_Categories" signature="()" line-rate="0" branch-rate="1" complexity="1">
              <lines>
                <line number="21" hits="0" branch="false" />
              </lines>
            </method>
            <method name="get_TrainingPrograms" signature="()" line-rate="0" branch-rate="1" complexity="1">
              <lines>
                <line number="22" hits="0" branch="false" />
              </lines>
            </method>
            <method name="get_TrainingProgramPerPage" signature="()" line-rate="0" branch-rate="1" complexity="1">
              <lines>
                <line number="24" hits="0" branch="false" />
              </lines>
            </method>
          </methods>
          <lines>
            <line number="15" hits="0" branch="false" />
            <line number="16" hits="0" branch="false" />
            <line number="17" hits="0" branch="false" />
            <line number="19" hits="0" branch="false" />
            <line number="20" hits="0" branch="false" />
            <line number="21" hits="0" branch="false" />
            <line number="22" hits="0" branch="false" />
            <line number="24" hits="0" branch="false" />
          </lines>
        </class>
        <class name="PeakFit.Core.Models.TrainingProgramModels.AllTrainingProgramsInfoModel" filename="D:\PeakFit\PeakFit\PeakFit.Core\Models\TrainingProgramModels\AllTrainingProgramsInfoModel.cs" line-rate="0" branch-rate="1" complexity="8">
          <methods>
            <method name="get_Id" signature="()" line-rate="0" branch-rate="1" complexity="1">
              <lines>
                <line number="14" hits="0" branch="false" />
              </lines>
            </method>
            <method name="get_CategoryId" signature="()" line-rate="0" branch-rate="1" complexity="1">
              <lines>
                <line number="16" hits="0" branch="false" />
              </lines>
            </method>
            <method name="get_CategoryName" signature="()" line-rate="0" branch-rate="1" complexity="1">
              <lines>
                <line number="18" hits="0" branch="false" />
              </lines>
            </method>
            <method name="get_ImageUrl" signature="()" line-rate="0" branch-rate="1" complexity="1">
              <lines>
                <line number="20" hits="0" branch="false" />
              </lines>
            </method>
            <method name="get_TrainerId" signature="()" line-rate="0" branch-rate="1" complexity="1">
              <lines>
                <line number="22" hits="0" branch="false" />
              </lines>
            </method>
            <method name="get_TrainerUserName" signature="()" line-rate="0" branch-rate="1" complexity="1">
              <lines>
                <line number="24" hits="0" branch="false" />
              </lines>
            </method>
            <method name="get_Ratings" signature="()" line-rate="0" branch-rate="1" complexity="1">
              <lines>
                <line number="26" hits="0" branch="false" />
              </lines>
            </method>
            <method name=".ctor" signature="()" line-rate="0" branch-rate="1" complexity="1">
              <lines>
                <line number="28" hits="0" branch="false" />
              </lines>
            </method>
          </methods>
          <lines>
            <line number="14" hits="0" branch="false" />
            <line number="16" hits="0" branch="false" />
            <line number="18" hits="0" branch="false" />
            <line number="20" hits="0" branch="false" />
            <line number="22" hits="0" branch="false" />
            <line number="24" hits="0" branch="false" />
            <line number="26" hits="0" branch="false" />
            <line number="28" hits="0" branch="false" />
          </lines>
        </class>
        <class name="PeakFit.Core.Models.TrainingProgramModels.EditTrainingProgramViewModel" filename="D:\PeakFit\PeakFit\PeakFit.Core\Models\TrainingProgramModels\EditTrainingProgramViewModel.cs" line-rate="1" branch-rate="1" complexity="4">
          <methods>
            <method name="get_Id" signature="()" line-rate="1" branch-rate="1" complexity="1">
              <lines>
                <line number="15" hits="1" branch="false" />
              </lines>
            </method>
            <method name="get_CategoryId" signature="()" line-rate="1" branch-rate="1" complexity="1">
              <lines>
                <line number="18" hits="1" branch="false" />
              </lines>
            </method>
            <method name="get_ImageUrl" signature="()" line-rate="1" branch-rate="1" complexity="1">
              <lines>
                <line number="20" hits="2" branch="false" />
              </lines>
            </method>
            <method name="get_ProgramExercises" signature="()" line-rate="1" branch-rate="1" complexity="1">
              <lines>
                <line number="21" hits="3" branch="false" />
              </lines>
            </method>
          </methods>
          <lines>
            <line number="15" hits="1" branch="false" />
            <line number="18" hits="1" branch="false" />
            <line number="20" hits="2" branch="false" />
            <line number="21" hits="3" branch="false" />
          </lines>
        </class>
        <class name="PeakFit.Core.Models.TrainingProgramModels.TrainingProgramDetailsModel" filename="D:\PeakFit\PeakFit\PeakFit.Core\Models\TrainingProgramModels\TrainingProgramDetailsModel.cs" line-rate="1" branch-rate="1" complexity="10">
          <methods>
            <method name="get_Id" signature="()" line-rate="1" branch-rate="1" complexity="1">
              <lines>
                <line number="16" hits="2" branch="false" />
              </lines>
            </method>
            <method name="get_Title" signature="()" line-rate="1" branch-rate="1" complexity="1">
              <lines>
                <line number="19" hits="1" branch="false" />
              </lines>
            </method>
            <method name="get_CategoryId" signature="()" line-rate="1" branch-rate="1" complexity="1">
              <lines>
                <line number="21" hits="2" branch="false" />
              </lines>
            </method>
            <method name="get_CategoryName" signature="()" line-rate="1" branch-rate="1" complexity="1">
              <lines>
                <line number="23" hits="2" branch="false" />
              </lines>
            </method>
            <method name="get_ImageUrl" signature="()" line-rate="1" branch-rate="1" complexity="1">
              <lines>
                <line number="25" hits="3" branch="false" />
              </lines>
            </method>
            <method name="get_TrainerId" signature="()" line-rate="1" branch-rate="1" complexity="1">
              <lines>
                <line number="27" hits="3" branch="false" />
              </lines>
            </method>
            <method name="get_TrainerName" signature="()" line-rate="1" branch-rate="1" complexity="1">
              <lines>
                <line number="29" hits="2" branch="false" />
              </lines>
            </method>
            <method name="get_Ratings" signature="()" line-rate="1" branch-rate="1" complexity="1">
              <lines>
                <line number="31" hits="3" branch="false" />
              </lines>
            </method>
            <method name="get_Exercises" signature="()" line-rate="1" branch-rate="1" complexity="1">
              <lines>
                <line number="33" hits="3" branch="false" />
              </lines>
            </method>
            <method name=".ctor" signature="()" line-rate="1" branch-rate="1" complexity="1">
              <lines>
                <line number="35" hits="1" branch="false" />
              </lines>
            </method>
          </methods>
          <lines>
            <line number="16" hits="2" branch="false" />
            <line number="19" hits="1" branch="false" />
            <line number="21" hits="2" branch="false" />
            <line number="23" hits="2" branch="false" />
            <line number="25" hits="3" branch="false" />
            <line number="27" hits="3" branch="false" />
            <line number="29" hits="2" branch="false" />
            <line number="31" hits="3" branch="false" />
            <line number="33" hits="3" branch="false" />
            <line number="35" hits="1" branch="false" />
          </lines>
        </class>
        <class name="PeakFit.Core.Models.TrainingProgramModels.TrainingProgramQueryServiceModel" filename="D:\PeakFit\PeakFit\PeakFit.Core\Models\TrainingProgramModels\TrainingProgramQueryServiceModel.cs" line-rate="1" branch-rate="1" complexity="2">
          <methods>
            <method name="get_TotalTrainingProgramsCount" signature="()" line-rate="1" branch-rate="1" complexity="1">
              <lines>
                <line number="11" hits="10" branch="false" />
              </lines>
            </method>
            <method name="get_TrainingPrograms" signature="()" line-rate="1" branch-rate="1" complexity="1">
              <lines>
                <line number="13" hits="32" branch="false" />
              </lines>
            </method>
          </methods>
          <lines>
            <line number="11" hits="10" branch="false" />
            <line number="13" hits="32" branch="false" />
          </lines>
        </class>
        <class name="PeakFit.Core.Models.TrainingProgramModels.TrainingProgramServiceModel" filename="D:\PeakFit\PeakFit\PeakFit.Core\Models\TrainingProgramModels\TrainingProgramServiceModel.cs" line-rate="1" branch-rate="1" complexity="9">
          <methods>
            <method name="get_Id" signature="()" line-rate="1" branch-rate="1" complexity="1">
              <lines>
                <line number="14" hits="10" branch="false" />
              </lines>
            </method>
            <method name="get_CategoryId" signature="()" line-rate="1" branch-rate="1" complexity="1">
              <lines>
                <line number="16" hits="10" branch="false" />
              </lines>
            </method>
            <method name="get_CategoryName" signature="()" line-rate="1" branch-rate="1" complexity="1">
              <lines>
                <line number="18" hits="14" branch="false" />
              </lines>
            </method>
            <method name="get_ImageUrl" signature="()" line-rate="1" branch-rate="1" complexity="1">
              <lines>
                <line number="20" hits="17" branch="false" />
              </lines>
            </method>
            <method name="get_TrainerId" signature="()" line-rate="1" branch-rate="1" complexity="1">
              <lines>
                <line number="22" hits="17" branch="false" />
              </lines>
            </method>
            <method name="get_TrainerUserName" signature="()" line-rate="1" branch-rate="1" complexity="1">
              <lines>
                <line number="24" hits="14" branch="false" />
              </lines>
            </method>
            <method name="get_Ratings" signature="()" line-rate="1" branch-rate="1" complexity="1">
              <lines>
                <line number="26" hits="17" branch="false" />
              </lines>
            </method>
            <method name="get_ExerciseCount" signature="()" line-rate="1" branch-rate="1" complexity="1">
              <lines>
                <line number="29" hits="10" branch="false" />
              </lines>
            </method>
            <method name=".ctor" signature="()" line-rate="1" branch-rate="1" complexity="1">
              <lines>
                <line number="28" hits="7" branch="false" />
              </lines>
            </method>
          </methods>
          <lines>
            <line number="14" hits="10" branch="false" />
            <line number="16" hits="10" branch="false" />
            <line number="18" hits="14" branch="false" />
            <line number="20" hits="17" branch="false" />
            <line number="22" hits="17" branch="false" />
            <line number="24" hits="14" branch="false" />
            <line number="26" hits="17" branch="false" />
            <line number="28" hits="7" branch="false" />
            <line number="29" hits="10" branch="false" />
          </lines>
        </class>
        <class name="PeakFit.Core.Services.AdminService" filename="D:\PeakFit\PeakFit\PeakFit.Core\Services\AdminService.cs" line-rate="1" branch-rate="1" complexity="5">
          <methods>
            <method name=".ctor" signature="(...)" line-rate="1" branch-rate="1" complexity="1">
              <lines>
                <line number="13" hits="1" branch="false" />
              </lines>
            </method>
            <method name="PanelInformationAsync" signature="()" line-rate="1" branch-rate="1" complexity="4">
              <lines>
                <line number="18" hits="1" branch="false" />
                <line number="19" hits="1" branch="false" />
                <line number="20" hits="1" branch="false" />
                <line number="21" hits="7" branch="true" condition-coverage="100% (2/2)" />
                <line number="22" hits="2" branch="false" />
                <line number="23" hits="2" branch="true" condition-coverage="100% (2/2)" />
                <line number="24" hits="1" branch="false" />
                <line number="25" hits="1" branch="false" />
                <line number="26" hits="1" branch="false" />
                <line number="28" hits="1" branch="false" />
                <line number="29" hits="1" branch="false" />
                <line number="30" hits="1" branch="false" />
                <line number="31" hits="2" branch="false" />
                <line number="33" hits="1" branch="false" />
                <line number="34" hits="1" branch="false" />
                <line number="38" hits="1" branch="false" />
                <line number="39" hits="1" branch="false" />
                <line number="40" hits="1" branch="false" />
                <line number="41" hits="1" branch="false" />
                <line number="42" hits="1" branch="false" />
                <line number="43" hits="1" branch="false" />
                <line number="44" hits="1" branch="false" />
                <line number="45" hits="1" branch="false" />
                <line number="46" hits="1" branch="false" />
                <line number="47" hits="1" branch="false" />
                <line number="48" hits="1" branch="false" />
                <line number="49" hits="1" branch="false" />
                <line number="50" hits="1" branch="false" />
                <line number="51" hits="1" branch="false" />
                <line number="52" hits="1" branch="false" />
                <line number="53" hits="1" branch="false" />
                <line number="54" hits="1" branch="false" />
                <line number="55" hits="1" branch="false" />
                <line number="56" hits="1" branch="false" />
                <line number="57" hits="1" branch="false" />
                <line number="58" hits="1" branch="false" />
                <line number="59" hits="1" branch="false" />
                <line number="60" hits="1" branch="false" />
                <line number="61" hits="1" branch="false" />
                <line number="62" hits="1" branch="false" />
                <line number="63" hits="1" branch="false" />
                <line number="64" hits="1" branch="false" />
                <line number="65" hits="1" branch="false" />
                <line number="66" hits="1" branch="false" />
                <line number="67" hits="1" branch="false" />
                <line number="68" hits="1" branch="false" />
                <line number="69" hits="1" branch="false" />
                <line number="70" hits="1" branch="false" />
                <line number="71" hits="1" branch="false" />
                <line number="72" hits="1" branch="false" />
              </lines>
            </method>
          </methods>
          <lines>
            <line number="13" hits="1" branch="false" />
            <line number="18" hits="1" branch="false" />
            <line number="19" hits="1" branch="false" />
            <line number="20" hits="1" branch="false" />
            <line number="21" hits="7" branch="true" condition-coverage="100% (2/2)" />
            <line number="22" hits="2" branch="false" />
            <line number="23" hits="2" branch="true" condition-coverage="100% (2/2)" />
            <line number="24" hits="1" branch="false" />
            <line number="25" hits="1" branch="false" />
            <line number="26" hits="1" branch="false" />
            <line number="28" hits="1" branch="false" />
            <line number="29" hits="1" branch="false" />
            <line number="30" hits="1" branch="false" />
            <line number="31" hits="2" branch="false" />
            <line number="33" hits="1" branch="false" />
            <line number="34" hits="1" branch="false" />
            <line number="38" hits="1" branch="false" />
            <line number="39" hits="1" branch="false" />
            <line number="40" hits="1" branch="false" />
            <line number="41" hits="1" branch="false" />
            <line number="42" hits="1" branch="false" />
            <line number="43" hits="1" branch="false" />
            <line number="44" hits="1" branch="false" />
            <line number="45" hits="1" branch="false" />
            <line number="46" hits="1" branch="false" />
            <line number="47" hits="1" branch="false" />
            <line number="48" hits="1" branch="false" />
            <line number="49" hits="1" branch="false" />
            <line number="50" hits="1" branch="false" />
            <line number="51" hits="1" branch="false" />
            <line number="52" hits="1" branch="false" />
            <line number="53" hits="1" branch="false" />
            <line number="54" hits="1" branch="false" />
            <line number="55" hits="1" branch="false" />
            <line number="56" hits="1" branch="false" />
            <line number="57" hits="1" branch="false" />
            <line number="58" hits="1" branch="false" />
            <line number="59" hits="1" branch="false" />
            <line number="60" hits="1" branch="false" />
            <line number="61" hits="1" branch="false" />
            <line number="62" hits="1" branch="false" />
            <line number="63" hits="1" branch="false" />
            <line number="64" hits="1" branch="false" />
            <line number="65" hits="1" branch="false" />
            <line number="66" hits="1" branch="false" />
            <line number="67" hits="1" branch="false" />
            <line number="68" hits="1" branch="false" />
            <line number="69" hits="1" branch="false" />
            <line number="70" hits="1" branch="false" />
            <line number="71" hits="1" branch="false" />
            <line number="72" hits="1" branch="false" />
          </lines>
        </class>
        <class name="PeakFit.Core.Services.ApplicationUserService" filename="D:\PeakFit\PeakFit\PeakFit.Core\Services\ApplicationUserService.cs" line-rate="0.736641221374046" branch-rate="0.692307692307692" complexity="69">
          <methods>
            <method name=".ctor" signature="(...)" line-rate="1" branch-rate="1" complexity="1">
              <lines>
                <line number="17" hits="31" branch="false" />
              </lines>
            </method>
            <method name="AllUsersAsync" signature="()" line-rate="0.923076923076923" branch-rate="0.846153846153846" complexity="13">
              <lines>
                <line number="21" hits="8" branch="false" />
                <line number="22" hits="8" branch="false" />
                <line number="24" hits="8" branch="true" condition-coverage="50% (1/2)" />
                <line number="25" hits="0" branch="false" />
                <line number="26" hits="0" branch="false" />
                <line number="27" hits="0" branch="false" />
                <line number="28" hits="0" branch="false" />
                <line number="30" hits="8" branch="true" condition-coverage="100% (2/2)" />
                <line number="31" hits="1" branch="false" />
                <line number="32" hits="1" branch="false" />
                <line number="33" hits="1" branch="false" />
                <line number="34" hits="1" branch="false" />
                <line number="36" hits="8" branch="true" condition-coverage="100% (2/2)" />
                <line number="37" hits="1" branch="false" />
                <line number="38" hits="1" branch="false" />
                <line number="39" hits="1" branch="false" />
                <line number="40" hits="1" branch="false" />
                <line number="42" hits="8" branch="true" condition-coverage="86% (6/7)" />
                <line number="43" hits="8" branch="false" />
                <line number="44" hits="1" branch="false" />
                <line number="45" hits="1" branch="false" />
                <line number="46" hits="3" branch="false" />
                <line number="47" hits="3" branch="false" />
                <line number="48" hits="1" branch="false" />
                <line number="49" hits="1" branch="false" />
                <line number="50" hits="1" branch="false" />
                <line number="51" hits="1" branch="false" />
                <line number="52" hits="1" branch="false" />
                <line number="53" hits="1" branch="false" />
                <line number="54" hits="1" branch="false" />
                <line number="55" hits="1" branch="false" />
                <line number="56" hits="8" branch="false" />
                <line number="58" hits="8" branch="false" />
                <line number="59" hits="8" branch="false" />
                <line number="60" hits="8" branch="false" />
                <line number="61" hits="8" branch="false" />
                <line number="62" hits="8" branch="false" />
                <line number="63" hits="8" branch="false" />
                <line number="64" hits="8" branch="false" />
                <line number="65" hits="8" branch="false" />
                <line number="66" hits="8" branch="false" />
                <line number="67" hits="8" branch="false" />
                <line number="68" hits="8" branch="false" />
                <line number="69" hits="8" branch="false" />
                <line number="70" hits="8" branch="false" />
                <line number="72" hits="8" branch="false" />
                <line number="74" hits="8" branch="false" />
                <line number="75" hits="8" branch="false" />
                <line number="76" hits="8" branch="false" />
                <line number="77" hits="8" branch="false" />
                <line number="78" hits="8" branch="false" />
                <line number="79" hits="8" branch="false" />
              </lines>
            </method>
            <method name="DeleteAsync" signature="()" line-rate="0.329545454545455" branch-rate="0.363636363636364" complexity="22">
              <lines>
                <line number="82" hits="7" branch="false" />
                <line number="83" hits="7" branch="false" />
                <line number="85" hits="7" branch="true" condition-coverage="100% (2/2)" />
                <line number="86" hits="7" branch="false" />
                <line number="88" hits="7" branch="true" condition-coverage="50% (1/2)" />
                <line number="89" hits="0" branch="false" />
                <line number="90" hits="0" branch="false" />
                <line number="91" hits="0" branch="false" />
                <line number="92" hits="0" branch="false" />
                <line number="94" hits="0" branch="true" condition-coverage="0% (0/2)" />
                <line number="95" hits="0" branch="false" />
                <line number="96" hits="0" branch="false" />
                <line number="97" hits="0" branch="false" />
                <line number="98" hits="0" branch="false" />
                <line number="99" hits="0" branch="true" condition-coverage="0% (0/2)" />
                <line number="100" hits="0" branch="false" />
                <line number="101" hits="0" branch="false" />
                <line number="102" hits="0" branch="false" />
                <line number="103" hits="0" branch="false" />
                <line number="104" hits="0" branch="false" />
                <line number="107" hits="0" branch="false" />
                <line number="108" hits="0" branch="false" />
                <line number="109" hits="0" branch="false" />
                <line number="110" hits="0" branch="true" condition-coverage="0% (0/2)" />
                <line number="111" hits="0" branch="false" />
                <line number="112" hits="0" branch="false" />
                <line number="113" hits="0" branch="false" />
                <line number="114" hits="0" branch="false" />
                <line number="116" hits="0" branch="true" condition-coverage="0% (0/2)" />
                <line number="117" hits="0" branch="false" />
                <line number="118" hits="0" branch="false" />
                <line number="119" hits="0" branch="false" />
                <line number="120" hits="0" branch="false" />
                <line number="121" hits="0" branch="false" />
                <line number="122" hits="0" branch="false" />
                <line number="124" hits="0" branch="true" condition-coverage="0% (0/2)" />
                <line number="125" hits="0" branch="false" />
                <line number="126" hits="0" branch="false" />
                <line number="127" hits="0" branch="false" />
                <line number="128" hits="0" branch="false" />
                <line number="129" hits="0" branch="false" />
                <line number="130" hits="0" branch="false" />
                <line number="131" hits="0" branch="false" />
                <line number="132" hits="0" branch="false" />
                <line number="134" hits="0" branch="false" />
                <line number="135" hits="0" branch="false" />
                <line number="136" hits="0" branch="false" />
                <line number="137" hits="0" branch="true" condition-coverage="0% (0/2)" />
                <line number="138" hits="0" branch="false" />
                <line number="139" hits="0" branch="false" />
                <line number="140" hits="0" branch="false" />
                <line number="141" hits="0" branch="false" />
                <line number="142" hits="0" branch="false" />
                <line number="143" hits="0" branch="false" />
                <line number="144" hits="0" branch="false" />
                <line number="145" hits="0" branch="false" />
                <line number="147" hits="7" branch="false" />
                <line number="148" hits="7" branch="false" />
                <line number="149" hits="7" branch="false" />
                <line number="150" hits="7" branch="false" />
                <line number="151" hits="21" branch="true" condition-coverage="50% (1/2)" />
                <line number="152" hits="0" branch="false" />
                <line number="153" hits="0" branch="false" />
                <line number="154" hits="0" branch="false" />
                <line number="155" hits="0" branch="false" />
                <line number="156" hits="0" branch="false" />
                <line number="157" hits="0" branch="false" />
                <line number="158" hits="0" branch="false" />
                <line number="159" hits="0" branch="false" />
                <line number="160" hits="7" branch="false" />
                <line number="161" hits="7" branch="false" />
                <line number="162" hits="7" branch="false" />
                <line number="163" hits="23" branch="true" condition-coverage="100% (2/2)" />
                <line number="164" hits="1" branch="false" />
                <line number="165" hits="1" branch="false" />
                <line number="166" hits="1" branch="false" />
                <line number="167" hits="7" branch="false" />
                <line number="168" hits="7" branch="false" />
                <line number="169" hits="7" branch="false" />
                <line number="170" hits="23" branch="true" condition-coverage="100% (2/2)" />
                <line number="171" hits="1" branch="false" />
                <line number="172" hits="1" branch="false" />
                <line number="173" hits="1" branch="false" />
                <line number="175" hits="7" branch="false" />
                <line number="176" hits="7" branch="false" />
                <line number="177" hits="7" branch="false" />
                <line number="179" hits="7" branch="false" />
                <line number="182" hits="7" branch="false" />
              </lines>
            </method>
            <method name="DemoteUserAsync" signature="()" line-rate="1" branch-rate="1" complexity="18">
              <lines>
                <line number="185" hits="3" branch="false" />
                <line number="186" hits="3" branch="false" />
                <line number="188" hits="3" branch="true" condition-coverage="100% (2/2)" />
                <line number="189" hits="3" branch="false" />
                <line number="190" hits="3" branch="true" condition-coverage="100% (2/2)" />
                <line number="191" hits="2" branch="false" />
                <line number="192" hits="2" branch="false" />
                <line number="193" hits="2" branch="false" />
                <line number="194" hits="3" branch="true" condition-coverage="100% (2/2)" />
                <line number="195" hits="1" branch="false" />
                <line number="196" hits="1" branch="false" />
                <line number="197" hits="1" branch="false" />
                <line number="198" hits="3" branch="false" />
                <line number="199" hits="3" branch="false" />
                <line number="200" hits="3" branch="false" />
                <line number="201" hits="3" branch="false" />
                <line number="203" hits="11" branch="true" condition-coverage="100% (2/2)" />
                <line number="204" hits="1" branch="false" />
                <line number="205" hits="1" branch="false" />
                <line number="206" hits="1" branch="false" />
                <line number="207" hits="1" branch="false" />
                <line number="208" hits="5" branch="true" condition-coverage="100% (2/2)" />
                <line number="209" hits="1" branch="false" />
                <line number="210" hits="1" branch="false" />
                <line number="211" hits="1" branch="false" />
                <line number="212" hits="1" branch="false" />
                <line number="213" hits="1" branch="false" />
                <line number="216" hits="3" branch="false" />
                <line number="217" hits="3" branch="false" />
                <line number="218" hits="3" branch="false" />
                <line number="219" hits="11" branch="true" condition-coverage="100% (2/2)" />
                <line number="220" hits="1" branch="false" />
                <line number="221" hits="1" branch="false" />
                <line number="222" hits="1" branch="false" />
                <line number="223" hits="1" branch="false" />
                <line number="225" hits="5" branch="true" condition-coverage="100% (2/2)" />
                <line number="226" hits="1" branch="false" />
                <line number="227" hits="1" branch="false" />
                <line number="228" hits="1" branch="false" />
                <line number="229" hits="1" branch="false" />
                <line number="230" hits="1" branch="false" />
                <line number="231" hits="1" branch="false" />
                <line number="233" hits="5" branch="true" condition-coverage="100% (2/2)" />
                <line number="234" hits="1" branch="false" />
                <line number="235" hits="1" branch="false" />
                <line number="236" hits="1" branch="false" />
                <line number="238" hits="1" branch="false" />
                <line number="239" hits="1" branch="false" />
                <line number="240" hits="1" branch="false" />
                <line number="241" hits="7" branch="true" condition-coverage="100% (2/2)" />
                <line number="242" hits="2" branch="false" />
                <line number="243" hits="2" branch="false" />
                <line number="244" hits="2" branch="false" />
                <line number="245" hits="1" branch="false" />
                <line number="246" hits="1" branch="false" />
                <line number="247" hits="3" branch="false" />
                <line number="248" hits="3" branch="false" />
                <line number="249" hits="3" branch="false" />
                <line number="250" hits="3" branch="false" />
              </lines>
            </method>
            <method name="ExistsAsync" signature="()" line-rate="1" branch-rate="1" complexity="1">
              <lines>
                <line number="253" hits="2" branch="false" />
                <line number="254" hits="2" branch="false" />
                <line number="255" hits="2" branch="false" />
                <line number="256" hits="2" branch="false" />
              </lines>
            </method>
            <method name="IsAdminAsync" signature="()" line-rate="0.857142857142857" branch-rate="0.5" complexity="2">
              <lines>
                <line number="259" hits="2" branch="false" />
                <line number="260" hits="2" branch="false" />
                <line number="262" hits="2" branch="true" condition-coverage="50% (1/2)" />
                <line number="263" hits="2" branch="false" />
                <line number="264" hits="2" branch="false" />
                <line number="267" hits="0" branch="false" />
                <line number="268" hits="2" branch="false" />
              </lines>
            </method>
            <method name="IsTrainerAsync" signature="()" line-rate="0.857142857142857" branch-rate="0.5" complexity="2">
              <lines>
                <line number="270" hits="2" branch="false" />
                <line number="271" hits="2" branch="false" />
                <line number="273" hits="2" branch="true" condition-coverage="50% (1/2)" />
                <line number="274" hits="2" branch="false" />
                <line number="275" hits="2" branch="false" />
                <line number="278" hits="0" branch="false" />
                <line number="279" hits="2" branch="false" />
              </lines>
            </method>
            <method name="IsUserAsync" signature="()" line-rate="0.857142857142857" branch-rate="0.5" complexity="2">
              <lines>
                <line number="281" hits="2" branch="false" />
                <line number="282" hits="2" branch="false" />
                <line number="284" hits="2" branch="true" condition-coverage="50% (1/2)" />
                <line number="285" hits="2" branch="false" />
                <line number="286" hits="2" branch="false" />
                <line number="289" hits="0" branch="false" />
                <line number="290" hits="2" branch="false" />
              </lines>
            </method>
[...]
                <line number="131" hits="14" branch="false" />
                <line number="132" hits="14" branch="false" />
                <line number="133" hits="14" branch="false" />
                <line number="134" hits="14" branch="false" />
                <line number="135" hits="14" branch="false" />
                <line number="137" hits="14" branch="false" />
                <line number="138" hits="14" branch="false" />
                <line number="139" hits="14" branch="false" />
                <line number="140" hits="14" branch="false" />
                <line number="141" hits="14" branch="false" />
                <line number="142" hits="14" branch="false" />
                <line number="144" hits="14" branch="false" />
                <line number="145" hits="14" branch="false" />
                <line number="146" hits="14" branch="false" />
                <line number="147" hits="14" branch="false" />
                <line number="148" hits="14" branch="false" />
                <line number="149" hits="14" branch="false" />
                <line number="150" hits="14" branch="false" />
                <line number="151" hits="14" branch="false" />
                <line number="152" hits="14" branch="false" />
                <line number="153" hits="14" branch="false" />
                <line number="154" hits="14" branch="false" />
                <line number="155" hits="14" branch="false" />
                <line number="156" hits="14" branch="false" />
                <line number="157" hits="14" branch="false" />
                <line number="158" hits="14" branch="false" />
                <line number="159" hits="14" branch="false" />
                <line number="160" hits="14" branch="false" />
                <line number="161" hits="14" branch="false" />
                <line number="162" hits="14" branch="false" />
                <line number="163" hits="14" branch="false" />
                <line number="164" hits="14" branch="false" />
                <line number="165" hits="14" branch="false" />
                <line number="167" hits="14" branch="false" />
                <line number="168" hits="14" branch="false" />
                <line number="169" hits="14" branch="false" />
                <line number="170" hits="14" branch="false" />
                <line number="171" hits="14" branch="false" />
                <line number="172" hits="14" branch="false" />
                <line number="173" hits="14" branch="false" />
                <line number="174" hits="14" branch="false" />
                <line number="175" hits="14" branch="false" />
                <line number="176" hits="14" branch="false" />
                <line number="178" hits="14" branch="false" />
                <line number="179" hits="14" branch="false" />
                <line number="180" hits="14" branch="false" />
                <line number="182" hits="14" branch="false" />
                <line number="183" hits="14" branch="false" />
                <line number="184" hits="14" branch="false" />
                <line number="185" hits="14" branch="false" />
                <line number="186" hits="14" branch="false" />
                <line number="188" hits="14" branch="false" />
                <line number="190" hits="14" branch="false" />
                <line number="191" hits="14" branch="false" />
                <line number="193" hits="14" branch="false" />
                <line number="194" hits="14" branch="false" />
                <line number="196" hits="14" branch="false" />
                <line number="197" hits="14" branch="false" />
                <line number="199" hits="14" branch="false" />
                <line number="200" hits="14" branch="false" />
                <line number="202" hits="14" branch="false" />
                <line number="203" hits="14" branch="false" />
                <line number="205" hits="14" branch="false" />
                <line number="207" hits="14" branch="false" />
                <line number="208" hits="14" branch="false" />
                <line number="210" hits="14" branch="false" />
              </lines>
            </method>
            <method name="TearDown" signature="()" line-rate="1" branch-rate="1" complexity="1">
              <lines>
                <line number="213" hits="14" branch="false" />
                <line number="214" hits="14" branch="false" />
                <line number="215" hits="14" branch="false" />
                <line number="216" hits="14" branch="false" />
              </lines>
            </method>
          </methods>
          <lines>
            <line number="51" hits="14" branch="false" />
            <line number="53" hits="14" branch="false" />
            <line number="54" hits="14" branch="false" />
            <line number="55" hits="14" branch="false" />
            <line number="56" hits="14" branch="false" />
            <line number="57" hits="14" branch="false" />
            <line number="58" hits="14" branch="false" />
            <line number="59" hits="14" branch="false" />
            <line number="60" hits="14" branch="false" />
            <line number="61" hits="14" branch="false" />
            <line number="62" hits="14" branch="false" />
            <line number="63" hits="14" branch="false" />
            <line number="64" hits="14" branch="false" />
            <line number="65" hits="14" branch="false" />
            <line number="66" hits="14" branch="false" />
            <line number="67" hits="14" branch="false" />
            <line number="68" hits="14" branch="false" />
            <line number="69" hits="14" branch="false" />
            <line number="70" hits="14" branch="false" />
            <line number="71" hits="14" branch="false" />
            <line number="72" hits="14" branch="false" />
            <line number="73" hits="14" branch="false" />
            <line number="74" hits="14" branch="false" />
            <line number="75" hits="14" branch="false" />
            <line number="76" hits="14" branch="false" />
            <line number="77" hits="14" branch="false" />
            <line number="78" hits="14" branch="false" />
            <line number="79" hits="14" branch="false" />
            <line number="80" hits="14" branch="false" />
            <line number="81" hits="14" branch="false" />
            <line number="82" hits="14" branch="false" />
            <line number="83" hits="14" branch="false" />
            <line number="84" hits="14" branch="false" />
            <line number="85" hits="14" branch="false" />
            <line number="86" hits="14" branch="false" />
            <line number="87" hits="14" branch="false" />
            <line number="88" hits="14" branch="false" />
            <line number="89" hits="14" branch="false" />
            <line number="90" hits="14" branch="false" />
            <line number="91" hits="14" branch="false" />
            <line number="92" hits="14" branch="false" />
            <line number="93" hits="14" branch="false" />
            <line number="94" hits="14" branch="false" />
            <line number="95" hits="14" branch="false" />
            <line number="96" hits="14" branch="false" />
            <line number="97" hits="14" branch="false" />
            <line number="98" hits="14" branch="false" />
            <line number="101" hits="14" branch="false" />
            <line number="102" hits="14" branch="false" />
            <line number="103" hits="14" branch="false" />
            <line number="104" hits="14" branch="false" />
            <line number="105" hits="14" branch="false" />
            <line number="107" hits="14" branch="false" />
            <line number="108" hits="14" branch="false" />
            <line number="109" hits="14" branch="false" />
            <line number="110" hits="14" branch="false" />
            <line number="111" hits="14" branch="false" />
            <line number="112" hits="14" branch="false" />
            <line number="113" hits="14" branch="false" />
            <line number="114" hits="14" branch="false" />
            <line number="115" hits="14" branch="false" />
            <line number="116" hits="14" branch="false" />
            <line number="117" hits="14" branch="false" />
            <line number="118" hits="14" branch="false" />
            <line number="119" hits="14" branch="false" />
            <line number="120" hits="14" branch="false" />
            <line number="122" hits="14" branch="false" />
            <line number="123" hits="14" branch="false" />
            <line number="124" hits="14" branch="false" />
            <line number="125" hits="14" branch="false" />
            <line number="126" hits="14" branch="false" />
            <line number="127" hits="14" branch="false" />
            <line number="128" hits="14" branch="false" />
            <line number="129" hits="14" branch="false" />
            <line number="130" hits="14" branch="false" />
            <line number="131" hits="14" branch="false" />
            <line number="132" hits="14" branch="false" />
            <line number="133" hits="14" branch="false" />
            <line number="134" hits="14" branch="false" />
            <line number="135" hits="14" branch="false" />
            <line number="137" hits="14" branch="false" />
            <line number="138" hits="14" branch="false" />
            <line number="139" hits="14" branch="false" />
            <line number="140" hits="14" branch="false" />
            <line number="141" hits="14" branch="false" />
            <line number="142" hits="14" branch="false" />
            <line number="144" hits="14" branch="false" />
            <line number="145" hits="14" branch="false" />
            <line number="146" hits="14" branch="false" />
            <line number="147" hits="14" branch="false" />
            <line number="148" hits="14" branch="false" />
            <line number="149" hits="14" branch="false" />
            <line number="150" hits="14" branch="false" />
            <line number="151" hits="14" branch="false" />
            <line number="152" hits="14" branch="false" />
            <line number="153" hits="14" branch="false" />
            <line number="154" hits="14" branch="false" />
            <line number="155" hits="14" branch="false" />
            <line number="156" hits="14" branch="false" />
            <line number="157" hits="14" branch="false" />
            <line number="158" hits="14" branch="false" />
            <line number="159" hits="14" branch="false" />
            <line number="160" hits="14" branch="false" />
            <line number="161" hits="14" branch="false" />
            <line number="162" hits="14" branch="false" />
            <line number="163" hits="14" branch="false" />
            <line number="164" hits="14" branch="false" />
            <line number="165" hits="14" branch="false" />
            <line number="167" hits="14" branch="false" />
            <line number="168" hits="14" branch="false" />
            <line number="169" hits="14" branch="false" />
            <line number="170" hits="14" branch="false" />
            <line number="171" hits="14" branch="false" />
            <line number="172" hits="14" branch="false" />
            <line number="173" hits="14" branch="false" />
            <line number="174" hits="14" branch="false" />
            <line number="175" hits="14" branch="false" />
            <line number="176" hits="14" branch="false" />
            <line number="178" hits="14" branch="false" />
            <line number="179" hits="14" branch="false" />
            <line number="180" hits="14" branch="false" />
            <line number="182" hits="14" branch="false" />
            <line number="183" hits="14" branch="false" />
            <line number="184" hits="14" branch="false" />
            <line number="185" hits="14" branch="false" />
            <line number="186" hits="14" branch="false" />
            <line number="188" hits="14" branch="false" />
            <line number="190" hits="14" branch="false" />
            <line number="191" hits="14" branch="false" />
            <line number="193" hits="14" branch="false" />
            <line number="194" hits="14" branch="false" />
            <line number="196" hits="14" branch="false" />
            <line number="197" hits="14" branch="false" />
            <line number="199" hits="14" branch="false" />
            <line number="200" hits="14" branch="false" />
            <line number="202" hits="14" branch="false" />
            <line number="203" hits="14" branch="false" />
            <line number="205" hits="14" branch="false" />
            <line number="207" hits="14" branch="false" />
            <line number="208" hits="14" branch="false" />
            <line number="210" hits="14" branch="false" />
            <line number="213" hits="14" branch="false" />
            <line number="214" hits="14" branch="false" />
            <line number="215" hits="14" branch="false" />
            <line number="216" hits="14" branch="false" />
            <line number="219" hits="1" branch="false" />
            <line number="221" hits="1" branch="false" />
            <line number="223" hits="1" branch="false" />
            <line number="224" hits="1" branch="false" />
            <line number="225" hits="1" branch="false" />
            <line number="226" hits="1" branch="false" />
            <line number="227" hits="1" branch="false" />
            <line number="228" hits="1" branch="false" />
            <line number="230" hits="1" branch="false" />
            <line number="233" hits="1" branch="false" />
            <line number="235" hits="1" branch="false" />
            <line number="237" hits="1" branch="false" />
            <line number="238" hits="1" branch="false" />
            <line number="239" hits="1" branch="false" />
            <line number="242" hits="1" branch="false" />
            <line number="244" hits="1" branch="false" />
            <line number="246" hits="1" branch="false" />
            <line number="247" hits="1" branch="false" />
            <line number="248" hits="1" branch="false" />
            <line number="251" hits="1" branch="false" />
            <line number="253" hits="1" branch="false" />
            <line number="254" hits="1" branch="false" />
            <line number="255" hits="1" branch="false" />
            <line number="256" hits="1" branch="false" />
            <line number="257" hits="1" branch="false" />
            <line number="258" hits="1" branch="false" />
            <line number="259" hits="1" branch="false" />
            <line number="260" hits="1" branch="false" />
            <line number="261" hits="1" branch="false" />
            <line number="262" hits="1" branch="false" />
            <line number="263" hits="1" branch="false" />
            <line number="264" hits="1" branch="false" />
            <line number="265" hits="1" branch="false" />
            <line number="266" hits="1" branch="false" />
            <line number="268" hits="1" branch="false" />
            <line number="270" hits="1" branch="false" />
            <line number="271" hits="1" branch="false" />
            <line number="274" hits="1" branch="false" />
            <line number="276" hits="1" branch="false" />
            <line number="278" hits="1" branch="false" />
            <line number="279" hits="1" branch="false" />
            <line number="282" hits="1" branch="false" />
            <line number="284" hits="1" branch="false" />
            <line number="286" hits="1" branch="false" />
            <line number="287" hits="1" branch="false" />
            <line number="290" hits="1" branch="false" />
            <line number="292" hits="1" branch="false" />
            <line number="294" hits="1" branch="false" />
            <line number="295" hits="1" branch="false" />
            <line number="296" hits="1" branch="false" />
            <line number="297" hits="1" branch="false" />
            <line number="298" hits="1" branch="false" />
            <line number="299" hits="1" branch="false" />
            <line number="300" hits="1" branch="false" />
            <line number="302" hits="1" branch="false" />
            <line number="305" hits="1" branch="false" />
            <line number="307" hits="1" branch="false" />
            <line number="309" hits="1" branch="false" />
            <line number="310" hits="1" branch="false" />
            <line number="314" hits="1" branch="false" />
            <line number="316" hits="1" branch="false" />
            <line number="317" hits="1" branch="false" />
            <line number="319" hits="1" branch="false" />
            <line number="320" hits="1" branch="false" />
            <line number="325" hits="1" branch="false" />
            <line number="327" hits="1" branch="false" />
            <line number="329" hits="1" branch="false" />
            <line number="330" hits="1" branch="false" />
            <line number="331" hits="1" branch="false" />
            <line number="332" hits="1" branch="false" />
            <line number="333" hits="1" branch="false" />
            <line number="334" hits="1" branch="false" />
            <line number="335" hits="1" branch="false" />
            <line number="336" hits="1" branch="false" />
            <line number="339" hits="1" branch="false" />
            <line number="341" hits="1" branch="false" />
            <line number="342" hits="1" branch="false" />
            <line number="343" hits="1" branch="false" />
            <line number="344" hits="1" branch="false" />
            <line number="345" hits="1" branch="false" />
            <line number="346" hits="1" branch="false" />
            <line number="347" hits="1" branch="false" />
            <line number="348" hits="1" branch="false" />
            <line number="349" hits="1" branch="false" />
            <line number="350" hits="1" branch="false" />
            <line number="351" hits="1" branch="false" />
            <line number="352" hits="1" branch="false" />
            <line number="353" hits="1" branch="false" />
            <line number="354" hits="1" branch="false" />
            <line number="356" hits="1" branch="false" />
            <line number="357" hits="1" branch="false" />
            <line number="359" hits="1" branch="false" />
            <line number="360" hits="1" branch="false" />
            <line number="361" hits="1" branch="false" />
            <line number="362" hits="1" branch="false" />
            <line number="363" hits="1" branch="false" />
            <line number="364" hits="1" branch="false" />
            <line number="365" hits="1" branch="false" />
            <line number="368" hits="1" branch="false" />
            <line number="370" hits="1" branch="false" />
            <line number="372" hits="1" branch="false" />
            <line number="373" hits="1" branch="false" />
            <line number="374" hits="1" branch="false" />
            <line number="375" hits="1" branch="false" />
            <line number="376" hits="1" branch="false" />
            <line number="377" hits="1" branch="false" />
            <line number="378" hits="1" branch="false" />
            <line number="379" hits="1" branch="false" />
            <line number="382" hits="1" branch="false" />
            <line number="384" hits="1" branch="false" />
            <line number="386" hits="1" branch="false" />
            <line number="387" hits="1" branch="false" />
            <line number="390" hits="1" branch="false" />
            <line number="392" hits="1" branch="false" />
            <line number="394" hits="1" branch="false" />
            <line number="395" hits="1" branch="false" />
          </lines>
        </class>
      </classes>
    </package>
  </packages>
</coverage>