TpTrace Verbose: 0 : 29016, 1, 2024/12/06, 13:23:20.139, 18535389851433, vstest.console.dll, Version: 17.12.0-release-24508-01 Current process architecture: X64
TpTrace Verbose: 0 : 29016, 1, 2024/12/06, 13:23:20.141, 18535389871250, vstest.console.dll, Runtime location: C:\Program Files\dotnet\shared\Microsoft.NETCore.App\9.0.0
TpTrace Verbose: 0 : 29016, 1, 2024/12/06, 13:23:20.143, 18535389887928, vstest.console.dll, ArtifactProcessingPostProcessModeProcessorExecutor.Initialize: ArtifactProcessingMode.Collect
TpTrace Verbose: 0 : 29016, 1, 2024/12/06, 13:23:20.143, 18535389888699, vstest.console.dll, TestSessionCorrelationIdProcessorModeProcessorExecutor.Initialize: TestSessionCorrelationId '30632_4b126feb-c976-4fde-8e67-9f6dc13b1cc3'
TpTrace Information: 0 : 29016, 1, 2024/12/06, 13:23:20.150, 18535389958922, vstest.console.dll, FilePatternParser: The given file D:\PeakFit\PeakFit\PeakFit.Tests\bin\Debug\net8.0\fine-code-coverage\build-output\PeakFit.Tests.dll is a full path.
TpTrace Verbose: 0 : 29016, 1, 2024/12/06, 13:23:20.154, 18535389997242, vstest.console.dll, TestPluginCache.DiscoverTestExtensions: finding test extensions in assemblies ends with: RuntimeProvider.dll TPluginInfo: Microsoft.VisualStudio.TestPlatform.Common.ExtensionFramework.Utilities.TestRuntimePluginInformation TExtension: Microsoft.VisualStudio.TestPlatform.ObjectModel.Host.ITestRuntimeProvider
TpTrace Verbose: 0 : 29016, 1, 2024/12/06, 13:23:20.154, 18535389999607, vstest.console.dll, TestPluginCache.GetExtensionPaths: Filtered extension paths: 
TpTrace Verbose: 0 : 29016, 1, 2024/12/06, 13:23:20.154, 18535390000003, vstest.console.dll, TestPluginCache.GetExtensionPaths: Added default extension paths: C:\Program Files\dotnet\sdk\9.0.101\Extensions\Microsoft.Diagnostics.NETCore.Client.dll
C:\Program Files\dotnet\sdk\9.0.101\Extensions\Microsoft.TestPlatform.Extensions.BlameDataCollector.dll
C:\Program Files\dotnet\sdk\9.0.101\Extensions\Microsoft.TestPlatform.Extensions.EventLogCollector.dll
C:\Program Files\dotnet\sdk\9.0.101\Extensions\Microsoft.TestPlatform.TestHostRuntimeProvider.dll
C:\Program Files\dotnet\sdk\9.0.101\Extensions\Microsoft.VisualStudio.TestPlatform.Extensions.Html.TestLogger.dll
C:\Program Files\dotnet\sdk\9.0.101\Extensions\Microsoft.VisualStudio.TestPlatform.Extensions.Trx.TestLogger.dll
TpTrace Verbose: 0 : 29016, 1, 2024/12/06, 13:23:20.154, 18535390000134, vstest.console.dll, TestPluginCache.GetExtensionPaths: Added unfilterableExtensionPaths: 
TpTrace Information: 0 : 29016, 1, 2024/12/06, 13:23:20.154, 18535390003282, vstest.console.dll, AssemblyResolver.ctor: Creating AssemblyResolver with searchDirectories C:\Program Files\dotnet\sdk\9.0.101\Extensions,C:\Program Files\dotnet\sdk\9.0.101
TpTrace Verbose: 0 : 29016, 1, 2024/12/06, 13:23:20.156, 18535390020043, vstest.console.dll, TestPluginCache.DiscoverTestExtensions: Discovering the extensions using extension path.
TpTrace Verbose: 0 : 29016, 1, 2024/12/06, 13:23:20.156, 18535390021182, vstest.console.dll, TestPluginCache.GetExtensionPaths: Filtered extension paths: 
TpTrace Verbose: 0 : 29016, 1, 2024/12/06, 13:23:20.156, 18535390021370, vstest.console.dll, TestPluginCache.GetExtensionPaths: Added default extension paths: C:\Program Files\dotnet\sdk\9.0.101\Extensions\Microsoft.Diagnostics.NETCore.Client.dll
C:\Program Files\dotnet\sdk\9.0.101\Extensions\Microsoft.TestPlatform.Extensions.BlameDataCollector.dll
C:\Program Files\dotnet\sdk\9.0.101\Extensions\Microsoft.TestPlatform.Extensions.EventLogCollector.dll
C:\Program Files\dotnet\sdk\9.0.101\Extensions\Microsoft.TestPlatform.TestHostRuntimeProvider.dll
C:\Program Files\dotnet\sdk\9.0.101\Extensions\Microsoft.VisualStudio.TestPlatform.Extensions.Html.TestLogger.dll
C:\Program Files\dotnet\sdk\9.0.101\Extensions\Microsoft.VisualStudio.TestPlatform.Extensions.Trx.TestLogger.dll
TpTrace Verbose: 0 : 29016, 1, 2024/12/06, 13:23:20.156, 18535390021528, vstest.console.dll, TestPluginCache.GetExtensionPaths: Added unfilterableExtensionPaths: 
TpTrace Verbose: 0 : 29016, 1, 2024/12/06, 13:23:20.156, 18535390021847, vstest.console.dll, TestPluginCache.DiscoverTestExtensions: Discovering the extensions using allExtensionPaths: C:\Program Files\dotnet\sdk\9.0.101\Extensions\Microsoft.Diagnostics.NETCore.Client.dll
C:\Program Files\dotnet\sdk\9.0.101\Extensions\Microsoft.TestPlatform.Extensions.BlameDataCollector.dll
C:\Program Files\dotnet\sdk\9.0.101\Extensions\Microsoft.TestPlatform.Extensions.EventLogCollector.dll
C:\Program Files\dotnet\sdk\9.0.101\Extensions\Microsoft.TestPlatform.TestHostRuntimeProvider.dll
C:\Program Files\dotnet\sdk\9.0.101\Extensions\Microsoft.VisualStudio.TestPlatform.Extensions.Html.TestLogger.dll
C:\Program Files\dotnet\sdk\9.0.101\Extensions\Microsoft.VisualStudio.TestPlatform.Extensions.Trx.TestLogger.dll
TpTrace Information: 0 : 29016, 1, 2024/12/06, 13:23:20.156, 18535390022844, vstest.console.dll, AssemblyResolver.AddSearchDirectories: Adding more searchDirectories C:\Program Files\dotnet\sdk\9.0.101\Extensions,C:\Program Files\dotnet\sdk\9.0.101
TpTrace Information: 0 : 29016, 1, 2024/12/06, 13:23:20.156, 18535390023110, vstest.console.dll, AssemblyResolver.AddSearchDirectories: Adding more searchDirectories C:\Program Files\dotnet\sdk\9.0.101\Extensions,C:\Program Files\dotnet\sdk\9.0.101
TpTrace Information: 0 : 29016, 1, 2024/12/06, 13:23:20.156, 18535390023227, vstest.console.dll, AssemblyResolver.AddSearchDirectories: Adding more searchDirectories C:\Program Files\dotnet\sdk\9.0.101\Extensions,C:\Program Files\dotnet\sdk\9.0.101
TpTrace Information: 0 : 29016, 1, 2024/12/06, 13:23:20.156, 18535390023360, vstest.console.dll, AssemblyResolver.AddSearchDirectories: Adding more searchDirectories C:\Program Files\dotnet\sdk\9.0.101\Extensions,C:\Program Files\dotnet\sdk\9.0.101
TpTrace Information: 0 : 29016, 1, 2024/12/06, 13:23:20.156, 18535390023467, vstest.console.dll, AssemblyResolver.AddSearchDirectories: Adding more searchDirectories C:\Program Files\dotnet\sdk\9.0.101\Extensions,C:\Program Files\dotnet\sdk\9.0.101
TpTrace Information: 0 : 29016, 1, 2024/12/06, 13:23:20.156, 18535390023573, vstest.console.dll, AssemblyResolver.AddSearchDirectories: Adding more searchDirectories C:\Program Files\dotnet\sdk\9.0.101\Extensions,C:\Program Files\dotnet\sdk\9.0.101
TpTrace Information: 0 : 29016, 1, 2024/12/06, 13:23:20.156, 18535390026731, vstest.console.dll, AssemblyResolver.OnResolve: Microsoft.Diagnostics.NETCore.Client: Resolving assembly.
TpTrace Information: 0 : 29016, 1, 2024/12/06, 13:23:20.157, 18535390027162, vstest.console.dll, AssemblyResolver.OnResolve: Microsoft.Diagnostics.NETCore.Client: Searching in: 'C:\Program Files\dotnet\sdk\9.0.101\Extensions'.
TpTrace Information: 0 : 29016, 1, 2024/12/06, 13:23:20.166, 18535390117096, vstest.console.dll, AssemblyResolver.OnResolve: Microsoft.Diagnostics.NETCore.Client: Loading assembly 'C:\Program Files\dotnet\sdk\9.0.101\Extensions\Microsoft.Diagnostics.NETCore.Client.dll'.
TpTrace Information: 0 : 29016, 1, 2024/12/06, 13:23:20.166, 18535390122868, vstest.console.dll, AssemblyResolver.OnResolve: Resolved assembly: Microsoft.Diagnostics.NETCore.Client, from path: C:\Program Files\dotnet\sdk\9.0.101\Extensions\Microsoft.Diagnostics.NETCore.Client.dll
TpTrace Verbose: 0 : 29016, 1, 2024/12/06, 13:23:20.167, 18535390129184, vstest.console.dll, MetadataReaderExtensionsHelper: Discovering extensions inside assembly 'Microsoft.Diagnostics.NETCore.Client, Version=0.2.10.41601, Culture=neutral, PublicKeyToken=31bf3856ad364e35' file path 'C:\Program Files\dotnet\sdk\9.0.101\Extensions\Microsoft.Diagnostics.NETCore.Client.dll'
TpTrace Information: 0 : 29016, 1, 2024/12/06, 13:23:20.170, 18535390164933, vstest.console.dll, AssemblyResolver.OnResolve: Microsoft.Bcl.AsyncInterfaces: Resolving assembly.
TpTrace Information: 0 : 29016, 1, 2024/12/06, 13:23:20.170, 18535390166034, vstest.console.dll, AssemblyResolver.OnResolve: Microsoft.Bcl.AsyncInterfaces: Searching in: 'C:\Program Files\dotnet\sdk\9.0.101\Extensions'.
TpTrace Information: 0 : 29016, 1, 2024/12/06, 13:23:20.171, 18535390166937, vstest.console.dll, AssemblyResolver.OnResolve: Microsoft.Bcl.AsyncInterfaces: Assembly path does not exist: 'C:\Program Files\dotnet\sdk\9.0.101\Extensions\Microsoft.Bcl.AsyncInterfaces.dll', returning.
TpTrace Information: 0 : 29016, 1, 2024/12/06, 13:23:20.171, 18535390168103, vstest.console.dll, AssemblyResolver.OnResolve: Microsoft.Bcl.AsyncInterfaces: Assembly path does not exist: 'C:\Program Files\dotnet\sdk\9.0.101\Extensions\Microsoft.Bcl.AsyncInterfaces.exe', returning.
TpTrace Information: 0 : 29016, 1, 2024/12/06, 13:23:20.171, 18535390168494, vstest.console.dll, AssemblyResolver.OnResolve: Microsoft.Bcl.AsyncInterfaces: Searching in: 'C:\Program Files\dotnet\sdk\9.0.101'.
TpTrace Information: 0 : 29016, 1, 2024/12/06, 13:23:20.171, 18535390169363, vstest.console.dll, AssemblyResolver.OnResolve: Microsoft.Bcl.AsyncInterfaces: Assembly path does not exist: 'C:\Program Files\dotnet\sdk\9.0.101\Microsoft.Bcl.AsyncInterfaces.dll', returning.
TpTrace Information: 0 : 29016, 1, 2024/12/06, 13:23:20.171, 18535390169953, vstest.console.dll, AssemblyResolver.OnResolve: Microsoft.Bcl.AsyncInterfaces: Assembly path does not exist: 'C:\Program Files\dotnet\sdk\9.0.101\Microsoft.Bcl.AsyncInterfaces.exe', returning.
TpTrace Information: 0 : 29016, 1, 2024/12/06, 13:23:20.171, 18535390170263, vstest.console.dll, AssemblyResolver.OnResolve: Microsoft.Bcl.AsyncInterfaces: Failed to load assembly.
TpTrace Verbose: 0 : 29016, 1, 2024/12/06, 13:23:20.171, 18535390170684, vstest.console.dll, CurrentDomainAssemblyResolve: Resolving assembly 'Microsoft.Bcl.AsyncInterfaces'.
TpTrace Information: 0 : 29016, 1, 2024/12/06, 13:23:20.171, 18535390171343, vstest.console.dll, AssemblyResolver.OnResolve: Microsoft.Bcl.AsyncInterfaces: Resolving assembly.
TpTrace Information: 0 : 29016, 1, 2024/12/06, 13:23:20.171, 18535390171920, vstest.console.dll, AssemblyResolver.OnResolve: Microsoft.Bcl.AsyncInterfaces: Resolved from cache.
TpTrace Verbose: 0 : 29016, 1, 2024/12/06, 13:23:20.171, 18535390172236, vstest.console.dll, CurrentDomainAssemblyResolve: Resolving assembly 'Microsoft.Bcl.AsyncInterfaces'.
TpTrace Verbose: 0 : 29016, 1, 2024/12/06, 13:23:20.171, 18535390172709, vstest.console.dll, CurrentDomainAssemblyResolve: Failed to resolve assembly 'Microsoft.Bcl.AsyncInterfaces'.
TpTrace Verbose: 0 : 29016, 1, 2024/12/06, 13:23:20.172, 18535390182621, vstest.console.dll, CurrentDomainAssemblyResolve: Failed to resolve assembly 'Microsoft.Bcl.AsyncInterfaces'.
TpTrace Warning: 0 : 29016, 1, 2024/12/06, 13:23:20.179, 18535390255691, vstest.console.dll, TestPluginDiscoverer: Failed to get types from assembly 'Microsoft.Diagnostics.NETCore.Client, Version=0.2.10.41601, Culture=neutral, PublicKeyToken=31bf3856ad364e35'. Error: System.Reflection.ReflectionTypeLoadException: Unable to load one or more of the requested types.
Could not load file or assembly 'Microsoft.Bcl.AsyncInterfaces, Version=6.0.0.0, Culture=neutral, PublicKeyToken=cc7b13ffcd2ddd51'. The system cannot find the file specified.
   at System.Reflection.RuntimeModule.GetDefinedTypes()
   at System.Reflection.RuntimeModule.GetTypes()
   at Microsoft.VisualStudio.TestPlatform.Common.ExtensionFramework.TestPluginDiscoverer.GetTestExtensionsFromAssembly[TPluginInfo,TExtension](Assembly assembly, Dictionary`2 pluginInfos, String filePath) in /_/src/Microsoft.TestPlatform.Common/ExtensionFramework/TestPluginDiscoverer.cs:line 159
System.IO.FileNotFoundException: Could not load file or assembly 'Microsoft.Bcl.AsyncInterfaces, Version=6.0.0.0, Culture=neutral, PublicKeyToken=cc7b13ffcd2ddd51'. The system cannot find the file specified.
File name: 'Microsoft.Bcl.AsyncInterfaces, Version=6.0.0.0, Culture=neutral, PublicKeyToken=cc7b13ffcd2ddd51'
 ---> System.IO.FileNotFoundException: Could not load file or assembly 'Microsoft.Bcl.AsyncInterfaces, Culture=neutral, PublicKeyToken=null'. The system cannot find the file specified.
File name: 'Microsoft.Bcl.AsyncInterfaces, Culture=neutral, PublicKeyToken=null'
   at System.Reflection.RuntimeAssembly.InternalLoad(AssemblyName assemblyName, StackCrawlMark& stackMark, AssemblyLoadContext assemblyLoadContext, RuntimeAssembly requestingAssembly, Boolean throwOnFileNotFound)
   at System.Reflection.Assembly.Load(AssemblyName assemblyRef)
   at Microsoft.VisualStudio.TestPlatform.Common.ExtensionFramework.TestPluginCache.CurrentDomainAssemblyResolve(Object sender, AssemblyResolveEventArgs args) in /_/src/Microsoft.TestPlatform.Common/ExtensionFramework/TestPluginCache.cs:line 514
   at System.Runtime.Loader.AssemblyLoadContext.GetFirstResolvedAssemblyFromResolvingEvent(AssemblyName assemblyName)
   at System.Runtime.Loader.AssemblyLoadContext.ResolveUsingEvent(AssemblyName assemblyName)
   at System.Runtime.Loader.AssemblyLoadContext.ResolveUsingResolvingEvent(IntPtr gchManagedAssemblyLoadContext, AssemblyName assemblyName)
TpTrace Warning: 0 : 29016, 1, 2024/12/06, 13:23:20.180, 18535390257793, vstest.console.dll, LoaderExceptions: System.IO.FileNotFoundException: Could not load file or assembly 'Microsoft.Bcl.AsyncInterfaces, Version=6.0.0.0, Culture=neutral, PublicKeyToken=cc7b13ffcd2ddd51'. The system cannot find the file specified.
File name: 'Microsoft.Bcl.AsyncInterfaces, Version=6.0.0.0, Culture=neutral, PublicKeyToken=cc7b13ffcd2ddd51'
 ---> System.IO.FileNotFoundException: Could not load file or assembly 'Microsoft.Bcl.AsyncInterfaces, Culture=neutral, PublicKeyToken=null'. The system cannot find the file specified.
File name: 'Microsoft.Bcl.AsyncInterfaces, Culture=neutral, PublicKeyToken=null'
   at System.Reflection.RuntimeAssembly.InternalLoad(AssemblyName assemblyName, StackCrawlMark& stackMark, AssemblyLoadContext assemblyLoadContext, RuntimeAssembly requestingAssembly, Boolean throwOnFileNotFound)
   at System.Reflection.Assembly.Load(AssemblyName assemblyRef)
   at Microsoft.VisualStudio.TestPlatform.Common.ExtensionFramework.TestPluginCache.CurrentDomainAssemblyResolve(Object sender, AssemblyResolveEventArgs args) in /_/src/Microsoft.TestPlatform.Common/ExtensionFramework/TestPluginCache.cs:line 514
   at System.Runtime.Loader.AssemblyLoadContext.GetFirstResolvedAssemblyFromResolvingEvent(AssemblyName assemblyName)
   at System.Runtime.Loader.AssemblyLoadContext.ResolveUsingEvent(AssemblyName assemblyName)
   at System.Runtime.Loader.AssemblyLoadContext.ResolveUsingResolvingEvent(IntPtr gchManagedAssemblyLoadContext, AssemblyName assemblyName)
TpTrace Information: 0 : 29016, 1, 2024/12/06, 13:23:20.180, 18535390258567, vstest.console.dll, AssemblyResolver.OnResolve: Microsoft.TestPlatform.Extensions.BlameDataCollector: Resolving assembly.
TpTrace Information: 0 : 29016, 1, 2024/12/06, 13:23:20.180, 18535390258763, vstest.console.dll, AssemblyResolver.OnResolve: Microsoft.TestPlatform.Extensions.BlameDataCollector: Searching in: 'C:\Program Files\dotnet\sdk\9.0.101\Extensions'.
TpTrace Information: 0 : 29016, 1, 2024/12/06, 13:23:20.180, 18535390263135, vstest.console.dll, AssemblyResolver.OnResolve: Microsoft.TestPlatform.Extensions.BlameDataCollector: Loading assembly 'C:\Program Files\dotnet\sdk\9.0.101\Extensions\Microsoft.TestPlatform.Extensions.BlameDataCollector.dll'.
TpTrace Information: 0 : 29016, 1, 2024/12/06, 13:23:20.181, 18535390266928, vstest.console.dll, AssemblyResolver.OnResolve: Resolved assembly: Microsoft.TestPlatform.Extensions.BlameDataCollector, from path: C:\Program Files\dotnet\sdk\9.0.101\Extensions\Microsoft.TestPlatform.Extensions.BlameDataCollector.dll
TpTrace Verbose: 0 : 29016, 1, 2024/12/06, 13:23:20.181, 18535390267458, vstest.console.dll, MetadataReaderExtensionsHelper: Discovering extensions inside assembly 'Microsoft.TestPlatform.Extensions.BlameDataCollector, Version=15.0.0.0, Culture=neutral, PublicKeyToken=b03f5f7f11d50a3a' file path 'C:\Program Files\dotnet\sdk\9.0.101\Extensions\Microsoft.TestPlatform.Extensions.BlameDataCollector.dll'
TpTrace Information: 0 : 29016, 1, 2024/12/06, 13:23:20.181, 18535390276373, vstest.console.dll, AssemblyResolver.OnResolve: Microsoft.TestPlatform.Extensions.EventLogCollector: Resolving assembly.
TpTrace Information: 0 : 29016, 1, 2024/12/06, 13:23:20.181, 18535390276789, vstest.console.dll, AssemblyResolver.OnResolve: Microsoft.TestPlatform.Extensions.EventLogCollector: Searching in: 'C:\Program Files\dotnet\sdk\9.0.101\Extensions'.
TpTrace Information: 0 : 29016, 1, 2024/12/06, 13:23:20.182, 18535390280948, vstest.console.dll, AssemblyResolver.OnResolve: Microsoft.TestPlatform.Extensions.EventLogCollector: Loading assembly 'C:\Program Files\dotnet\sdk\9.0.101\Extensions\Microsoft.TestPlatform.Extensions.EventLogCollector.dll'.
TpTrace Information: 0 : 29016, 1, 2024/12/06, 13:23:20.182, 18535390284666, vstest.console.dll, AssemblyResolver.OnResolve: Resolved assembly: Microsoft.TestPlatform.Extensions.EventLogCollector, from path: C:\Program Files\dotnet\sdk\9.0.101\Extensions\Microsoft.TestPlatform.Extensions.EventLogCollector.dll
TpTrace Verbose: 0 : 29016, 1, 2024/12/06, 13:23:20.182, 18535390285141, vstest.console.dll, MetadataReaderExtensionsHelper: Discovering extensions inside assembly 'Microsoft.TestPlatform.Extensions.EventLogCollector, Version=15.0.0.0, Culture=neutral, PublicKeyToken=b03f5f7f11d50a3a' file path 'C:\Program Files\dotnet\sdk\9.0.101\Extensions\Microsoft.TestPlatform.Extensions.EventLogCollector.dll'
TpTrace Information: 0 : 29016, 1, 2024/12/06, 13:23:20.184, 18535390306003, vstest.console.dll, AssemblyResolver.OnResolve: Microsoft.TestPlatform.TestHostRuntimeProvider: Resolving assembly.
TpTrace Information: 0 : 29016, 1, 2024/12/06, 13:23:20.184, 18535390306636, vstest.console.dll, AssemblyResolver.OnResolve: Microsoft.TestPlatform.TestHostRuntimeProvider: Searching in: 'C:\Program Files\dotnet\sdk\9.0.101\Extensions'.
TpTrace Information: 0 : 29016, 1, 2024/12/06, 13:23:20.185, 18535390309790, vstest.console.dll, AssemblyResolver.OnResolve: Microsoft.TestPlatform.TestHostRuntimeProvider: Loading assembly 'C:\Program Files\dotnet\sdk\9.0.101\Extensions\Microsoft.TestPlatform.TestHostRuntimeProvider.dll'.
TpTrace Information: 0 : 29016, 1, 2024/12/06, 13:23:20.185, 18535390314084, vstest.console.dll, AssemblyResolver.OnResolve: Resolved assembly: Microsoft.TestPlatform.TestHostRuntimeProvider, from path: C:\Program Files\dotnet\sdk\9.0.101\Extensions\Microsoft.TestPlatform.TestHostRuntimeProvider.dll
TpTrace Verbose: 0 : 29016, 1, 2024/12/06, 13:23:20.185, 18535390314567, vstest.console.dll, MetadataReaderExtensionsHelper: Discovering extensions inside assembly 'Microsoft.TestPlatform.TestHostRuntimeProvider, Version=15.0.0.0, Culture=neutral, PublicKeyToken=b03f5f7f11d50a3a' file path 'C:\Program Files\dotnet\sdk\9.0.101\Extensions\Microsoft.TestPlatform.TestHostRuntimeProvider.dll'
TpTrace Information: 0 : 29016, 1, 2024/12/06, 13:23:20.186, 18535390323932, vstest.console.dll, GetTestExtensionFromType: Register extension with identifier data 'HostProvider://DefaultTestHost' and type 'Microsoft.VisualStudio.TestPlatform.CrossPlatEngine.Hosting.DefaultTestHostManager, Microsoft.TestPlatform.TestHostRuntimeProvider, Version=15.0.0.0, Culture=neutral, PublicKeyToken=b03f5f7f11d50a3a' inside file 'C:\Program Files\dotnet\sdk\9.0.101\Extensions\Microsoft.TestPlatform.TestHostRuntimeProvider.dll'
TpTrace Information: 0 : 29016, 1, 2024/12/06, 13:23:20.186, 18535390325633, vstest.console.dll, GetTestExtensionFromType: Register extension with identifier data 'HostProvider://DotnetTestHost' and type 'Microsoft.VisualStudio.TestPlatform.CrossPlatEngine.Hosting.DotnetTestHostManager, Microsoft.TestPlatform.TestHostRuntimeProvider, Version=15.0.0.0, Culture=neutral, PublicKeyToken=b03f5f7f11d50a3a' inside file 'C:\Program Files\dotnet\sdk\9.0.101\Extensions\Microsoft.TestPlatform.TestHostRuntimeProvider.dll'
TpTrace Information: 0 : 29016, 1, 2024/12/06, 13:23:20.186, 18535390326067, vstest.console.dll, AssemblyResolver.OnResolve: Microsoft.VisualStudio.TestPlatform.Extensions.Html.TestLogger: Resolving assembly.
TpTrace Information: 0 : 29016, 1, 2024/12/06, 13:23:20.186, 18535390326256, vstest.console.dll, AssemblyResolver.OnResolve: Microsoft.VisualStudio.TestPlatform.Extensions.Html.TestLogger: Searching in: 'C:\Program Files\dotnet\sdk\9.0.101\Extensions'.
TpTrace Information: 0 : 29016, 1, 2024/12/06, 13:23:20.187, 18535390329337, vstest.console.dll, AssemblyResolver.OnResolve: Microsoft.VisualStudio.TestPlatform.Extensions.Html.TestLogger: Loading assembly 'C:\Program Files\dotnet\sdk\9.0.101\Extensions\Microsoft.VisualStudio.TestPlatform.Extensions.Html.TestLogger.dll'.
TpTrace Information: 0 : 29016, 1, 2024/12/06, 13:23:20.187, 18535390332563, vstest.console.dll, AssemblyResolver.OnResolve: Resolved assembly: Microsoft.VisualStudio.TestPlatform.Extensions.Html.TestLogger, from path: C:\Program Files\dotnet\sdk\9.0.101\Extensions\Microsoft.VisualStudio.TestPlatform.Extensions.Html.TestLogger.dll
TpTrace Verbose: 0 : 29016, 1, 2024/12/06, 13:23:20.187, 18535390332976, vstest.console.dll, MetadataReaderExtensionsHelper: Discovering extensions inside assembly 'Microsoft.VisualStudio.TestPlatform.Extensions.Html.TestLogger, Version=15.0.0.0, Culture=neutral, PublicKeyToken=b03f5f7f11d50a3a' file path 'C:\Program Files\dotnet\sdk\9.0.101\Extensions\Microsoft.VisualStudio.TestPlatform.Extensions.Html.TestLogger.dll'
TpTrace Information: 0 : 29016, 1, 2024/12/06, 13:23:20.188, 18535390337903, vstest.console.dll, AssemblyResolver.OnResolve: Microsoft.VisualStudio.TestPlatform.Extensions.Trx.TestLogger: Resolving assembly.
TpTrace Information: 0 : 29016, 1, 2024/12/06, 13:23:20.188, 18535390338247, vstest.console.dll, AssemblyResolver.OnResolve: Microsoft.VisualStudio.TestPlatform.Extensions.Trx.TestLogger: Searching in: 'C:\Program Files\dotnet\sdk\9.0.101\Extensions'.
TpTrace Information: 0 : 29016, 1, 2024/12/06, 13:23:20.188, 18535390341044, vstest.console.dll, AssemblyResolver.OnResolve: Microsoft.VisualStudio.TestPlatform.Extensions.Trx.TestLogger: Loading assembly 'C:\Program Files\dotnet\sdk\9.0.101\Extensions\Microsoft.VisualStudio.TestPlatform.Extensions.Trx.TestLogger.dll'.
TpTrace Information: 0 : 29016, 1, 2024/12/06, 13:23:20.188, 18535390343930, vstest.console.dll, AssemblyResolver.OnResolve: Resolved assembly: Microsoft.VisualStudio.TestPlatform.Extensions.Trx.TestLogger, from path: C:\Program Files\dotnet\sdk\9.0.101\Extensions\Microsoft.VisualStudio.TestPlatform.Extensions.Trx.TestLogger.dll
TpTrace Verbose: 0 : 29016, 1, 2024/12/06, 13:23:20.188, 18535390344304, vstest.console.dll, MetadataReaderExtensionsHelper: Discovering extensions inside assembly 'Microsoft.VisualStudio.TestPlatform.Extensions.Trx.TestLogger, Version=15.0.0.0, Culture=neutral, PublicKeyToken=b03f5f7f11d50a3a' file path 'C:\Program Files\dotnet\sdk\9.0.101\Extensions\Microsoft.VisualStudio.TestPlatform.Extensions.Trx.TestLogger.dll'
TpTrace Verbose: 0 : 29016, 1, 2024/12/06, 13:23:20.189, 18535390350733, vstest.console.dll, TestPluginCache: Discovered the extensions using extension path ''.
TpTrace Verbose: 0 : 29016, 1, 2024/12/06, 13:23:20.189, 18535390351122, vstest.console.dll, TestPluginCache: Discoverers are ''.
TpTrace Verbose: 0 : 29016, 1, 2024/12/06, 13:23:20.189, 18535390351231, vstest.console.dll, TestPluginCache: Executors are ''.
TpTrace Verbose: 0 : 29016, 1, 2024/12/06, 13:23:20.189, 18535390351331, vstest.console.dll, TestPluginCache: Executors2 are ''.
TpTrace Verbose: 0 : 29016, 1, 2024/12/06, 13:23:20.189, 18535390351427, vstest.console.dll, TestPluginCache: Setting providers are ''.
TpTrace Verbose: 0 : 29016, 1, 2024/12/06, 13:23:20.189, 18535390351521, vstest.console.dll, TestPluginCache: Loggers are ''.
TpTrace Verbose: 0 : 29016, 1, 2024/12/06, 13:23:20.189, 18535390352496, vstest.console.dll, TestPluginCache: TestHosts are 'HostProvider://DefaultTestHost,HostProvider://DotnetTestHost'.
TpTrace Verbose: 0 : 29016, 1, 2024/12/06, 13:23:20.189, 18535390352625, vstest.console.dll, TestPluginCache: DataCollectors are ''.
TpTrace Information: 0 : 29016, 1, 2024/12/06, 13:23:20.198, 18535390437838, vstest.console.dll, RunTestsArgumentProcessor:Execute: Test run is starting.
TpTrace Verbose: 0 : 29016, 1, 2024/12/06, 13:23:20.198, 18535390438552, vstest.console.dll, RunTestsArgumentProcessor:Execute: Queuing Test run.
TpTrace Information: 0 : 29016, 1, 2024/12/06, 13:23:20.198, 18535390439711, vstest.console.dll, TestRequestManager.RunTests: run tests started.
TpTrace Information: 0 : 29016, 1, 2024/12/06, 13:23:20.198, 18535390446048, vstest.console.dll, AssemblyMetadataProvider.GetFrameworkName: Determined framework:'.NETCoreApp,Version=v8.0' for source: 'D:\PeakFit\PeakFit\PeakFit.Tests\bin\Debug\net8.0\fine-code-coverage\build-output\PeakFit.Tests.dll'
TpTrace Information: 0 : 29016, 1, 2024/12/06, 13:23:20.199, 18535390446974, vstest.console.dll, Determined framework for all sources: .NETCoreApp,Version=v8.0
TpTrace Verbose: 0 : 29016, 1, 2024/12/06, 13:23:20.199, 18535390448752, vstest.console.dll, TestRequestManager.UpdateRunSettingsIfRequired: Default architecture: X64 IsDefaultTargetArchitecture: True, Current process architecture: X64 OperatingSystem: Windows.
TpTrace Information: 0 : 29016, 1, 2024/12/06, 13:23:20.200, 18535390457250, vstest.console.dll, AssemblyMetadataProvider.GetArchitecture: Determined architecture:AnyCPU info for assembly: D:\PeakFit\PeakFit\PeakFit.Tests\bin\Debug\net8.0\fine-code-coverage\build-output\PeakFit.Tests.dll
TpTrace Information: 0 : 29016, 1, 2024/12/06, 13:23:20.200, 18535390457646, vstest.console.dll, Determined platform for source 'D:\PeakFit\PeakFit\PeakFit.Tests\bin\Debug\net8.0\fine-code-coverage\build-output\PeakFit.Tests.dll' was AnyCPU and it will use the default plaform X64.
TpTrace Information: 0 : 29016, 1, 2024/12/06, 13:23:20.200, 18535390457769, vstest.console.dll, None of the sources provided any runnable platform, using the default platform: X64
TpTrace Information: 0 : 29016, 1, 2024/12/06, 13:23:20.200, 18535390458224, vstest.console.dll, Platform was updated to 'X64'.
TpTrace Information: 0 : 29016, 1, 2024/12/06, 13:23:20.201, 18535390475461, vstest.console.dll, InferRunSettingsHelper.IsTestSettingsEnabled: Unable to navigate to RunSettings/MSTest. Current node: RunSettings
TpTrace Information: 0 : 29016, 1, 2024/12/06, 13:23:20.202, 18535390478800, vstest.console.dll, AssemblyResolver.OnResolve: Microsoft.VisualStudio.TestPlatform.Fakes: Resolving assembly.
TpTrace Information: 0 : 29016, 1, 2024/12/06, 13:23:20.202, 18535390479144, vstest.console.dll, AssemblyResolver.OnResolve: Microsoft.VisualStudio.TestPlatform.Fakes: Searching in: 'C:\Program Files\dotnet\sdk\9.0.101\Extensions'.
TpTrace Information: 0 : 29016, 1, 2024/12/06, 13:23:20.202, 18535390479680, vstest.console.dll, AssemblyResolver.OnResolve: Microsoft.VisualStudio.TestPlatform.Fakes: Assembly path does not exist: 'C:\Program Files\dotnet\sdk\9.0.101\Extensions\Microsoft.VisualStudio.TestPlatform.Fakes.dll', returning.
TpTrace Information: 0 : 29016, 1, 2024/12/06, 13:23:20.202, 18535390479903, vstest.console.dll, AssemblyResolver.OnResolve: Microsoft.VisualStudio.TestPlatform.Fakes: Assembly path does not exist: 'C:\Program Files\dotnet\sdk\9.0.101\Extensions\Microsoft.VisualStudio.TestPlatform.Fakes.exe', returning.
TpTrace Information: 0 : 29016, 1, 2024/12/06, 13:23:20.202, 18535390480009, vstest.console.dll, AssemblyResolver.OnResolve: Microsoft.VisualStudio.TestPlatform.Fakes: Searching in: 'C:\Program Files\dotnet\sdk\9.0.101'.
TpTrace Information: 0 : 29016, 1, 2024/12/06, 13:23:20.202, 18535390480267, vstest.console.dll, AssemblyResolver.OnResolve: Microsoft.VisualStudio.TestPlatform.Fakes: Assembly path does not exist: 'C:\Program Files\dotnet\sdk\9.0.101\Microsoft.VisualStudio.TestPlatform.Fakes.dll', returning.
TpTrace Information: 0 : 29016, 1, 2024/12/06, 13:23:20.202, 18535390480486, vstest.console.dll, AssemblyResolver.OnResolve: Microsoft.VisualStudio.TestPlatform.Fakes: Assembly path does not exist: 'C:\Program Files\dotnet\sdk\9.0.101\Microsoft.VisualStudio.TestPlatform.Fakes.exe', returning.
TpTrace Information: 0 : 29016, 1, 2024/12/06, 13:23:20.202, 18535390480590, vstest.console.dll, AssemblyResolver.OnResolve: Microsoft.VisualStudio.TestPlatform.Fakes: Failed to load assembly.
TpTrace Information: 0 : 29016, 1, 2024/12/06, 13:23:20.202, 18535390482052, vstest.console.dll, Failed to load assembly Microsoft.VisualStudio.TestPlatform.Fakes, Version=17.0.0.0, Culture=neutral. Reason:System.IO.FileNotFoundException: Could not load file or assembly 'Microsoft.VisualStudio.TestPlatform.Fakes, Version=17.0.0.0, Culture=neutral, PublicKeyToken=null'. The system cannot find the file specified.
File name: 'Microsoft.VisualStudio.TestPlatform.Fakes, Version=17.0.0.0, Culture=neutral, PublicKeyToken=null'
   at System.Reflection.RuntimeAssembly.InternalLoad(AssemblyName assemblyName, StackCrawlMark& stackMark, AssemblyLoadContext assemblyLoadContext, RuntimeAssembly requestingAssembly, Boolean throwOnFileNotFound)
   at System.Reflection.Assembly.Load(AssemblyName assemblyRef)
   at Microsoft.VisualStudio.TestPlatform.Common.Utilities.FakesUtilities.LoadTestPlatformAssembly() in /_/src/Microsoft.TestPlatform.Common/Utilities/FakesUtilities.cs:line 273
TpTrace Verbose: 0 : 29016, 1, 2024/12/06, 13:23:20.204, 18535390499052, vstest.console.dll, TestPluginCache.DiscoverTestExtensions: finding test extensions in assemblies ends with: TestLogger.dll TPluginInfo: Microsoft.VisualStudio.TestPlatform.Common.ExtensionFramework.Utilities.TestLoggerPluginInformation TExtension: Microsoft.VisualStudio.TestPlatform.ObjectModel.Client.ITestLogger
TpTrace Verbose: 0 : 29016, 1, 2024/12/06, 13:23:20.204, 18535390499533, vstest.console.dll, TestPluginCache.GetExtensionPaths: Filtered extension paths: 
TpTrace Verbose: 0 : 29016, 1, 2024/12/06, 13:23:20.204, 18535390499705, vstest.console.dll, TestPluginCache.GetExtensionPaths: Added default extension paths: C:\Program Files\dotnet\sdk\9.0.101\Extensions\Microsoft.Diagnostics.NETCore.Client.dll
C:\Program Files\dotnet\sdk\9.0.101\Extensions\Microsoft.TestPlatform.Extensions.BlameDataCollector.dll
C:\Program Files\dotnet\sdk\9.0.101\Extensions\Microsoft.TestPlatform.Extensions.EventLogCollector.dll
C:\Program Files\dotnet\sdk\9.0.101\Extensions\Microsoft.TestPlatform.TestHostRuntimeProvider.dll
C:\Program Files\dotnet\sdk\9.0.101\Extensions\Microsoft.VisualStudio.TestPlatform.Extensions.Html.TestLogger.dll
C:\Program Files\dotnet\sdk\9.0.101\Extensions\Microsoft.VisualStudio.TestPlatform.Extensions.Trx.TestLogger.dll
TpTrace Verbose: 0 : 29016, 1, 2024/12/06, 13:23:20.204, 18535390499822, vstest.console.dll, TestPluginCache.GetExtensionPaths: Added unfilterableExtensionPaths: 
TpTrace Information: 0 : 29016, 1, 2024/12/06, 13:23:20.204, 18535390500535, vstest.console.dll, AssemblyResolver.AddSearchDirectories: Adding more searchDirectories C:\Program Files\dotnet\sdk\9.0.101\Extensions,C:\Program Files\dotnet\sdk\9.0.101
TpTrace Verbose: 0 : 29016, 1, 2024/12/06, 13:23:20.204, 18535390500711, vstest.console.dll, TestPluginCache.DiscoverTestExtensions: Discovering the extensions using extension path.
TpTrace Verbose: 0 : 29016, 1, 2024/12/06, 13:23:20.204, 18535390500892, vstest.console.dll, TestPluginCache.GetExtensionPaths: Filtered extension paths: 
TpTrace Verbose: 0 : 29016, 1, 2024/12/06, 13:23:20.204, 18535390501023, vstest.console.dll, TestPluginCache.GetExtensionPaths: Added default extension paths: C:\Program Files\dotnet\sdk\9.0.101\Extensions\Microsoft.Diagnostics.NETCore.Client.dll
C:\Program Files\dotnet\sdk\9.0.101\Extensions\Microsoft.TestPlatform.Extensions.BlameDataCollector.dll
C:\Program Files\dotnet\sdk\9.0.101\Extensions\Microsoft.TestPlatform.Extensions.EventLogCollector.dll
C:\Program Files\dotnet\sdk\9.0.101\Extensions\Microsoft.TestPlatform.TestHostRuntimeProvider.dll
C:\Program Files\dotnet\sdk\9.0.101\Extensions\Microsoft.VisualStudio.TestPlatform.Extensions.Html.TestLogger.dll
C:\Program Files\dotnet\sdk\9.0.101\Extensions\Microsoft.VisualStudio.TestPlatform.Extensions.Trx.TestLogger.dll
TpTrace Verbose: 0 : 29016, 1, 2024/12/06, 13:23:20.204, 18535390501129, vstest.console.dll, TestPluginCache.GetExtensionPaths: Added unfilterableExtensionPaths: 
TpTrace Verbose: 0 : 29016, 1, 2024/12/06, 13:23:20.204, 18535390501256, vstest.console.dll, TestPluginCache.DiscoverTestExtensions: Discovering the extensions using allExtensionPaths: C:\Program Files\dotnet\sdk\9.0.101\Extensions\Microsoft.Diagnostics.NETCore.Client.dll
C:\Program Files\dotnet\sdk\9.0.101\Extensions\Microsoft.TestPlatform.Extensions.BlameDataCollector.dll
C:\Program Files\dotnet\sdk\9.0.101\Extensions\Microsoft.TestPlatform.Extensions.EventLogCollector.dll
C:\Program Files\dotnet\sdk\9.0.101\Extensions\Microsoft.TestPlatform.TestHostRuntimeProvider.dll
C:\Program Files\dotnet\sdk\9.0.101\Extensions\Microsoft.VisualStudio.TestPlatform.Extensions.Html.TestLogger.dll
C:\Program Files\dotnet\sdk\9.0.101\Extensions\Microsoft.VisualStudio.TestPlatform.Extensions.Trx.TestLogger.dll
TpTrace Information: 0 : 29016, 1, 2024/12/06, 13:23:20.204, 18535390501764, vstest.console.dll, AssemblyResolver.AddSearchDirectories: Adding more searchDirectories C:\Program Files\dotnet\sdk\9.0.101\Extensions,C:\Program Files\dotnet\sdk\9.0.101
TpTrace Information: 0 : 29016, 1, 2024/12/06, 13:23:20.204, 18535390502146, vstest.console.dll, AssemblyResolver.AddSearchDirectories: Adding more searchDirectories C:\Program Files\dotnet\sdk\9.0.101\Extensions,C:\Program Files\dotnet\sdk\9.0.101
TpTrace Information: 0 : 29016, 1, 2024/12/06, 13:23:20.204, 18535390502279, vstest.console.dll, AssemblyResolver.AddSearchDirectories: Adding more searchDirectories C:\Program Files\dotnet\sdk\9.0.101\Extensions,C:\Program Files\dotnet\sdk\9.0.101
TpTrace Information: 0 : 29016, 1, 2024/12/06, 13:23:20.204, 18535390502387, vstest.console.dll, AssemblyResolver.AddSearchDirectories: Adding more searchDirectories C:\Program Files\dotnet\sdk\9.0.101\Extensions,C:\Program Files\dotnet\sdk\9.0.101
TpTrace Information: 0 : 29016, 1, 2024/12/06, 13:23:20.204, 18535390502491, vstest.console.dll, AssemblyResolver.AddSearchDirectories: Adding more searchDirectories C:\Program Files\dotnet\sdk\9.0.101\Extensions,C:\Program Files\dotnet\sdk\9.0.101
TpTrace Information: 0 : 29016, 1, 2024/12/06, 13:23:20.204, 18535390502627, vstest.console.dll, AssemblyResolver.AddSearchDirectories: Adding more searchDirectories C:\Program Files\dotnet\sdk\9.0.101\Extensions,C:\Program Files\dotnet\sdk\9.0.101
TpTrace Verbose: 0 : 29016, 1, 2024/12/06, 13:23:20.204, 18535390503173, vstest.console.dll, MetadataReaderExtensionsHelper: Discovering extensions inside assembly 'Microsoft.Diagnostics.NETCore.Client, Version=0.2.10.41601, Culture=neutral, PublicKeyToken=31bf3856ad364e35' file path 'C:\Program Files\dotnet\sdk\9.0.101\Extensions\Microsoft.Diagnostics.NETCore.Client.dll'
TpTrace Information: 0 : 29016, 1, 2024/12/06, 13:23:20.205, 18535390509747, vstest.console.dll, AssemblyResolver.OnResolve: Microsoft.Bcl.AsyncInterfaces: Resolving assembly.
TpTrace Information: 0 : 29016, 1, 2024/12/06, 13:23:20.205, 18535390510060, vstest.console.dll, AssemblyResolver.OnResolve: Microsoft.Bcl.AsyncInterfaces: Resolved from cache.
TpTrace Verbose: 0 : 29016, 1, 2024/12/06, 13:23:20.205, 18535390510186, vstest.console.dll, CurrentDomainAssemblyResolve: Resolving assembly 'Microsoft.Bcl.AsyncInterfaces'.
TpTrace Information: 0 : 29016, 1, 2024/12/06, 13:23:20.205, 18535390510378, vstest.console.dll, AssemblyResolver.OnResolve: Microsoft.Bcl.AsyncInterfaces: Resolving assembly.
TpTrace Information: 0 : 29016, 1, 2024/12/06, 13:23:20.205, 18535390510507, vstest.console.dll, AssemblyResolver.OnResolve: Microsoft.Bcl.AsyncInterfaces: Resolved from cache.
TpTrace Verbose: 0 : 29016, 1, 2024/12/06, 13:23:20.205, 18535390510603, vstest.console.dll, CurrentDomainAssemblyResolve: Resolving assembly 'Microsoft.Bcl.AsyncInterfaces'.
TpTrace Verbose: 0 : 29016, 1, 2024/12/06, 13:23:20.205, 18535390510699, vstest.console.dll, CurrentDomainAssemblyResolve: Failed to resolve assembly 'Microsoft.Bcl.AsyncInterfaces'.
TpTrace Verbose: 0 : 29016, 1, 2024/12/06, 13:23:20.205, 18535390511378, vstest.console.dll, CurrentDomainAssemblyResolve: Failed to resolve assembly 'Microsoft.Bcl.AsyncInterfaces'.
TpTrace Warning: 0 : 29016, 1, 2024/12/06, 13:23:20.205, 18535390513089, vstest.console.dll, TestPluginDiscoverer: Failed to get types from assembly 'Microsoft.Diagnostics.NETCore.Client, Version=0.2.10.41601, Culture=neutral, PublicKeyToken=31bf3856ad364e35'. Error: System.Reflection.ReflectionTypeLoadException: Unable to load one or more of the requested types.
Could not load file or assembly 'Microsoft.Bcl.AsyncInterfaces, Version=6.0.0.0, Culture=neutral, PublicKeyToken=cc7b13ffcd2ddd51'. The system cannot find the file specified.
   at System.Reflection.RuntimeModule.GetDefinedTypes()
   at System.Reflection.RuntimeModule.GetTypes()
   at Microsoft.VisualStudio.TestPlatform.Common.ExtensionFramework.TestPluginDiscoverer.GetTestExtensionsFromAssembly[TPluginInfo,TExtension](Assembly assembly, Dictionary`2 pluginInfos, String filePath) in /_/src/Microsoft.TestPlatform.Common/ExtensionFramework/TestPluginDiscoverer.cs:line 159
System.IO.FileNotFoundException: Could not load file or assembly 'Microsoft.Bcl.AsyncInterfaces, Version=6.0.0.0, Culture=neutral, PublicKeyToken=cc7b13ffcd2ddd51'. The system cannot find the file specified.
File name: 'Microsoft.Bcl.AsyncInterfaces, Version=6.0.0.0, Culture=neutral, PublicKeyToken=cc7b13ffcd2ddd51'
 ---> System.IO.FileNotFoundException: Could not load file or assembly 'Microsoft.Bcl.AsyncInterfaces, Culture=neutral, PublicKeyToken=null'. The system cannot find the file specified.
File name: 'Microsoft.Bcl.AsyncInterfaces, Culture=neutral, PublicKeyToken=null'
   at System.Reflection.RuntimeAssembly.InternalLoad(AssemblyName assemblyName, StackCrawlMark& stackMark, AssemblyLoadContext assemblyLoadContext, RuntimeAssembly requestingAssembly, Boolean throwOnFileNotFound)
   at System.Reflection.Assembly.Load(AssemblyName assemblyRef)
   at Microsoft.VisualStudio.TestPlatform.Common.ExtensionFramework.TestPluginCache.CurrentDomainAssemblyResolve(Object sender, AssemblyResolveEventArgs args) in /_/src/Microsoft.TestPlatform.Common/ExtensionFramework/TestPluginCache.cs:line 514
   at System.Runtime.Loader.AssemblyLoadContext.GetFirstResolvedAssemblyFromResolvingEvent(AssemblyName assemblyName)
   at System.Runtime.Loader.AssemblyLoadContext.ResolveUsingEvent(AssemblyName assemblyName)
   at System.Runtime.Loader.AssemblyLoadContext.ResolveUsingResolvingEvent(IntPtr gchManagedAssemblyLoadContext, AssemblyName assemblyName)
TpTrace Warning: 0 : 29016, 1, 2024/12/06, 13:23:20.205, 18535390513747, vstest.console.dll, LoaderExceptions: System.IO.FileNotFoundException: Could not load file or assembly 'Microsoft.Bcl.AsyncInterfaces, Version=6.0.0.0, Culture=neutral, PublicKeyToken=cc7b13ffcd2ddd51'. The system cannot find the file specified.
File name: 'Microsoft.Bcl.AsyncInterfaces, Version=6.0.0.0, Culture=neutral, PublicKeyToken=cc7b13ffcd2ddd51'
 ---> System.IO.FileNotFoundException: Could not load file or assembly 'Microsoft.Bcl.AsyncInterfaces, Culture=neutral, PublicKeyToken=null'. The system cannot find the file specified.
File name: 'Microsoft.Bcl.AsyncInterfaces, Culture=neutral, PublicKeyToken=null'
   at System.Reflection.RuntimeAssembly.InternalLoad(AssemblyName assemblyName, StackCrawlMark& stackMark, AssemblyLoadContext assemblyLoadContext, RuntimeAssembly requestingAssembly, Boolean throwOnFileNotFound)
   at System.Reflection.Assembly.Load(AssemblyName assemblyRef)
   at Microsoft.VisualStudio.TestPlatform.Common.ExtensionFramework.TestPluginCache.CurrentDomainAssemblyResolve(Object sender, AssemblyResolveEventArgs args) in /_/src/Microsoft.TestPlatform.Common/ExtensionFramework/TestPluginCache.cs:line 514
   at System.Runtime.Loader.AssemblyLoadContext.GetFirstResolvedAssemblyFromResolvingEvent(AssemblyName assemblyName)
   at System.Runtime.Loader.AssemblyLoadContext.ResolveUsingEvent(AssemblyName assemblyName)
   at System.Runtime.Loader.AssemblyLoadContext.ResolveUsingResolvingEvent(IntPtr gchManagedAssemblyLoadContext, AssemblyName assemblyName)
TpTrace Verbose: 0 : 29016, 1, 2024/12/06, 13:23:20.205, 18535390514138, vstest.console.dll, MetadataReaderExtensionsHelper: Discovering extensions inside assembly 'Microsoft.TestPlatform.Extensions.BlameDataCollector, Version=15.0.0.0, Culture=neutral, PublicKeyToken=b03f5f7f11d50a3a' file path 'C:\Program Files\dotnet\sdk\9.0.101\Extensions\Microsoft.TestPlatform.Extensions.BlameDataCollector.dll'
TpTrace Information: 0 : 29016, 1, 2024/12/06, 13:23:20.206, 18535390519983, vstest.console.dll, GetTestExtensionFromType: Register extension with identifier data 'logger://Microsoft/TestPlatform/Extensions/Blame/v1' and type 'Microsoft.TestPlatform.Extensions.BlameDataCollector.BlameLogger, Microsoft.TestPlatform.Extensions.BlameDataCollector, Version=15.0.0.0, Culture=neutral, PublicKeyToken=b03f5f7f11d50a3a' inside file 'C:\Program Files\dotnet\sdk\9.0.101\Extensions\Microsoft.TestPlatform.Extensions.BlameDataCollector.dll'
TpTrace Verbose: 0 : 29016, 1, 2024/12/06, 13:23:20.206, 18535390520360, vstest.console.dll, MetadataReaderExtensionsHelper: Discovering extensions inside assembly 'Microsoft.TestPlatform.Extensions.EventLogCollector, Version=15.0.0.0, Culture=neutral, PublicKeyToken=b03f5f7f11d50a3a' file path 'C:\Program Files\dotnet\sdk\9.0.101\Extensions\Microsoft.TestPlatform.Extensions.EventLogCollector.dll'
TpTrace Verbose: 0 : 29016, 1, 2024/12/06, 13:23:20.206, 18535390523685, vstest.console.dll, MetadataReaderExtensionsHelper: Discovering extensions inside assembly 'Microsoft.TestPlatform.TestHostRuntimeProvider, Version=15.0.0.0, Culture=neutral, PublicKeyToken=b03f5f7f11d50a3a' file path 'C:\Program Files\dotnet\sdk\9.0.101\Extensions\Microsoft.TestPlatform.TestHostRuntimeProvider.dll'
TpTrace Verbose: 0 : 29016, 1, 2024/12/06, 13:23:20.206, 18535390526267, vstest.console.dll, MetadataReaderExtensionsHelper: Discovering extensions inside assembly 'Microsoft.VisualStudio.TestPlatform.Extensions.Html.TestLogger, Version=15.0.0.0, Culture=neutral, PublicKeyToken=b03f5f7f11d50a3a' file path 'C:\Program Files\dotnet\sdk\9.0.101\Extensions\Microsoft.VisualStudio.TestPlatform.Extensions.Html.TestLogger.dll'
TpTrace Information: 0 : 29016, 1, 2024/12/06, 13:23:20.207, 18535390530315, vstest.console.dll, GetTestExtensionFromType: Register extension with identifier data 'logger://Microsoft/TestPlatform/HtmlLogger/v1' and type 'Microsoft.VisualStudio.TestPlatform.Extensions.HtmlLogger.HtmlLogger, Microsoft.VisualStudio.TestPlatform.Extensions.Html.TestLogger, Version=15.0.0.0, Culture=neutral, PublicKeyToken=b03f5f7f11d50a3a' inside file 'C:\Program Files\dotnet\sdk\9.0.101\Extensions\Microsoft.VisualStudio.TestPlatform.Extensions.Html.TestLogger.dll'
TpTrace Verbose: 0 : 29016, 1, 2024/12/06, 13:23:20.207, 18535390530737, vstest.console.dll, MetadataReaderExtensionsHelper: Discovering extensions inside assembly 'Microsoft.VisualStudio.TestPlatform.Extensions.Trx.TestLogger, Version=15.0.0.0, Culture=neutral, PublicKeyToken=b03f5f7f11d50a3a' file path 'C:\Program Files\dotnet\sdk\9.0.101\Extensions\Microsoft.VisualStudio.TestPlatform.Extensions.Trx.TestLogger.dll'
TpTrace Information: 0 : 29016, 1, 2024/12/06, 13:23:20.207, 18535390534298, vstest.console.dll, GetTestExtensionFromType: Register extension with identifier data 'logger://Microsoft/TestPlatform/TrxLogger/v1' and type 'Microsoft.VisualStudio.TestPlatform.Extensions.TrxLogger.TrxLogger, Microsoft.VisualStudio.TestPlatform.Extensions.Trx.TestLogger, Version=15.0.0.0, Culture=neutral, PublicKeyToken=b03f5f7f11d50a3a' inside file 'C:\Program Files\dotnet\sdk\9.0.101\Extensions\Microsoft.VisualStudio.TestPlatform.Extensions.Trx.TestLogger.dll'
TpTrace Verbose: 0 : 29016, 1, 2024/12/06, 13:23:20.207, 18535390534848, vstest.console.dll, TestPluginCache: Discovered the extensions using extension path ''.
TpTrace Verbose: 0 : 29016, 1, 2024/12/06, 13:23:20.207, 18535390535011, vstest.console.dll, TestPluginCache: Discoverers are ''.
TpTrace Verbose: 0 : 29016, 1, 2024/12/06, 13:23:20.207, 18535390535114, vstest.console.dll, TestPluginCache: Executors are ''.
TpTrace Verbose: 0 : 29016, 1, 2024/12/06, 13:23:20.207, 18535390535208, vstest.console.dll, TestPluginCache: Executors2 are ''.
TpTrace Verbose: 0 : 29016, 1, 2024/12/06, 13:23:20.207, 18535390535299, vstest.console.dll, TestPluginCache: Setting providers are ''.
TpTrace Verbose: 0 : 29016, 1, 2024/12/06, 13:23:20.207, 18535390535653, vstest.console.dll, TestPluginCache: Loggers are 'logger://Microsoft/TestPlatform/Extensions/Blame/v1,logger://Microsoft/TestPlatform/HtmlLogger/v1,logger://Microsoft/TestPlatform/TrxLogger/v1'.
TpTrace Verbose: 0 : 29016, 1, 2024/12/06, 13:23:20.207, 18535390535865, vstest.console.dll, TestPluginCache: TestHosts are 'HostProvider://DefaultTestHost,HostProvider://DotnetTestHost'.
TpTrace Verbose: 0 : 29016, 1, 2024/12/06, 13:23:20.207, 18535390535968, vstest.console.dll, TestPluginCache: DataCollectors are ''.
TpTrace Information: 0 : 29016, 1, 2024/12/06, 13:23:20.208, 18535390540465, vstest.console.dll, TestPluginManager.CreateTestExtension: Attempting to load test extension: Microsoft.TestPlatform.Extensions.BlameDataCollector.BlameLogger
TpTrace Verbose: 0 : 29016, 1, 2024/12/06, 13:23:20.213, 18535390587358, vstest.console.dll, TestEngine: Initializing Parallel Execution as MaxCpuCount is set to: 1
TpTrace Information: 0 : 29016, 1, 2024/12/06, 13:23:20.213, 18535390594782, vstest.console.dll, TestPluginManager.CreateTestExtension: Attempting to load test extension: Microsoft.VisualStudio.TestPlatform.CrossPlatEngine.Hosting.DefaultTestHostManager
TpTrace Information: 0 : 29016, 1, 2024/12/06, 13:23:20.214, 18535390601151, vstest.console.dll, TestPluginManager.CreateTestExtension: Attempting to load test extension: Microsoft.VisualStudio.TestPlatform.CrossPlatEngine.Hosting.DotnetTestHostManager
TpTrace Verbose: 0 : 29016, 1, 2024/12/06, 13:23:20.214, 18535390602306, vstest.console.dll, TestHostManagerCallbacks.ctor: Forwarding output is enabled.
TpTrace Information: 0 : 29016, 1, 2024/12/06, 13:23:20.214, 18535390604201, vstest.console.dll, InferRunSettingsHelper.IsTestSettingsEnabled: Unable to navigate to RunSettings/MSTest. Current node: RunSettings
TpTrace Verbose: 0 : 29016, 1, 2024/12/06, 13:23:20.215, 18535390607984, vstest.console.dll, ParallelOperationManager.ClearSlots: Clearing all slots. Slots should accept more work: True
TpTrace Verbose: 0 : 29016, 1, 2024/12/06, 13:23:20.215, 18535390611002, vstest.console.dll, ParallelOperationManager.SetOccupiedSlotCount: Setting slot counts AvailableSlotCount = 1, OccupiedSlotCount = 0.
TpTrace Verbose: 0 : 29016, 1, 2024/12/06, 13:23:20.215, 18535390614209, vstest.console.dll, Occupied slots:

TpTrace Verbose: 0 : 29016, 1, 2024/12/06, 13:23:20.217, 18535390634032, vstest.console.dll, TestEngine.GetExecutionManager: Chosen execution manager 'Microsoft.VisualStudio.TestPlatform.CrossPlatEngine.Client.Parallel.ParallelProxyExecutionManager, Microsoft.TestPlatform.CrossPlatEngine, Version=15.0.0.0, Culture=neutral, PublicKeyToken=b03f5f7f11d50a3a' ParallelLevel '1'.
TpTrace Verbose: 0 : 29016, 1, 2024/12/06, 13:23:20.217, 18535390635551, vstest.console.dll, TestPlatform.GetSkipDefaultAdapters: Not skipping default adapters SkipDefaultAdapters was false.
TpTrace Verbose: 0 : 29016, 1, 2024/12/06, 13:23:20.217, 18535390636091, vstest.console.dll, TestRunRequest.ExecuteAsync: Creating test run request.
TpTrace Verbose: 0 : 29016, 1, 2024/12/06, 13:23:20.218, 18535390638413, vstest.console.dll, TestRunRequest.ExecuteAsync: Starting.
TpTrace Information: 0 : 29016, 1, 2024/12/06, 13:23:20.218, 18535390644980, vstest.console.dll, TestRunRequest.ExecuteAsync: Starting run with settings:TestRunCriteria:
   KeepAlive=False,FrequencyOfRunStatsChangeEvent=10,RunStatsChangeEventTimeout=00:00:01.5000000,TestCaseFilter=,TestExecutorLauncher=
   Settingsxml=<RunSettings>
  <RunConfiguration>
    <ResultsDirectory>D:\PeakFit\PeakFit\PeakFit.Tests\bin\Debug\net8.0\fine-code-coverage\coverage-tool-output</ResultsDirectory>
    <TargetPlatform>X64</TargetPlatform>
    <TargetFrameworkVersion>.NETCoreApp,Version=v8.0</TargetFrameworkVersion>
    <DesignMode>False</DesignMode>
    <CollectSourceInformation>False</CollectSourceInformation>
  </RunConfiguration>
  <LoggerRunSettings>
    <Loggers>
      <Logger friendlyName="blame" enabled="True" />
      <Logger friendlyName="Console" uri="logger://microsoft/TestPlatform/ConsoleLogger/v1" assemblyQualifiedName="Microsoft.VisualStudio.TestPlatform.CommandLine.Internal.ConsoleLogger, vstest.console, Version=15.0.0.0, Culture=neutral, PublicKeyToken=b03f5f7f11d50a3a" codeBase="C:\Program Files\dotnet\sdk\9.0.101\vstest.console.dll" enabled="True" />
    </Loggers>
  </LoggerRunSettings>
  <DataCollectionRunSettings>
    <DataCollectors>
      <DataCollector friendlyName="blame" enabled="True">
        <Configuration>
          <ResultsDirectory>D:\PeakFit\PeakFit\PeakFit.Tests\bin\Debug\net8.0\fine-code-coverage\coverage-tool-output</ResultsDirectory>
        </Configuration>
      </DataCollector>
    </DataCollectors>
  </DataCollectionRunSettings>
</RunSettings>

TpTrace Verbose: 0 : 29016, 1, 2024/12/06, 13:23:20.218, 18535390645378, vstest.console.dll, TestRunRequest.ExecuteAsync: Wait for the first run request is over.
TpTrace Verbose: 0 : 29016, 1, 2024/12/06, 13:23:20.219, 18535390646956, vstest.console.dll, MulticastDelegateUtilities.SafeInvoke: TestRun.TestRunStart: Invoking callbacks was skipped because there are no subscribers.
TpTrace Verbose: 0 : 29016, 4, 2024/12/06, 13:23:20.219, 18535390648316, vstest.console.dll, MulticastDelegateUtilities.SafeInvoke: InternalTestLoggerEvents.SendTestRunStart: Invoking callback 1/1 for Microsoft.VisualStudio.TestPlatform.CommandLine.Internal.ConsoleLogger., took 0 ms.
TpTrace Verbose: 0 : 29016, 1, 2024/12/06, 13:23:20.219, 18535390653294, vstest.console.dll, ParallelProxyExecutionManager: Start execution. Total sources: 1
TpTrace Verbose: 0 : 29016, 1, 2024/12/06, 13:23:20.219, 18535390655079, vstest.console.dll, ParallelOperationManager.StartWork: Starting adding 1 workloads.
TpTrace Verbose: 0 : 29016, 1, 2024/12/06, 13:23:20.219, 18535390655364, vstest.console.dll, ParallelOperationManager.ClearSlots: Clearing all slots. Slots should accept more work: True
TpTrace Verbose: 0 : 29016, 1, 2024/12/06, 13:23:20.219, 18535390655681, vstest.console.dll, ParallelOperationManager.SetOccupiedSlotCount: Setting slot counts AvailableSlotCount = 1, OccupiedSlotCount = 0.
TpTrace Verbose: 0 : 29016, 1, 2024/12/06, 13:23:20.219, 18535390655830, vstest.console.dll, Occupied slots:

TpTrace Verbose: 0 : 29016, 1, 2024/12/06, 13:23:20.220, 18535390662139, vstest.console.dll, TestHostManagerCallbacks.ctor: Forwarding output is enabled.
TpTrace Verbose: 0 : 29016, 1, 2024/12/06, 13:23:20.220, 18535390663375, vstest.console.dll, TestRequestSender is acting as server.
TpTrace Verbose: 0 : 29016, 1, 2024/12/06, 13:23:20.221, 18535390669221, vstest.console.dll, ParallelOperationManager.RunWorkInParallel: Adding 1 workload to slot, remaining workloads 0.
TpTrace Verbose: 0 : 29016, 1, 2024/12/06, 13:23:20.221, 18535390669544, vstest.console.dll, ParallelOperationManager.SetOccupiedSlotCount: Setting slot counts AvailableSlotCount = 0, OccupiedSlotCount = 1.
TpTrace Verbose: 0 : 29016, 1, 2024/12/06, 13:23:20.221, 18535390670017, vstest.console.dll, Occupied slots:
0: D:\PeakFit\PeakFit\PeakFit.Tests\bin\Debug\net8.0\fine-code-coverage\build-output\PeakFit.Tests.dll
TpTrace Verbose: 0 : 29016, 1, 2024/12/06, 13:23:20.221, 18535390676704, vstest.console.dll, ParallelOperationManager.RunWorkInParallel: Started host in slot number 0 for work (source): D:\PeakFit\PeakFit\PeakFit.Tests\bin\Debug\net8.0\fine-code-coverage\build-output\PeakFit.Tests.dll.
TpTrace Verbose: 0 : 29016, 1, 2024/12/06, 13:23:20.222, 18535390681548, vstest.console.dll, ParallelOperationManager.RunWorkInParallel: We started 1 work items, which is the max parallel level. Won't start more work.
TpTrace Verbose: 0 : 29016, 1, 2024/12/06, 13:23:20.222, 18535390681842, vstest.console.dll, ParallelOperationManager.RunWorkInParallel: We started 1 work items in here, returning True.
TpTrace Information: 0 : 29016, 1, 2024/12/06, 13:23:20.222, 18535390682100, vstest.console.dll, TestRunRequest.ExecuteAsync: Started.
TpTrace Verbose: 0 : 29016, 5, 2024/12/06, 13:23:20.222, 18535390682150, vstest.console.dll, ParallelProxyExecutionManager.StartTestRunOnConcurrentManager: Initializing uninitialized client. Started clients: 0
TpTrace Verbose: 0 : 29016, 5, 2024/12/06, 13:23:20.222, 18535390683100, vstest.console.dll, DataCollectionRequestSender.InitializeCommunication : Initialize communication. 
TpTrace Verbose: 0 : 29016, 1, 2024/12/06, 13:23:20.222, 18535390685077, vstest.console.dll, TestRunRequest.WaitForCompletion: Waiting with timeout -1.
TpTrace Information: 0 : 29016, 5, 2024/12/06, 13:23:20.229, 18535390750112, vstest.console.dll, Listening on Endpoint : 127.0.0.1:61354
TpTrace Verbose: 0 : 29016, 5, 2024/12/06, 13:23:20.234, 18535390802153, vstest.console.dll, DotnetDataCollectionLauncher: Adding  --runtimeconfig "C:\Program Files\dotnet\sdk\9.0.101\datacollector.runtimeconfig.json" in args
TpTrace Verbose: 0 : 29016, 5, 2024/12/06, 13:23:20.234, 18535390802881, vstest.console.dll, DotnetDataCollectionLauncher: Adding  --depsfile "C:\Program Files\dotnet\sdk\9.0.101\datacollector.deps.json" in args
TpTrace Verbose: 0 : 29016, 5, 2024/12/06, 13:23:20.234, 18535390803719, vstest.console.dll, DotnetDataCollectionLauncher: Full path of dotnet.exe is C:\Program Files\dotnet\dotnet.exe
TpTrace Information: 0 : 29016, 5, 2024/12/06, 13:23:20.238, 18535390843542, vstest.console.dll, ProxyDataCollectionManager.Initialize: Launched datacollector processId: 25500 port: 61354
TpTrace Information: 0 : 29016, 5, 2024/12/06, 13:23:20.238, 18535390844309, vstest.console.dll, ProxyDataCollectionManager.Initialize: waiting for connection with timeout: 90 seconds
TpTrace Verbose: 0 : 29016, 5, 2024/12/06, 13:23:20.238, 18535390844535, vstest.console.dll, DataCollectionRequestSender.WaitForRequestHandlerConnection : Waiting for connection with timeout: 90000
TpTrace Information: 0 : 29016, 10, 2024/12/06, 13:23:20.331, 18535391775294, vstest.console.dll, Using the buffer size of 16384 bytes
TpTrace Verbose: 0 : 29016, 5, 2024/12/06, 13:23:20.331, 18535391775440, vstest.console.dll, SocketCommunicationManager.WaitForClientConnection took: 93 ms, with 90000 ms timeout, and finished with True.
TpTrace Information: 0 : 29016, 10, 2024/12/06, 13:23:20.331, 18535391776445, vstest.console.dll, Accepted Client request and set the flag
TpTrace Verbose: 0 : 29016, 5, 2024/12/06, 13:23:20.332, 18535391777403, vstest.console.dll, ProxyDataCollectionManager.InvokeDataCollectionServiceAction: Starting.
TpTrace Information: 0 : 29016, 5, 2024/12/06, 13:23:20.332, 18535391777898, vstest.console.dll, ProxyDataCollectionManager.BeforeTestRunStart: Get environment variable and port for datacollector processId: 25500 port: 61354
TpTrace Verbose: 0 : 29016, 5, 2024/12/06, 13:23:20.332, 18535391778427, vstest.console.dll, DataCollectionRequestSender.SendBeforeTestRunStartAndGetResult: Send BeforeTestRunStart message with settingsXml <RunSettings><RunConfiguration><ResultsDirectory>D:\PeakFit\PeakFit\PeakFit.Tests\bin\Debug\net8.0\fine-code-coverage\coverage-tool-output</ResultsDirectory><TargetPlatform>X64</TargetPlatform><TargetFrameworkVersion>.NETCoreApp,Version=v8.0</TargetFrameworkVersion><DesignMode>False</DesignMode><CollectSourceInformation>False</CollectSourceInformation><TestAdaptersPaths>C:\Program Files\dotnet\sdk\9.0.101\Extensions</TestAdaptersPaths></RunConfiguration><LoggerRunSettings><Loggers><Logger friendlyName="blame" enabled="True" /><Logger friendlyName="Console" uri="logger://microsoft/TestPlatform/ConsoleLogger/v1" assemblyQualifiedName="Microsoft.VisualStudio.TestPlatform.CommandLine.Internal.ConsoleLogger, vstest.console, Version=15.0.0.0, Culture=neutral, PublicKeyToken=b03f5f7f11d50a3a" codeBase="C:\Program Files\dotnet\sdk\9.0.101\vstest.console.dll" enabled="True" /></Loggers></LoggerRunSettings><DataCollectionRunSettings><DataCollectors><DataCollector friendlyName="blame" enabled="True"><Configuration><ResultsDirectory>D:\PeakFit\PeakFit\PeakFit.Tests\bin\Debug\net8.0\fine-code-coverage\coverage-tool-output</ResultsDirectory></Configuration></DataCollector></DataCollectors></DataCollectionRunSettings></RunSettings> and sources System.Collections.Generic.List`1[System.String]: 
TpTrace Verbose: 0 : 29016, 5, 2024/12/06, 13:23:20.367, 18535392134880, vstest.console.dll, DataCollectionRequestSender.SendBeforeTestRunStartAndGetResult: Received message: (DataCollection.SendMessage) -> {"MessageType":"DataCollection.SendMessage","Payload":{"FriendlyName":null,"Uri":null,"TestCaseId":"00000000-0000-0000-0000-000000000000","Message":"Logging DataCollector Diagnostics in file: D:\\PeakFit\\PeakFit\\PeakFit.Tests\\bin\\Debug\\net8.0\\fine-code-coverage\\coverage-tool-output\\diagnostics.datacollector.24-12-06_13-23-20_23440_5.log","Level":0}}
TpTrace Verbose: 0 : 29016, 5, 2024/12/06, 13:23:20.419, 18535392649860, vstest.console.dll, DataCollectionRequestSender.SendBeforeTestRunStartAndGetResult: Received message: (DataCollection.BeforeTestRunStartResult) -> {"MessageType":"DataCollection.BeforeTestRunStartResult","Payload":{"EnvironmentVariables":{},"DataCollectionEventsPort":61358}}
TpTrace Information: 0 : 29016, 5, 2024/12/06, 13:23:20.421, 18535392675216, vstest.console.dll, ProxyDataCollectionManager.BeforeTestRunStart: SendBeforeTestRunStartAndGetResult successful, env variable from datacollector:   and testhost port: 61358
TpTrace Information: 0 : 29016, 5, 2024/12/06, 13:23:20.421, 18535392675731, vstest.console.dll, ProxyDataCollectionManager.InvokeDataCollectionServiceAction: Completed.
TpTrace Verbose: 0 : 29016, 5, 2024/12/06, 13:23:20.421, 18535392675883, vstest.console.dll, ParallelProxyExecutionManager.StartTestRunOnConcurrentManager: Initializing test run. Started clients: 0
TpTrace Verbose: 0 : 29016, 5, 2024/12/06, 13:23:20.421, 18535392676419, vstest.console.dll, ProxyExecutionManager: Test host is always Lazy initialize.
TpTrace Verbose: 0 : 29016, 5, 2024/12/06, 13:23:20.422, 18535392677597, vstest.console.dll, TestRequestSender.InitializeCommunication: initialize communication. 
TpTrace Information: 0 : 29016, 5, 2024/12/06, 13:23:20.422, 18535392680521, vstest.console.dll, SocketServer.Start: Listening on endpoint : 127.0.0.1:61359
TpTrace Verbose: 0 : 29016, 5, 2024/12/06, 13:23:20.422, 18535392684580, vstest.console.dll, DotnetTestHostmanager.GetTestHostProcessStartInfo: Platform environment 'X64' target architecture 'X64' framework '.NETCoreApp,Version=v8.0' OS 'Windows'
TpTrace Verbose: 0 : 29016, 5, 2024/12/06, 13:23:20.422, 18535392685395, vstest.console.dll, DotnetTestHostmanager: Adding  --runtimeconfig "D:\PeakFit\PeakFit\PeakFit.Tests\bin\Debug\net8.0\fine-code-coverage\build-output\PeakFit.Tests.runtimeconfig.json" in args
TpTrace Verbose: 0 : 29016, 5, 2024/12/06, 13:23:20.422, 18535392685574, vstest.console.dll, DotnetTestHostmanager: Adding  --depsfile "D:\PeakFit\PeakFit\PeakFit.Tests\bin\Debug\net8.0\fine-code-coverage\build-output\PeakFit.Tests.deps.json" in args
TpTrace Verbose: 0 : 29016, 5, 2024/12/06, 13:23:20.422, 18535392686378, vstest.console.dll, DotnetTestHostmanager.IsWinOnArm: Current PROCESSOR_ARCHITECTURE from environment variable 'AMD64'
TpTrace Verbose: 0 : 29016, 5, 2024/12/06, 13:23:20.422, 18535392686620, vstest.console.dll, DotnetTestHostmanager.IsWinOnArm: Is Windows on ARM 'False'
TpTrace Verbose: 0 : 29016, 5, 2024/12/06, 13:23:20.422, 18535392686803, vstest.console.dll, DotnetTestHostManager: testhost.exe found at path: D:\PeakFit\PeakFit\PeakFit.Tests\bin\Debug\net8.0\fine-code-coverage\build-output\testhost.exe
TpTrace Verbose: 0 : 29016, 5, 2024/12/06, 13:23:20.423, 18535392686945, vstest.console.dll, DotnetTestHostmanager: Full path of host exe is D:\PeakFit\PeakFit\PeakFit.Tests\bin\Debug\net8.0\fine-code-coverage\build-output\testhost.exe
TpTrace Verbose: 0 : 29016, 5, 2024/12/06, 13:23:20.423, 18535392687550, vstest.console.dll, DotnetTestHostmanager.LaunchTestHostAsync: Found 'VSTEST_WINAPPHOST_DOTNET_ROOT' in env variables, value 'C:\Program Files\dotnet', forwarding to 'DOTNET_ROOT'
TpTrace Verbose: 0 : 29016, 5, 2024/12/06, 13:23:20.423, 18535392688226, vstest.console.dll, DotnetTestHostManager: Starting process 'D:\PeakFit\PeakFit\PeakFit.Tests\bin\Debug\net8.0\fine-code-coverage\build-output\testhost.exe' with command line ' --runtimeconfig "D:\PeakFit\PeakFit\PeakFit.Tests\bin\Debug\net8.0\fine-code-coverage\build-output\PeakFit.Tests.runtimeconfig.json" --depsfile "D:\PeakFit\PeakFit\PeakFit.Tests\bin\Debug\net8.0\fine-code-coverage\build-output\PeakFit.Tests.deps.json" --port 61359 --endpoint 127.0.0.1:061359 --role client --parentprocessid 29016 --diag "D:\PeakFit\PeakFit\PeakFit.Tests\bin\Debug\net8.0\fine-code-coverage\coverage-tool-output\diagnostics.host.24-12-06_13-23-20_42257_5.log" --tracelevel 4 --datacollectionport 61358 --telemetryoptedin false'
TpTrace Verbose: 0 : 29016, 5, 2024/12/06, 13:23:20.426, 18535392724421, vstest.console.dll, MulticastDelegateUtilities.SafeInvoke: HostProviderEvents.OnHostLaunched: Invoking callback 1/2 for Microsoft.VisualStudio.TestPlatform.CrossPlatEngine.Client.ProxyExecutionManagerWithDataCollection., took 0 ms.
TpTrace Verbose: 0 : 29016, 5, 2024/12/06, 13:23:20.426, 18535392726287, vstest.console.dll, Test Runtime launched
TpTrace Verbose: 0 : 29016, 5, 2024/12/06, 13:23:20.426, 18535392726579, vstest.console.dll, MulticastDelegateUtilities.SafeInvoke: HostProviderEvents.OnHostLaunched: Invoking callback 2/2 for Microsoft.VisualStudio.TestPlatform.CrossPlatEngine.Client.ProxyOperationManager., took 0 ms.
TpTrace Verbose: 0 : 29016, 5, 2024/12/06, 13:23:20.427, 18535392727359, vstest.console.dll, TestRequestSender.WaitForRequestHandlerConnection: waiting for connection with timeout: 90000.
TpTrace Verbose: 0 : 29016, 5, 2024/12/06, 13:23:20.521, 18535393668551, vstest.console.dll, TestRequestSender.WaitForRequestHandlerConnection: waiting took 94 ms, with timeout 90000 ms, and result 0, which is success.
TpTrace Verbose: 0 : 29016, 12, 2024/12/06, 13:23:20.521, 18535393668549, vstest.console.dll, MulticastDelegateUtilities.SafeInvoke: SocketServer: ClientConnected: Invoking callback 1/1 for Microsoft.VisualStudio.TestPlatform.CommunicationUtilities.TestRequestSender., took 0 ms.
TpTrace Verbose: 0 : 29016, 12, 2024/12/06, 13:23:20.521, 18535393670107, vstest.console.dll, SocketServer.OnClientConnected: Client connected for endPoint: 127.0.0.1:61359, starting MessageLoopAsync:
TpTrace Verbose: 0 : 29016, 12, 2024/12/06, 13:23:20.521, 18535393672863, vstest.console.dll, TcpClientExtensions.MessageLoopAsync: Polling on remoteEndPoint: 127.0.0.1:61360 localEndPoint: 127.0.0.1:61359 after 0 ms
TpTrace Verbose: 0 : 29016, 5, 2024/12/06, 13:23:20.521, 18535393673768, vstest.console.dll, TestRequestSender.CheckVersionWithTestHost: Sending check version message: {"MessageType":"ProtocolVersion","Payload":7}
TpTrace Verbose: 0 : 29016, 12, 2024/12/06, 13:23:20.584, 18535394306586, vstest.console.dll, TcpClientExtensions.MessageLoopAsync: NotifyDataAvailable remoteEndPoint: 127.0.0.1:61360 localEndPoint: 127.0.0.1:61359
TpTrace Verbose: 0 : 29016, 12, 2024/12/06, 13:23:20.585, 18535394308234, vstest.console.dll, TestRequestSender.CheckVersionWithTestHost: onMessageReceived received message: (ProtocolVersion) -> {"MessageType":"ProtocolVersion","Payload":7}
TpTrace Verbose: 0 : 29016, 12, 2024/12/06, 13:23:20.585, 18535394311955, vstest.console.dll, MulticastDelegateUtilities.SafeInvoke: LengthPrefixCommunicationChannel: MessageReceived: Invoking callback 1/1 for Microsoft.VisualStudio.TestPlatform.CommunicationUtilities.TestRequestSender+<>c__DisplayClass29_0., took 0 ms.
TpTrace Verbose: 0 : 29016, 12, 2024/12/06, 13:23:20.585, 18535394312523, vstest.console.dll, TcpClientExtensions.MessageLoopAsync: Polling on remoteEndPoint: 127.0.0.1:61360 localEndPoint: 127.0.0.1:61359 after 63 ms
TpTrace Verbose: 0 : 29016, 5, 2024/12/06, 13:23:20.585, 18535394313208, vstest.console.dll, TestPluginCache.GetExtensionPaths: Filtered extension paths: 
TpTrace Verbose: 0 : 29016, 5, 2024/12/06, 13:23:20.585, 18535394313692, vstest.console.dll, TestPluginCache.GetExtensionPaths: Added default extension paths: C:\Program Files\dotnet\sdk\9.0.101\Extensions\Microsoft.Diagnostics.NETCore.Client.dll
C:\Program Files\dotnet\sdk\9.0.101\Extensions\Microsoft.TestPlatform.Extensions.BlameDataCollector.dll
C:\Program Files\dotnet\sdk\9.0.101\Extensions\Microsoft.TestPlatform.Extensions.EventLogCollector.dll
C:\Program Files\dotnet\sdk\9.0.101\Extensions\Microsoft.TestPlatform.TestHostRuntimeProvider.dll
C:\Program Files\dotnet\sdk\9.0.101\Extensions\Microsoft.VisualStudio.TestPlatform.Extensions.Html.TestLogger.dll
C:\Program Files\dotnet\sdk\9.0.101\Extensions\Microsoft.VisualStudio.TestPlatform.Extensions.Trx.TestLogger.dll
TpTrace Verbose: 0 : 29016, 5, 2024/12/06, 13:23:20.585, 18535394314340, vstest.console.dll, TestPluginCache.GetExtensionPaths: Added unfilterableExtensionPaths: 
TpTrace Verbose: 0 : 29016, 5, 2024/12/06, 13:23:20.587, 18535394328619, vstest.console.dll, TestRequestSender.InitializeExecution: Sending initialize execution with message: {"Version":7,"MessageType":"TestExecution.Initialize","Payload":["D:\\PeakFit\\PeakFit\\PeakFit.Tests\\bin\\Debug\\net8.0\\fine-code-coverage\\build-output\\NUnit3.TestAdapter.dll"]}
TpTrace Verbose: 0 : 29016, 5, 2024/12/06, 13:23:20.587, 18535394329642, vstest.console.dll, ParallelProxyExecutionManager.StartTestRunOnConcurrentManager: Execution starting. Started clients: 1
TpTrace Verbose: 0 : 29016, 5, 2024/12/06, 13:23:20.587, 18535394331030, vstest.console.dll, TestRunRequest:SendTestRunMessage: Starting.
TpTrace Verbose: 0 : 29016, 5, 2024/12/06, 13:23:20.587, 18535394331873, vstest.console.dll, MulticastDelegateUtilities.SafeInvoke: TestRun.LogMessages: Invoking callback 1/1 for Microsoft.VisualStudio.TestPlatform.CommandLine.TestRunResultAggregator., took 0 ms.
TpTrace Information: 0 : 29016, 5, 2024/12/06, 13:23:20.587, 18535394332055, vstest.console.dll, TestRunRequest:SendTestRunMessage: Completed.
TpTrace Verbose: 0 : 29016, 4, 2024/12/06, 13:23:20.587, 18535394333434, vstest.console.dll, MulticastDelegateUtilities.SafeInvoke: InternalTestLoggerEvents.SendTestRunMessage: Invoking callback 1/1 for Microsoft.VisualStudio.TestPlatform.CommandLine.Internal.ConsoleLogger., took 0 ms.
TpTrace Warning: 0 : 29016, 5, 2024/12/06, 13:23:20.587, 18535394333945, vstest.console.dll, InferRunSettingsHelper.MakeRunsettingsCompatible: Removing the following settings: TargetPlatform from RunSettings file. To use those settings please move to latest version of Microsoft.NET.Test.Sdk
TpTrace Verbose: 0 : 29016, 12, 2024/12/06, 13:23:20.588, 18535394344658, vstest.console.dll, TcpClientExtensions.MessageLoopAsync: NotifyDataAvailable remoteEndPoint: 127.0.0.1:61360 localEndPoint: 127.0.0.1:61359
TpTrace Verbose: 0 : 29016, 12, 2024/12/06, 13:23:20.588, 18535394346563, vstest.console.dll, TestRequestSender.OnExecutionMessageReceived: Received message: {"Version":7,"MessageType":"TestSession.Message","Payload":{"MessageLevel":0,"Message":"Logging TestHost Diagnostics in file: D:\\PeakFit\\PeakFit\\PeakFit.Tests\\bin\\Debug\\net8.0\\fine-code-coverage\\coverage-tool-output\\diagnostics.host.24-12-06_13-23-20_42257_5.log"}}
TpTrace Verbose: 0 : 29016, 12, 2024/12/06, 13:23:20.590, 18535394360651, vstest.console.dll, TestRunRequest:SendTestRunMessage: Starting.
TpTrace Verbose: 0 : 29016, 12, 2024/12/06, 13:23:20.590, 18535394361569, vstest.console.dll, MulticastDelegateUtilities.SafeInvoke: TestRun.LogMessages: Invoking callback 1/1 for Microsoft.VisualStudio.TestPlatform.CommandLine.TestRunResultAggregator., took 0 ms.
TpTrace Information: 0 : 29016, 12, 2024/12/06, 13:23:20.590, 18535394361747, vstest.console.dll, TestRunRequest:SendTestRunMessage: Completed.
TpTrace Verbose: 0 : 29016, 4, 2024/12/06, 13:23:20.590, 18535394361781, vstest.console.dll, MulticastDelegateUtilities.SafeInvoke: InternalTestLoggerEvents.SendTestRunMessage: Invoking callback 1/1 for Microsoft.VisualStudio.TestPlatform.CommandLine.Internal.ConsoleLogger., took 0 ms.
TpTrace Verbose: 0 : 29016, 12, 2024/12/06, 13:23:20.590, 18535394361950, vstest.console.dll, MulticastDelegateUtilities.SafeInvoke: LengthPrefixCommunicationChannel: MessageReceived: Invoking callback 1/1 for Microsoft.VisualStudio.TestPlatform.CommunicationUtilities.TestRequestSender+<>c__DisplayClass34_0., took 1 ms.
TpTrace Verbose: 0 : 29016, 12, 2024/12/06, 13:23:20.590, 18535394362760, vstest.console.dll, TcpClientExtensions.MessageLoopAsync: Polling on remoteEndPoint: 127.0.0.1:61360 localEndPoint: 127.0.0.1:61359 after 5 ms
TpTrace Verbose: 0 : 29016, 5, 2024/12/06, 13:23:20.591, 18535394376100, vstest.console.dll, TestRequestSender.StartTestRun: Sending test run with message: {"Version":7,"MessageType":"TestExecution.StartWithSources","Payload":{"AdapterSourceMap":{"_none_":["D:\\PeakFit\\PeakFit\\PeakFit.Tests\\bin\\Debug\\net8.0\\fine-code-coverage\\build-output\\PeakFit.Tests.dll"]},"RunSettings":"<RunSettings>\r\n  <RunConfiguration>\r\n    <ResultsDirectory>D:\\PeakFit\\PeakFit\\PeakFit.Tests\\bin\\Debug\\net8.0\\fine-code-coverage\\coverage-tool-output</ResultsDirectory>\r\n    <TargetFrameworkVersion>.NETCoreApp,Version=v8.0</TargetFrameworkVersion>\r\n    <DesignMode>False</DesignMode>\r\n    <CollectSourceInformation>False</CollectSourceInformation>\r\n  </RunConfiguration>\r\n  <LoggerRunSettings>\r\n    <Loggers>\r\n      <Logger friendlyName=\"blame\" enabled=\"True\" />\r\n      <Logger friendlyName=\"Console\" uri=\"logger://microsoft/TestPlatform/ConsoleLogger/v1\" assemblyQualifiedName=\"Microsoft.VisualStudio.TestPlatform.CommandLine.Internal.ConsoleLogger, vstest.console, Version=15.0.0.0, Culture=neutral, PublicKeyToken=b03f5f7f11d50a3a\" codeBase=\"C:\\Program Files\\dotnet\\sdk\\9.0.101\\vstest.console.dll\" enabled=\"True\" />\r\n    </Loggers>\r\n  </LoggerRunSettings>\r\n  <DataCollectionRunSettings>\r\n    <DataCollectors>\r\n      <DataCollector friendlyName=\"blame\" enabled=\"True\">\r\n        <Configuration>\r\n          <ResultsDirectory>D:\\PeakFit\\PeakFit\\PeakFit.Tests\\bin\\Debug\\net8.0\\fine-code-coverage\\coverage-tool-output</ResultsDirectory>\r\n        </Configuration>\r\n      </DataCollector>\r\n    </DataCollectors>\r\n  </DataCollectionRunSettings>\r\n</RunSettings>","TestExecutionContext":{"FrequencyOfRunStatsChangeEvent":10,"RunStatsChangeEventTimeout":"00:00:01.5000000","InIsolation":false,"KeepAlive":false,"AreTestCaseLevelEventsRequired":false,"IsDebug":false,"TestCaseFilter":null,"FilterOptions":null},"Package":null}}
TpTrace Verbose: 0 : 29016, 5, 2024/12/06, 13:23:20.592, 18535394377010, vstest.console.dll, ParallelProxyExecutionManager.StartTestRunOnConcurrentManager: Execution started. Started clients: 1
TpTrace Verbose: 0 : 29016, 12, 2024/12/06, 13:23:20.676, 18535395219545, vstest.console.dll, TcpClientExtensions.MessageLoopAsync: NotifyDataAvailable remoteEndPoint: 127.0.0.1:61360 localEndPoint: 127.0.0.1:61359
TpTrace Verbose: 0 : 29016, 12, 2024/12/06, 13:23:20.676, 18535395220590, vstest.console.dll, TestRequestSender.OnExecutionMessageReceived: Received message: {"Version":7,"MessageType":"TestSession.Message","Payload":{"MessageLevel":0,"Message":"NUnit Adapter 4.5.0.0: Test execution started"}}
TpTrace Verbose: 0 : 29016, 12, 2024/12/06, 13:23:20.676, 18535395221752, vstest.console.dll, TestRunRequest:SendTestRunMessage: Starting.
TpTrace Verbose: 0 : 29016, 12, 2024/12/06, 13:23:20.676, 18535395222095, vstest.console.dll, MulticastDelegateUtilities.SafeInvoke: TestRun.LogMessages: Invoking callback 1/1 for Microsoft.VisualStudio.TestPlatform.CommandLine.TestRunResultAggregator., took 0 ms.
TpTrace Information: 0 : 29016, 12, 2024/12/06, 13:23:20.676, 18535395222258, vstest.console.dll, TestRunRequest:SendTestRunMessage: Completed.
TpTrace Verbose: 0 : 29016, 12, 2024/12/06, 13:23:20.676, 18535395222422, vstest.console.dll, MulticastDelegateUtilities.SafeInvoke: LengthPrefixCommunicationChannel: MessageReceived: Invoking callback 1/1 for Microsoft.VisualStudio.TestPlatform.CommunicationUtilities.TestRequestSender+<>c__DisplayClass34_0., took 0 ms.
TpTrace Verbose: 0 : 29016, 4, 2024/12/06, 13:23:20.676, 18535395222381, vstest.console.dll, MulticastDelegateUtilities.SafeInvoke: InternalTestLoggerEvents.SendTestRunMessage: Invoking callback 1/1 for Microsoft.VisualStudio.TestPlatform.CommandLine.Internal.ConsoleLogger., took 0 ms.
TpTrace Verbose: 0 : 29016, 12, 2024/12/06, 13:23:20.676, 18535395222551, vstest.console.dll, TcpClientExtensions.MessageLoopAsync: Polling on remoteEndPoint: 127.0.0.1:61360 localEndPoint: 127.0.0.1:61359 after 85 ms
TpTrace Verbose: 0 : 29016, 12, 2024/12/06, 13:23:20.689, 18535395352712, vstest.console.dll, TcpClientExtensions.MessageLoopAsync: NotifyDataAvailable remoteEndPoint: 127.0.0.1:61360 localEndPoint: 127.0.0.1:61359
TpTrace Verbose: 0 : 29016, 12, 2024/12/06, 13:23:20.689, 18535395353710, vstest.console.dll, TestRequestSender.OnExecutionMessageReceived: Received message: {"Version":7,"MessageType":"TestSession.Message","Payload":{"MessageLevel":0,"Message":"Running all tests in D:\\PeakFit\\PeakFit\\PeakFit.Tests\\bin\\Debug\\net8.0\\fine-code-coverage\\build-output\\PeakFit.Tests.dll"}}
TpTrace Verbose: 0 : 29016, 12, 2024/12/06, 13:23:20.689, 18535395354710, vstest.console.dll, TestRunRequest:SendTestRunMessage: Starting.
TpTrace Verbose: 0 : 29016, 12, 2024/12/06, 13:23:20.689, 18535395355019, vstest.console.dll, MulticastDelegateUtilities.SafeInvoke: TestRun.LogMessages: Invoking callback 1/1 for Microsoft.VisualStudio.TestPlatform.CommandLine.TestRunResultAggregator., took 0 ms.
TpTrace Information: 0 : 29016, 12, 2024/12/06, 13:23:20.689, 18535395355207, vstest.console.dll, TestRunRequest:SendTestRunMessage: Completed.
TpTrace Verbose: 0 : 29016, 12, 2024/12/06, 13:23:20.689, 18535395355331, vstest.console.dll, MulticastDelegateUtilities.SafeInvoke: LengthPrefixCommunicationChannel: MessageReceived: Invoking callback 1/1 for Microsoft.VisualStudio.TestPlatform.CommunicationUtilities.TestRequestSender+<>c__DisplayClass34_0., took 0 ms.
TpTrace Verbose: 0 : 29016, 4, 2024/12/06, 13:23:20.689, 18535395355316, vstest.console.dll, MulticastDelegateUtilities.SafeInvoke: InternalTestLoggerEvents.SendTestRunMessage: Invoking callback 1/1 for Microsoft.VisualStudio.TestPlatform.CommandLine.Internal.ConsoleLogger., took 0 ms.
TpTrace Verbose: 0 : 29016, 12, 2024/12/06, 13:23:20.689, 18535395355462, vstest.console.dll, TcpClientExtensions.MessageLoopAsync: Polling on remoteEndPoint: 127.0.0.1:61360 localEndPoint: 127.0.0.1:61359 after 13 ms
TpTrace Verbose: 0 : 29016, 12, 2024/12/06, 13:23:20.767, 18535396127324, vstest.console.dll, TcpClientExtensions.MessageLoopAsync: NotifyDataAvailable remoteEndPoint: 127.0.0.1:61360 localEndPoint: 127.0.0.1:61359
TpTrace Verbose: 0 : 29016, 12, 2024/12/06, 13:23:20.767, 18535396129424, vstest.console.dll, TestRequestSender.OnExecutionMessageReceived: Received message: {"Version":7,"MessageType":"TestSession.Message","Payload":{"MessageLevel":0,"Message":"   NUnit3TestExecutor discovered 36 of 36 NUnit test cases using Current Discovery mode, Non-Explicit run"}}
TpTrace Verbose: 0 : 29016, 12, 2024/12/06, 13:23:20.767, 18535396130901, vstest.console.dll, TestRunRequest:SendTestRunMessage: Starting.
TpTrace Verbose: 0 : 29016, 12, 2024/12/06, 13:23:20.767, 18535396131719, vstest.console.dll, MulticastDelegateUtilities.SafeInvoke: TestRun.LogMessages: Invoking callback 1/1 for Microsoft.VisualStudio.TestPlatform.CommandLine.TestRunResultAggregator., took 0 ms.
TpTrace Information: 0 : 29016, 12, 2024/12/06, 13:23:20.767, 18535396132227, vstest.console.dll, TestRunRequest:SendTestRunMessage: Completed.
TpTrace Verbose: 0 : 29016, 4, 2024/12/06, 13:23:20.767, 18535396132426, vstest.console.dll, MulticastDelegateUtilities.SafeInvoke: InternalTestLoggerEvents.SendTestRunMessage: Invoking callback 1/1 for Microsoft.VisualStudio.TestPlatform.CommandLine.Internal.ConsoleLogger., took 0 ms.
TpTrace Verbose: 0 : 29016, 12, 2024/12/06, 13:23:20.767, 18535396132653, vstest.console.dll, MulticastDelegateUtilities.SafeInvoke: LengthPrefixCommunicationChannel: MessageReceived: Invoking callback 1/1 for Microsoft.VisualStudio.TestPlatform.CommunicationUtilities.TestRequestSender+<>c__DisplayClass34_0., took 0 ms.
TpTrace Verbose: 0 : 29016, 12, 2024/12/06, 13:23:20.767, 18535396133431, vstest.console.dll, TcpClientExtensions.MessageLoopAsync: Polling on remoteEndPoint: 127.0.0.1:61360 localEndPoint: 127.0.0.1:61359 after 77 ms
TpTrace Verbose: 0 : 29016, 12, 2024/12/06, 13:23:21.774, 18535406205622, vstest.console.dll, TcpClientExtensions.MessageLoopAsync: Polling on remoteEndPoint: 127.0.0.1:61360 localEndPoint: 127.0.0.1:61359 after 1007 ms
TpTrace Verbose: 0 : 29016, 12, 2024/12/06, 13:23:22.162, 18535410080798, vstest.console.dll, TcpClientExtensions.MessageLoopAsync: NotifyDataAvailable remoteEndPoint: 127.0.0.1:61360 localEndPoint: 127.0.0.1:61359
TpTrace Verbose: 0 : 29016, 12, 2024/12/06, 13:23:22.162, 18535410082224, vstest.console.dll, TestRequestSender.OnExecutionMessageReceived: Received message: {"Version":7,"MessageType":"TestExecution.StatsChange","Payload":{"NewTestResults":[],"TestRunStatistics":{"ExecutedTests":0,"Stats":{}},"ActiveTests":[{"Id":"d7d9a947-d2a7-283c-0448-9265308a1107","FullyQualifiedName":"PeakFit.Tests.AdminServiceUnitTests.AdminServiceShouldReturnPanelInformation","DisplayName":"AdminServiceShouldReturnPanelInformation","ExecutorUri":"executor://NUnit3TestExecutor","Source":"D:\\PeakFit\\PeakFit\\PeakFit.Tests\\bin\\Debug\\net8.0\\fine-code-coverage\\build-output\\PeakFit.Tests.dll","CodeFilePath":null,"LineNumber":0,"Properties":[{"Key":{"Id":"NUnit.Seed","Label":"Seed","Category":"","Description":"","Attributes":0,"ValueType":"System.String"},"Value":"1365053619"}]}]}}
TpTrace Verbose: 0 : 29016, 12, 2024/12/06, 13:23:22.173, 18535410194438, vstest.console.dll, TestRunRequest:SendTestRunStatsChange: Starting.
TpTrace Verbose: 0 : 29016, 12, 2024/12/06, 13:23:22.173, 18535410195543, vstest.console.dll, InProgress is AdminServiceShouldReturnPanelInformation
TpTrace Verbose: 0 : 29016, 12, 2024/12/06, 13:23:22.173, 18535410196156, vstest.console.dll, MulticastDelegateUtilities.SafeInvoke: TestRun.RunStatsChanged: Invoking callbacks was skipped because there are no subscribers.
TpTrace Information: 0 : 29016, 12, 2024/12/06, 13:23:22.173, 18535410196336, vstest.console.dll, TestRunRequest:SendTestRunStatsChange: Completed.
TpTrace Verbose: 0 : 29016, 12, 2024/12/06, 13:23:22.173, 18535410196776, vstest.console.dll, MulticastDelegateUtilities.SafeInvoke: LengthPrefixCommunicationChannel: MessageReceived: Invoking callback 1/1 for Microsoft.VisualStudio.TestPlatform.CommunicationUtilities.TestRequestSender+<>c__DisplayClass34_0., took 11 ms.
TpTrace Verbose: 0 : 29016, 12, 2024/12/06, 13:23:22.174, 18535410196948, vstest.console.dll, TcpClientExtensions.MessageLoopAsync: Polling on remoteEndPoint: 127.0.0.1:61360 localEndPoint: 127.0.0.1:61359 after 399 ms
TpTrace Verbose: 0 : 29016, 12, 2024/12/06, 13:23:23.178, 18535420237884, vstest.console.dll, TcpClientExtensions.MessageLoopAsync: Polling on remoteEndPoint: 127.0.0.1:61360 localEndPoint: 127.0.0.1:61359 after 1004 ms
TpTrace Verbose: 0 : 29016, 12, 2024/12/06, 13:23:23.333, 18535421791767, vstest.console.dll, TcpClientExtensions.MessageLoopAsync: NotifyDataAvailable remoteEndPoint: 127.0.0.1:61360 localEndPoint: 127.0.0.1:61359
TpTrace Verbose: 0 : 29016, 12, 2024/12/06, 13:23:23.333, 18535421794103, vstest.console.dll, TestRequestSender.OnExecutionMessageReceived: Received message: {"Version":7,"MessageType":"TestExecution.StatsChange","Payload":{"NewTestResults":[{"TestCase":{"Id":"d7d9a947-d2a7-283c-0448-9265308a1107","FullyQualifiedName":"PeakFit.Tests.AdminServiceUnitTests.AdminServiceShouldReturnPanelInformation","DisplayName":"AdminServiceShouldReturnPanelInformation","ExecutorUri":"executor://NUnit3TestExecutor","Source":"D:\\PeakFit\\PeakFit\\PeakFit.Tests\\bin\\Debug\\net8.0\\fine-code-coverage\\build-output\\PeakFit.Tests.dll","CodeFilePath":null,"LineNumber":0,"Properties":[{"Key":{"Id":"NUnit.Seed","Label":"Seed","Category":"","Description":"","Attributes":0,"ValueType":"System.String"},"Value":"1365053619"}]},"Attachments":[],"Outcome":1,"ErrorMessage":null,"ErrorStackTrace":null,"DisplayName":"AdminServiceShouldReturnPanelInformation","Messages":[],"ComputerName":"KVALCHEV","Duration":"00:00:02.3308540","StartTime":"2024-12-06T11:23:20.7847386+00:00","EndTime":"2024-12-06T11:23:23.1155457+00:00","Properties":[{"Key":{"Id":"NUnit.Seed","Label":"Seed","Category":"","Description":"","Attributes":0,"ValueType":"System.String"},"Value":"1365053619"}]},{"TestCase":{"Id":"554e39a3-4f3c-b590-0bf6-2b2ad50ab707","FullyQualifiedName":"PeakFit.Tests.ApplicationUserUnitTests.AllUsers_FilterByFirstName_ShouldReturnCorrectResult","DisplayName":"AllUsers_FilterByFirstName_ShouldReturnCorrectResult","ExecutorUri":"executor://NUnit3TestExecutor","Source":"D:\\PeakFit\\PeakFit\\PeakFit.Tests\\bin\\Debug\\net8.0\\fine-code-coverage\\build-output\\PeakFit.Tests.dll","CodeFilePath":null,"LineNumber":0,"Properties":[{"Key":{"Id":"NUnit.Seed","Label":"Seed","Category":"","Description":"","Attributes":0,"ValueType":"System.String"},"Value":"984985445"}]},"Attachments":[],"Outcome":1,"ErrorMessage":null,"ErrorStackTrace":null,"DisplayName":"AllUsers_FilterByFirstName_ShouldReturnCorrectResult","Messages":[],"ComputerName":"KVALCHEV","Duration":"00:00:00.1189120","StartTime":"2024-12-06T11:23:23.1182924+00:00","EndTime":"2024-12-06T11:23:23.2372043+00:00","Properties":[{"Key":{"Id":"NUnit.Seed","Label":"Seed","Category":"","Description":"","Attributes":0,"ValueType":"System.String"},"Value":"984985445"}]},{"TestCase":{"Id":"be7b0de2-d11a-f135-f245-60d4d247deaf","FullyQualifiedName":"PeakFit.Tests.ApplicationUserUnitTests.AllUsers_FilterByLastName_ShouldReturnCorrectResult","DisplayName":"AllUsers_FilterByLastName_ShouldReturnCorrectResult","ExecutorUri":"executor://NUnit3TestExecutor","Source":"D:\\PeakFit\\PeakFit\\PeakFit.Tests\\bin\\Debug\\net8.0\\fine-code-coverage\\build-output\\PeakFit.Tests.dll","CodeFilePath":null,"LineNumber":0,"Properties":[{"Key":{"Id":"NUnit.Seed","Label":"Seed","Category":"","Description":"","Attributes":0,"ValueType":"System.String"},"Value":"1613888354"}]},"Attachments":[],"Outcome":1,"ErrorMessage":null,"ErrorStackTrace":null,"DisplayName":"AllUsers_FilterByLastName_ShouldReturnCorrectResult","Messages":[],"ComputerName":"KVALCHEV","Duration":"00:00:00.0222670","StartTime":"2024-12-06T11:23:23.2372398+00:00","EndTime":"2024-12-06T11:23:23.2595065+00:00","Properties":[{"Key":{"Id":"NUnit.Seed","Label":"Seed","Category":"","Description":"","Attributes":0,"ValueType":"System.String"},"Value":"1613888354"}]},{"TestCase":{"Id":"ac23945b-32d4-fcb5-5252-5d7cf1065d72","FullyQualifiedName":"PeakFit.Tests.ApplicationUserUnitTests.AllUsers_FilterBySortingEmailAscending_ShouldReturnCorrectResult","DisplayName":"AllUsers_FilterBySortingEmailAscending_ShouldReturnCorrectResult","ExecutorUri":"executor://NUnit3TestExecutor","Source":"D:\\PeakFit\\PeakFit\\PeakFit.Tests\\bin\\Debug\\net8.0\\fine-code-coverage\\build-output\\PeakFit.Tests.dll","CodeFilePath":null,"LineNumber":0,"Properties":[{"Key":{"Id":"NUnit.Seed","Label":"Seed","Category":"","Description":"","Attributes":0,"ValueType":"System.String"},"Value":"462203057"}]},"Attachments":[],"Outcome":1,"ErrorMessage":null,"ErrorStackTrace":null,"DisplayName":"AllUsers_FilterBySortingEmailAscending_ShouldReturnCorrectResult","Messages":[],"ComputerName":"KVALCHEV","Duration":"00:00:00.0152540","StartTime":"2024-12-06T11:23:23.2595409+00:00","EndTime":"2024-12-06T11:23:23.2747948+00:00","Properties":[{"Key":{"Id":"NUnit.Seed","Label":"Seed","Category":"","Description":"","Attributes":0,"ValueType":"System.String"},"Value":"462203057"}]},{"TestCase":{"Id":"6d82c161-2825-6dff-a212-568d41695f07","FullyQualifiedName":"PeakFit.Tests.ApplicationUserUnitTests.AllUsers_FilterBySortingEmailDescending_ShouldReturnCorrectResult","DisplayName":"AllUsers_FilterBySortingEmailDescending_ShouldReturnCorrectResult","ExecutorUri":"executor://NUnit3TestExecutor","Source":"D:\\PeakFit\\PeakFit\\PeakFit.Tests\\bin\\Debug\\net8.0\\fine-code-coverage\\build-output\\PeakFit.Tests.dll","CodeFilePath":null,"LineNumber":0,"Properties":[{"Key":{"Id":"NUnit.Seed","Label":"Seed","Category":"","Description":"","Attributes":0,"ValueType":"System.String"},"Value":"1787429136"}]},"Attachments":[],"Outcome":1,"ErrorMessage":null,"ErrorStackTrace":null,"DisplayName":"AllUsers_FilterBySortingEmailDescending_ShouldReturnCorrectResult","Messages":[],"ComputerName":"KVALCHEV","Duration":"00:00:00.0116760","StartTime":"2024-12-06T11:23:23.274829+00:00","EndTime":"2024-12-06T11:23:23.2865043+00:00","Properties":[{"Key":{"Id":"NUnit.Seed","Label":"Seed","Category":"","Description":"","Attributes":0,"ValueType":"System.String"},"Value":"1787429136"}]},{"TestCase":{"Id":"31790a3d-d588-3126-64d3-73b5ee1cf7f4","FullyQualifiedName":"PeakFit.Tests.ApplicationUserUnitTests.AllUsers_FilterBySortingFirstNameAscending_ShouldReturnCorrectResult","DisplayName":"AllUsers_FilterBySortingFirstNameAscending_ShouldReturnCorrectResult","ExecutorUri":"executor://NUnit3TestExecutor","Source":"D:\\PeakFit\\PeakFit\\PeakFit.Tests\\bin\\Debug\\net8.0\\fine-code-coverage\\build-output\\PeakFit.Tests.dll","CodeFilePath":null,"LineNumber":0,"Properties":[{"Key":{"Id":"NUnit.Seed","Label":"Seed","Category":"","Description":"","Attributes":0,"ValueType":"System.String"},"Value":"321587925"}]},"Attachments":[],"Outcome":1,"ErrorMessage":null,"ErrorStackTrace":null,"DisplayName":"AllUsers_FilterBySortingFirstNameAscending_ShouldReturnCorrectResult","Messages":[],"ComputerName":"KVALCHEV","Duration":"00:00:00.0101240","StartTime":"2024-12-06T11:23:23.2865349+00:00","EndTime":"2024-12-06T11:23:23.2966588+00:00","Properties":[{"Key":{"Id":"NUnit.Seed","Label":"Seed","Category":"","Description":"","Attributes":0,"ValueType":"System.String"},"Value":"321587925"}]},{"TestCase":{"Id":"1dfafbc5-c380-6e10-cce8-f621b5110458","FullyQualifiedName":"PeakFit.Tests.ApplicationUserUnitTests.AllUsers_FilterBySortingFirstNameDescending_ShouldReturnCorrectResult","DisplayName":"AllUsers_FilterBySortingFirstNameDescending_ShouldReturnCorrectResult","ExecutorUri":"executor://NUnit3TestExecutor","Source":"D:\\PeakFit\\PeakFit\\PeakFit.Tests\\bin\\Debug\\net8.0\\fine-code-coverage\\build-output\\PeakFit.Tests.dll","CodeFilePath":null,"LineNumber":0,"Properties":[{"Key":{"Id":"NUnit.Seed","Label":"Seed","Category":"","Description":"","Attributes":0,"ValueType":"System.String"},"Value":"772065837"}]},"Attachments":[],"Outcome":1,"ErrorMessage":null,"ErrorStackTrace":null,"DisplayName":"AllUsers_FilterBySortingFirstNameDescending_ShouldReturnCorrectResult","Messages":[],"ComputerName":"KVALCHEV","Duration":"00:00:00.0095290","StartTime":"2024-12-06T11:23:23.2966899+00:00","EndTime":"2024-12-06T11:23:23.3062185+00:00","Properties":[{"Key":{"Id":"NUnit.Seed","Label":"Seed","Category":"","Description":"","Attributes":0,"ValueType":"System.String"},"Value":"772065837"}]},{"TestCase":{"Id":"0db7073b-b947-4f3e-e011-cb8bcd119aa9","FullyQualifiedName":"PeakFit.Tests.ApplicationUserUnitTests.AllUsers_FilterBySortingLastNameAscending_ShouldReturnCorrectResult","DisplayName":"AllUsers_FilterBySortingLastNameAscending_ShouldReturnCorrectResult","ExecutorUri":"executor://NUnit3TestExecutor","Source":"D:\\PeakFit\\PeakFit\\PeakFit.Tests\\bin\\Debug\\net8.0\\fine-code-coverage\\build-output\\PeakFit.Tests.dll","CodeFilePath":null,"LineNumber":0,"Properties":[{"Key":{"Id":"NUnit.Seed","Label":"Seed","Category":"","Description":"","Attributes":0,"ValueType":"System.String"},"Value":"110767395"}]},"Attachments":[],"Outcome":1,"ErrorMessage":null,"ErrorStackTrace":null,"DisplayName":"AllUsers_FilterBySortingLastNameAscending_ShouldReturnCorrectResult","Messages":[],"ComputerName":"KVALCHEV","Duration":"00:00:00.0095570","StartTime":"2024-12-06T11:23:23.3062532+00:00","EndTime":"2024-12-06T11:23:23.3158093+00:00","Properties":[{"Key":{"Id":"NUnit.Seed","Label":"Seed","Category":"","Description":"","Attributes":0,"ValueType":"System.String"},"Value":"110767395"}]},{"TestCase":{"Id":"dea8794d-c9e9-ff3b-4d52-f0f0d3c36a79","FullyQualifiedName":"PeakFit.Tests.ApplicationUserUnitTests.AllUsers_FilterBySortingLastNameDescending_ShouldReturnCorrectResult","DisplayName":"AllUsers_FilterBySortingLastNameDescending_ShouldReturnCorrectResult","ExecutorUri":"executor://NUnit3TestExecutor","Source":"D:\\PeakFit\\PeakFit\\PeakFit.Tests\\bin\\Debug\\net8.0\\fine-code-coverage\\build-output\\PeakFit.Tests.dll","CodeFilePath":null,"LineNumber":0,"Properties":[{"Key":{"Id":"NUnit.Seed","Label":"Seed","Category":"","Description":"","Attributes":0,"ValueType":"System.String"},"Value":"1831939458"}]},"Attachments":[],"Outcome":1,"ErrorMessage":null,"ErrorStackTrace":null,"DisplayName":"AllUsers_FilterBySortingLastNameDescending_ShouldReturnCorrectResult","Messages":[],"ComputerName":"KVALCHEV","Duration":"00:00:00.0099919","StartTime":"2024-12-06T11:23:23.315841+00:00","EndTime":"2024-12-06T11:23:23.3258322+00:00","Properties":[{"Key":{"Id":"NUnit.Seed","Label":"Seed","Category":"","Description":"","Attributes":0,"ValueType":"System.String"},"Value":"1831939458"}]}],"TestRunStatistics":{"ExecutedTests":9,"Stats":{"Passed":9}},"ActiveTests":[{"Id":"3c38aeac-611e-3436-12aa-83b8457d2281","FullyQualifiedName":"PeakFit.Tests.ApplicationUserUnitTests.DeleteAsync_ShouldDeleteTrainerAndComments","DisplayName":"DeleteAsync_ShouldDeleteTrainerAndComments","ExecutorUri":"executor://NUnit3TestExecutor","Source":"D:\\PeakFit\\PeakFit\\PeakFit.Tests\\bin\\Debug\\net8.0\\fine-code-coverage\\build-output\\PeakFit.Tests.dll","CodeFilePath":null,"LineNumber":0,"Properties":[{"Key":{"Id":"NUnit.Seed","Label":"Seed","Category":"","Description":"","Attributes":0,"ValueType":"System.String"},"Value":"474586638"}]}]}}
TpTrace Verbose: 0 : 29016, 12, 2024/12/06, 13:23:23.339, 18535421851193, vstest.console.dll, TestRunRequest:SendTestRunStatsChange: Starting.
TpTrace Verbose: 0 : 29016, 12, 2024/12/06, 13:23:23.339, 18535421851926, vstest.console.dll, InProgress is DeleteAsync_ShouldDeleteTrainerAndComments
TpTrace Verbose: 0 : 29016, 12, 2024/12/06, 13:23:23.339, 18535421852988, vstest.console.dll, MulticastDelegateUtilities.SafeInvoke: TestRun.RunStatsChanged: Invoking callbacks was skipped because there are no subscribers.
TpTrace Information: 0 : 29016, 12, 2024/12/06, 13:23:23.339, 18535421853184, vstest.console.dll, TestRunRequest:SendTestRunStatsChange: Completed.
TpTrace Verbose: 0 : 29016, 12, 2024/12/06, 13:23:23.339, 18535421853347, vstest.console.dll, MulticastDelegateUtilities.SafeInvoke: LengthPrefixCommunicationChannel: MessageReceived: Invoking callback 1/1 for Microsoft.VisualStudio.TestPlatform.CommunicationUtilities.TestRequestSender+<>c__DisplayClass34_0., took 5 ms.
TpTrace Verbose: 0 : 29016, 12, 2024/12/06, 13:23:23.339, 18535421853504, vstest.console.dll, TcpClientExtensions.MessageLoopAsync: Polling on remoteEndPoint: 127.0.0.1:61360 localEndPoint: 127.0.0.1:61359 after 161 ms
TpTrace Verbose: 0 : 29016, 4, 2024/12/06, 13:23:23.340, 18535421864651, vstest.console.dll, MulticastDelegateUtilities.SafeInvoke: InternalTestLoggerEvents.SendTestResult: Invoking callback 1/1 for Microsoft.VisualStudio.TestPlatform.CommandLine.Internal.ConsoleLogger., took 1 ms.
TpTrace Verbose: 0 : 29016, 4, 2024/12/06, 13:23:23.340, 18535421866817, vstest.console.dll, MulticastDelegateUtilities.SafeInvoke: InternalTestLoggerEvents.SendTestResult: Invoking callback 1/1 for Microsoft.VisualStudio.TestPlatform.CommandLine.Internal.ConsoleLogger., took 0 ms.
TpTrace Verbose: 0 : 29016, 4, 2024/12/06, 13:23:23.341, 18535421867362, vstest.console.dll, MulticastDelegateUtilities.SafeInvoke: InternalTestLoggerEvents.SendTestResult: Invoking callback 1/1 for Microsoft.VisualStudio.TestPlatform.CommandLine.Internal.ConsoleLogger., took 0 ms.
TpTrace Verbose: 0 : 29016, 4, 2024/12/06, 13:23:23.341, 18535421867605, vstest.console.dll, MulticastDelegateUtilities.SafeInvoke: InternalTestLoggerEvents.SendTestResult: Invoking callback 1/1 for Microsoft.VisualStudio.TestPlatform.CommandLine.Internal.ConsoleLogger., took 0 ms.
TpTrace Verbose: 0 : 29016, 4, 2024/12/06, 13:23:23.341, 18535421867888, vstest.console.dll, MulticastDelegateUtilities.SafeInvoke: InternalTestLoggerEvents.SendTestResult: Invoking callback 1/1 for Microsoft.VisualStudio.TestPlatform.CommandLine.Internal.ConsoleLogger., took 0 ms.
TpTrace Verbose: 0 : 29016, 4, 2024/12/06, 13:23:23.341, 18535421868101, vstest.console.dll, MulticastDelegateUtilities.SafeInvoke: InternalTestLoggerEvents.SendTestResult: Invoking callback 1/1 for Microsoft.VisualStudio.TestPlatform.CommandLine.Internal.ConsoleLogger., took 0 ms.
TpTrace Verbose: 0 : 29016, 4, 2024/12/06, 13:23:23.341, 18535421868326, vstest.console.dll, MulticastDelegateUtilities.SafeInvoke: InternalTestLoggerEvents.SendTestResult: Invoking callback 1/1 for Microsoft.VisualStudio.TestPlatform.CommandLine.Internal.ConsoleLogger., took 0 ms.
TpTrace Verbose: 0 : 29016, 4, 2024/12/06, 13:23:23.341, 18535421868535, vstest.console.dll, MulticastDelegateUtilities.SafeInvoke: InternalTestLoggerEvents.SendTestResult: Invoking callback 1/1 for Microsoft.VisualStudio.TestPlatform.CommandLine.Internal.ConsoleLogger., took 0 ms.
TpTrace Verbose: 0 : 29016, 4, 2024/12/06, 13:23:23.341, 18535421868689, vstest.console.dll, MulticastDelegateUtilities.SafeInvoke: InternalTestLoggerEvents.SendTestResult: Invoking callback 1/1 for Microsoft.VisualStudio.TestPlatform.CommandLine.Internal.ConsoleLogger., took 0 ms.
TpTrace Verbose: 0 : 29016, 12, 2024/12/06, 13:23:23.430, 18535422765227, vstest.console.dll, TcpClientExtensions.MessageLoopAsync: NotifyDataAvailable remoteEndPoint: 127.0.0.1:61360 localEndPoint: 127.0.0.1:61359
TpTrace Verbose: 0 : 29016, 12, 2024/12/06, 13:23:23.431, 18535422767055, vstest.console.dll, TestRequestSender.OnExecutionMessageReceived: Received message: {"Version":7,"MessageType":"TestExecution.StatsChange","Payload":{"NewTestResults":[{"TestCase":{"Id":"3c38aeac-611e-3436-12aa-83b8457d2281","FullyQualifiedName":"PeakFit.Tests.ApplicationUserUnitTests.DeleteAsync_ShouldDeleteTrainerAndComments","DisplayName":"DeleteAsync_ShouldDeleteTrainerAndComments","ExecutorUri":"executor://NUnit3TestExecutor","Source":"D:\\PeakFit\\PeakFit\\PeakFit.Tests\\bin\\Debug\\net8.0\\fine-code-coverage\\build-output\\PeakFit.Tests.dll","CodeFilePath":null,"LineNumber":0,"Properties":[{"Key":{"Id":"NUnit.Seed","Label":"Seed","Category":"","Description":"","Attributes":0,"ValueType":"System.String"},"Value":"474586638"}]},"Attachments":[],"Outcome":1,"ErrorMessage":null,"ErrorStackTrace":null,"DisplayName":"DeleteAsync_ShouldDeleteTrainerAndComments","Messages":[],"ComputerName":"KVALCHEV","Duration":"00:00:00.0640370","StartTime":"2024-12-06T11:23:23.3258652+00:00","EndTime":"2024-12-06T11:23:23.3899013+00:00","Properties":[{"Key":{"Id":"NUnit.Seed","Label":"Seed","Category":"","Description":"","Attributes":0,"ValueType":"System.String"},"Value":"474586638"}]},{"TestCase":{"Id":"1eb8badc-87bb-f323-8456-16a665bb2ac0","FullyQualifiedName":"PeakFit.Tests.ApplicationUserUnitTests.DeleteAsync_ShouldDeleteTrainerAndEvents","DisplayName":"DeleteAsync_ShouldDeleteTrainerAndEvents","ExecutorUri":"executor://NUnit3TestExecutor","Source":"D:\\PeakFit\\PeakFit\\PeakFit.Tests\\bin\\Debug\\net8.0\\fine-code-coverage\\build-output\\PeakFit.Tests.dll","CodeFilePath":null,"LineNumber":0,"Properties":[{"Key":{"Id":"NUnit.Seed","Label":"Seed","Category":"","Description":"","Attributes":0,"ValueType":"System.String"},"Value":"1531945993"}]},"Attachments":[],"Outcome":1,"ErrorMessage":null,"ErrorStackTrace":null,"DisplayName":"DeleteAsync_ShouldDeleteTrainerAndEvents","Messages":[],"ComputerName":"KVALCHEV","Duration":"00:00:00.0051130","StartTime":"2024-12-06T11:23:23.3899413+00:00","EndTime":"2024-12-06T11:23:23.3950538+00:00","Properties":[{"Key":{"Id":"NUnit.Seed","Label":"Seed","Category":"","Description":"","Attributes":0,"ValueType":"System.String"},"Value":"1531945993"}]},{"TestCase":{"Id":"71f660c4-253c-afdc-22a1-5c011261f63b","FullyQualifiedName":"PeakFit.Tests.ApplicationUserUnitTests.DeleteAsync_ShouldDeleteTrainerAndProgramExercises","DisplayName":"DeleteAsync_ShouldDeleteTrainerAndProgramExercises","ExecutorUri":"executor://NUnit3TestExecutor","Source":"D:\\PeakFit\\PeakFit\\PeakFit.Tests\\bin\\Debug\\net8.0\\fine-code-coverage\\build-output\\PeakFit.Tests.dll","CodeFilePath":null,"LineNumber":0,"Properties":[{"Key":{"Id":"NUnit.Seed","Label":"Seed","Category":"","Description":"","Attributes":0,"ValueType":"System.String"},"Value":"2024341553"}]},"Attachments":[],"Outcome":1,"ErrorMessage":null,"ErrorStackTrace":null,"DisplayName":"DeleteAsync_ShouldDeleteTrainerAndProgramExercises","Messages":[],"ComputerName":"KVALCHEV","Duration":"00:00:00.0049730","StartTime":"2024-12-06T11:23:23.395092+00:00","EndTime":"2024-12-06T11:23:23.4000642+00:00","Properties":[{"Key":{"Id":"NUnit.Seed","Label":"Seed","Category":"","Description":"","Attributes":0,"ValueType":"System.String"},"Value":"2024341553"}]},{"TestCase":{"Id":"bbe456a9-3f0e-94d9-9dd0-07d46800e5ab","FullyQualifiedName":"PeakFit.Tests.ApplicationUserUnitTests.DeleteAsync_ShouldDeleteTrainerAndRatings","DisplayName":"DeleteAsync_ShouldDeleteTrainerAndRatings","ExecutorUri":"executor://NUnit3TestExecutor","Source":"D:\\PeakFit\\PeakFit\\PeakFit.Tests\\bin\\Debug\\net8.0\\fine-code-coverage\\build-output\\PeakFit.Tests.dll","CodeFilePath":null,"LineNumber":0,"Properties":[{"Key":{"Id":"NUnit.Seed","Label":"Seed","Category":"","Description":"","Attributes":0,"ValueType":"System.String"},"Value":"341398361"}]},"Attachments":[],"Outcome":1,"ErrorMessage":null,"ErrorStackTrace":null,"DisplayName":"DeleteAsync_ShouldDeleteTrainerAndRatings","Messages":[],"ComputerName":"KVALCHEV","Duration":"00:00:00.0041160","StartTime":"2024-12-06T11:23:23.4001963+00:00","EndTime":"2024-12-06T11:23:23.4043124+00:00","Properties":[{"Key":{"Id":"NUnit.Seed","Label":"Seed","Category":"","Description":"","Attributes":0,"ValueType":"System.String"},"Value":"341398361"}]},{"TestCase":{"Id":"c297a021-7ca3-fd19-9bb0-2de6fb49306f","FullyQualifiedName":"PeakFit.Tests.ApplicationUserUnitTests.DeleteAsync_ShouldDeleteTrainerAndTrainingPrograms","DisplayName":"DeleteAsync_ShouldDeleteTrainerAndTrainingPrograms","ExecutorUri":"executor://NUnit3TestExecutor","Source":"D:\\PeakFit\\PeakFit\\PeakFit.Tests\\bin\\Debug\\net8.0\\fine-code-coverage\\build-output\\PeakFit.Tests.dll","CodeFilePath":null,"LineNumber":0,"Properties":[{"Key":{"Id":"NUnit.Seed","Label":"Seed","Category":"","Description":"","Attributes":0,"ValueType":"System.String"},"Value":"1111866767"}]},"Attachments":[],"Outcome":1,"ErrorMessage":null,"ErrorStackTrace":null,"DisplayName":"DeleteAsync_ShouldDeleteTrainerAndTrainingPrograms","Messages":[],"ComputerName":"KVALCHEV","Duration":"00:00:00.0039760","StartTime":"2024-12-06T11:23:23.4043351+00:00","EndTime":"2024-12-06T11:23:23.4083112+00:00","Properties":[{"Key":{"Id":"NUnit.Seed","Label":"Seed","Category":"","Description":"","Attributes":0,"ValueType":"System.String"},"Value":"1111866767"}]},{"TestCase":{"Id":"60466bd7-3621-9a7b-ce2b-67fe568b05c7","FullyQualifiedName":"PeakFit.Tests.ApplicationUserUnitTests.DeleteAsync_ShouldDeleteTrainerAndUserPrograms","DisplayName":"DeleteAsync_ShouldDeleteTrainerAndUserPrograms","ExecutorUri":"executor://NUnit3TestExecutor","Source":"D:\\PeakFit\\PeakFit\\PeakFit.Tests\\bin\\Debug\\net8.0\\fine-code-coverage\\build-output\\PeakFit.Tests.dll","CodeFilePath":null,"LineNumber":0,"Properties":[{"Key":{"Id":"NUnit.Seed","Label":"Seed","Category":"","Description":"","Attributes":0,"ValueType":"System.String"},"Value":"1301814273"}]},"Attachments":[],"Outcome":1,"ErrorMessage":null,"ErrorStackTrace":null,"DisplayName":"DeleteAsync_ShouldDeleteTrainerAndUserPrograms","Messages":[],"ComputerName":"KVALCHEV","Duration":"00:00:00.0039439","StartTime":"2024-12-06T11:23:23.4083311+00:00","EndTime":"2024-12-06T11:23:23.4122754+00:00","Properties":[{"Key":{"Id":"NUnit.Seed","Label":"Seed","Category":"","Description":"","Attributes":0,"ValueType":"System.String"},"Value":"1301814273"}]},{"TestCase":{"Id":"295c4f52-f297-043c-2ab3-6e4236d03106","FullyQualifiedName":"PeakFit.Tests.ApplicationUserUnitTests.DeleteAsync_ShouldDeleteUser","DisplayName":"DeleteAsync_ShouldDeleteUser","ExecutorUri":"executor://NUnit3TestExecutor","Source":"D:\\PeakFit\\PeakFit\\PeakFit.Tests\\bin\\Debug\\net8.0\\fine-code-coverage\\build-output\\PeakFit.Tests.dll","CodeFilePath":null,"LineNumber":0,"Properties":[{"Key":{"Id":"NUnit.Seed","Label":"Seed","Category":"","Description":"","Attributes":0,"ValueType":"System.String"},"Value":"795589569"}]},"Attachments":[],"Outcome":1,"ErrorMessage":null,"ErrorStackTrace":null,"DisplayName":"DeleteAsync_ShouldDeleteUser","Messages":[],"ComputerName":"KVALCHEV","Duration":"00:00:00.0114889","StartTime":"2024-12-06T11:23:23.4123094+00:00","EndTime":"2024-12-06T11:23:23.4237981+00:00","Properties":[{"Key":{"Id":"NUnit.Seed","Label":"Seed","Category":"","Description":"","Attributes":0,"ValueType":"System.String"},"Value":"795589569"}]},{"TestCase":{"Id":"43bf4964-ebc2-8075-7d50-f67ccf8a9c9f","FullyQualifiedName":"PeakFit.Tests.ApplicationUserUnitTests.ExistsAsync_ShouldReturnFalse","DisplayName":"ExistsAsync_ShouldReturnFalse","ExecutorUri":"executor://NUnit3TestExecutor","Source":"D:\\PeakFit\\PeakFit\\PeakFit.Tests\\bin\\Debug\\net8.0\\fine-code-coverage\\build-output\\PeakFit.Tests.dll","CodeFilePath":null,"LineNumber":0,"Properties":[{"Key":{"Id":"NUnit.Seed","Label":"Seed","Category":"","Description":"","Attributes":0,"ValueType":"System.String"},"Value":"673647235"}]},"Attachments":[],"Outcome":1,"ErrorMessage":null,"ErrorStackTrace":null,"DisplayName":"ExistsAsync_ShouldReturnFalse","Messages":[],"ComputerName":"KVALCHEV","Duration":"00:00:00.0019220","StartTime":"2024-12-06T11:23:23.423828+00:00","EndTime":"2024-12-06T11:23:23.4257498+00:00","Properties":[{"Key":{"Id":"NUnit.Seed","Label":"Seed","Category":"","Description":"","Attributes":0,"ValueType":"System.String"},"Value":"673647235"}]},{"TestCase":{"Id":"808f3df8-f8d6-bfc4-acfe-3d9c9b4da1f8","FullyQualifiedName":"PeakFit.Tests.ApplicationUserUnitTests.ExistsAsync_ShouldReturnTrue","DisplayName":"ExistsAsync_ShouldReturnTrue","ExecutorUri":"executor://NUnit3TestExecutor","Source":"D:\\PeakFit\\PeakFit\\PeakFit.Tests\\bin\\Debug\\net8.0\\fine-code-coverage\\build-output\\PeakFit.Tests.dll","CodeFilePath":null,"LineNumber":0,"Properties":[{"Key":{"Id":"NUnit.Seed","Label":"Seed","Category":"","Description":"","Attributes":0,"ValueType":"System.String"},"Value":"1581132442"}]},"Attachments":[],"Outcome":1,"ErrorMessage":null,"ErrorStackTrace":null,"DisplayName":"ExistsAsync_ShouldReturnTrue","Messages":[],"ComputerName":"KVALCHEV","Duration":"00:00:00.0015030","StartTime":"2024-12-06T11:23:23.4257636+00:00","EndTime":"2024-12-06T11:23:23.4272669+00:00","Properties":[{"Key":{"Id":"NUnit.Seed","Label":"Seed","Category":"","Description":"","Attributes":0,"ValueType":"System.String"},"Value":"1581132442"}]}],"TestRunStatistics":{"ExecutedTests":18,"Stats":{"Passed":18}},"ActiveTests":[{"Id":"6c8a6757-a5e3-3c98-8389-423281aad43d","FullyQualifiedName":"PeakFit.Tests.ApplicationUserUnitTests.IsAdminAsync_ShouldReturnFalse","DisplayName":"IsAdminAsync_ShouldReturnFalse","ExecutorUri":"executor://NUnit3TestExecutor","Source":"D:\\PeakFit\\PeakFit\\PeakFit.Tests\\bin\\Debug\\net8.0\\fine-code-coverage\\build-output\\PeakFit.Tests.dll","CodeFilePath":null,"LineNumber":0,"Properties":[{"Key":{"Id":"NUnit.Seed","Label":"Seed","Category":"","Description":"","Attributes":0,"ValueType":"System.String"},"Value":"1076418551"}]}]}}
TpTrace Verbose: 0 : 29016, 12, 2024/12/06, 13:23:23.432, 18535422779187, vstest.console.dll, TestRunRequest:SendTestRunStatsChange: Starting.
TpTrace Verbose: 0 : 29016, 12, 2024/12/06, 13:23:23.432, 18535422779673, vstest.console.dll, InProgress is IsAdminAsync_ShouldReturnFalse
TpTrace Verbose: 0 : 29016, 12, 2024/12/06, 13:23:23.432, 18535422780058, vstest.console.dll, MulticastDelegateUtilities.SafeInvoke: TestRun.RunStatsChanged: Invoking callbacks was skipped because there are no subscribers.
TpTrace Information: 0 : 29016, 12, 2024/12/06, 13:23:23.432, 18535422780347, vstest.console.dll, TestRunRequest:SendTestRunStatsChange: Completed.
TpTrace Verbose: 0 : 29016, 12, 2024/12/06, 13:23:23.432, 18535422780495, vstest.console.dll, MulticastDelegateUtilities.SafeInvoke: LengthPrefixCommunicationChannel: MessageReceived: Invoking callback 1/1 for Microsoft.VisualStudio.TestPlatform.CommunicationUtilities.TestRequestSender+<>c__DisplayClass34_0., took 1 ms.
TpTrace Verbose: 0 : 29016, 12, 2024/12/06, 13:23:23.432, 18535422780653, vstest.console.dll, TcpClientExtensions.MessageLoopAsync: Polling on remoteEndPoint: 127.0.0.1:61360 localEndPoint: 127.0.0.1:61359 after 92 ms
TpTrace Verbose: 0 : 29016, 4, 2024/12/06, 13:23:23.432, 18535422781609, vstest.console.dll, MulticastDelegateUtilities.SafeInvoke: InternalTestLoggerEvents.SendTestResult: Invoking callback 1/1 for Microsoft.VisualStudio.TestPlatform.CommandLine.Internal.ConsoleLogger., took 0 ms.
TpTrace Verbose: 0 : 29016, 4, 2024/12/06, 13:23:23.432, 18535422782170, vstest.console.dll, MulticastDelegateUtilities.SafeInvoke: InternalTestLoggerEvents.SendTestResult: Invoking callback 1/1 for Microsoft.VisualStudio.TestPlatform.CommandLine.Internal.ConsoleLogger., took 0 ms.
TpTrace Verbose: 0 : 29016, 4, 2024/12/06, 13:23:23.433, 18535422789172, vstest.console.dll, MulticastDelegateUtilities.SafeInvoke: InternalTestLoggerEvents.SendTestResult: Invoking callback 1/1 for Microsoft.VisualStudio.TestPlatform.CommandLine.Internal.ConsoleLogger., took 0 ms.
TpTrace Verbose: 0 : 29016, 4, 2024/12/06, 13:23:23.433, 18535422789770, vstest.console.dll, MulticastDelegateUtilities.SafeInvoke: InternalTestLoggerEvents.SendTestResult: Invoking callback 1/1 for Microsoft.VisualStudio.TestPlatform.CommandLine.Internal.ConsoleLogger., took 0 ms.
TpTrace Verbose: 0 : 29016, 4, 2024/12/06, 13:23:23.433, 18535422789979, vstest.console.dll, MulticastDelegateUtilities.SafeInvoke: InternalTestLoggerEvents.SendTestResult: Invoking callback 1/1 for Microsoft.VisualStudio.TestPlatform.CommandLine.Internal.ConsoleLogger., took 0 ms.
TpTrace Verbose: 0 : 29016, 4, 2024/12/06, 13:23:23.433, 18535422790152, vstest.console.dll, MulticastDelegateUtilities.SafeInvoke: InternalTestLoggerEvents.SendTestResult: Invoking callback 1/1 for Microsoft.VisualStudio.TestPlatform.CommandLine.Internal.ConsoleLogger., took 0 ms.
TpTrace Verbose: 0 : 29016, 4, 2024/12/06, 13:23:23.433, 18535422790346, vstest.console.dll, MulticastDelegateUtilities.SafeInvoke: InternalTestLoggerEvents.SendTestResult: Invoking callback 1/1 for Microsoft.VisualStudio.TestPlatform.CommandLine.Internal.ConsoleLogger., took 0 ms.
TpTrace Verbose: 0 : 29016, 4, 2024/12/06, 13:23:23.433, 18535422790499, vstest.console.dll, MulticastDelegateUtilities.SafeInvoke: InternalTestLoggerEvents.SendTestResult: Invoking callback 1/1 for Microsoft.VisualStudio.TestPlatform.CommandLine.Internal.ConsoleLogger., took 0 ms.
TpTrace Verbose: 0 : 29016, 4, 2024/12/06, 13:23:23.433, 18535422790665, vstest.console.dll, MulticastDelegateUtilities.SafeInvoke: InternalTestLoggerEvents.SendTestResult: Invoking callback 1/1 for Microsoft.VisualStudio.TestPlatform.CommandLine.Internal.ConsoleLogger., took 0 ms.
TpTrace Verbose: 0 : 29016, 12, 2024/12/06, 13:23:23.467, 18535423134838, vstest.console.dll, TcpClientExtensions.MessageLoopAsync: NotifyDataAvailable remoteEndPoint: 127.0.0.1:61360 localEndPoint: 127.0.0.1:61359
TpTrace Verbose: 0 : 29016, 12, 2024/12/06, 13:23:23.467, 18535423136402, vstest.console.dll, TestRequestSender.OnExecutionMessageReceived: Received message: {"Version":7,"MessageType":"TestExecution.StatsChange","Payload":{"NewTestResults":[{"TestCase":{"Id":"6c8a6757-a5e3-3c98-8389-423281aad43d","FullyQualifiedName":"PeakFit.Tests.ApplicationUserUnitTests.IsAdminAsync_ShouldReturnFalse","DisplayName":"IsAdminAsync_ShouldReturnFalse","ExecutorUri":"executor://NUnit3TestExecutor","Source":"D:\\PeakFit\\PeakFit\\PeakFit.Tests\\bin\\Debug\\net8.0\\fine-code-coverage\\build-output\\PeakFit.Tests.dll","CodeFilePath":null,"LineNumber":0,"Properties":[{"Key":{"Id":"NUnit.Seed","Label":"Seed","Category":"","Description":"","Attributes":0,"ValueType":"System.String"},"Value":"1076418551"}]},"Attachments":[],"Outcome":1,"ErrorMessage":null,"ErrorStackTrace":null,"DisplayName":"IsAdminAsync_ShouldReturnFalse","Messages":[],"ComputerName":"KVALCHEV","Duration":"00:00:00.0086570","StartTime":"2024-12-06T11:23:23.4272779+00:00","EndTime":"2024-12-06T11:23:23.4359342+00:00","Properties":[{"Key":{"Id":"NUnit.Seed","Label":"Seed","Category":"","Description":"","Attributes":0,"ValueType":"System.String"},"Value":"1076418551"}]},{"TestCase":{"Id":"57ce4103-f1d7-1671-cda4-05a817cbd007","FullyQualifiedName":"PeakFit.Tests.ApplicationUserUnitTests.IsAdminAsync_ShouldReturnTrue","DisplayName":"IsAdminAsync_ShouldReturnTrue","ExecutorUri":"executor://NUnit3TestExecutor","Source":"D:\\PeakFit\\PeakFit\\PeakFit.Tests\\bin\\Debug\\net8.0\\fine-code-coverage\\build-output\\PeakFit.Tests.dll","CodeFilePath":null,"LineNumber":0,"Properties":[{"Key":{"Id":"NUnit.Seed","Label":"Seed","Category":"","Description":"","Attributes":0,"ValueType":"System.String"},"Value":"1656959049"}]},"Attachments":[],"Outcome":1,"ErrorMessage":null,"ErrorStackTrace":null,"DisplayName":"IsAdminAsync_ShouldReturnTrue","Messages":[],"ComputerName":"KVALCHEV","Duration":"00:00:00.0112870","StartTime":"2024-12-06T11:23:23.4359618+00:00","EndTime":"2024-12-06T11:23:23.4472483+00:00","Properties":[{"Key":{"Id":"NUnit.Seed","Label":"Seed","Category":"","Description":"","Attributes":0,"ValueType":"System.String"},"Value":"1656959049"}]},{"TestCase":{"Id":"da665408-4b9b-9239-47cf-b060e92c953a","FullyQualifiedName":"PeakFit.Tests.ApplicationUserUnitTests.IsTrainerAsync_ShouldReturnFalse","DisplayName":"IsTrainerAsync_ShouldReturnFalse","ExecutorUri":"executor://NUnit3TestExecutor","Source":"D:\\PeakFit\\PeakFit\\PeakFit.Tests\\bin\\Debug\\net8.0\\fine-code-coverage\\build-output\\PeakFit.Tests.dll","CodeFilePath":null,"LineNumber":0,"Properties":[{"Key":{"Id":"NUnit.Seed","Label":"Seed","Category":"","Description":"","Attributes":0,"ValueType":"System.String"},"Value":"1602334103"}]},"Attachments":[],"Outcome":1,"ErrorMessage":null,"ErrorStackTrace":null,"DisplayName":"IsTrainerAsync_ShouldReturnFalse","Messages":[],"ComputerName":"KVALCHEV","Duration":"00:00:00.0021040","StartTime":"2024-12-06T11:23:23.4472751+00:00","EndTime":"2024-12-06T11:23:23.4493793+00:00","Properties":[{"Key":{"Id":"NUnit.Seed","Label":"Seed","Category":"","Description":"","Attributes":0,"ValueType":"System.String"},"Value":"1602334103"}]},{"TestCase":{"Id":"1886fa25-09d6-8617-6f94-0a9191a81c84","FullyQualifiedName":"PeakFit.Tests.ApplicationUserUnitTests.IsTrainerAsync_ShouldReturnTrue","DisplayName":"IsTrainerAsync_ShouldReturnTrue","ExecutorUri":"executor://NUnit3TestExecutor","Source":"D:\\PeakFit\\PeakFit\\PeakFit.Tests\\bin\\Debug\\net8.0\\fine-code-coverage\\build-output\\PeakFit.Tests.dll","CodeFilePath":null,"LineNumber":0,"Properties":[{"Key":{"Id":"NUnit.Seed","Label":"Seed","Category":"","Description":"","Attributes":0,"ValueType":"System.String"},"Value":"1256382721"}]},"Attachments":[],"Outcome":1,"ErrorMessage":null,"ErrorStackTrace":null,"DisplayName":"IsTrainerAsync_ShouldReturnTrue","Messages":[],"ComputerName":"KVALCHEV","Duration":"00:00:00.0018480","StartTime":"2024-12-06T11:23:23.4493921+00:00","EndTime":"2024-12-06T11:23:23.4512401+00:00","Properties":[{"Key":{"Id":"NUnit.Seed","Label":"Seed","Category":"","Description":"","Attributes":0,"ValueType":"System.String"},"Value":"1256382721"}]},{"TestCase":{"Id":"b3768be2-2942-4778-dc61-7b98215d7e14","FullyQualifiedName":"PeakFit.Tests.ApplicationUserUnitTests.IsUserAsync_ShouldReturnFalse","DisplayName":"IsUserAsync_ShouldReturnFalse","ExecutorUri":"executor://NUnit3TestExecutor","Source":"D:\\PeakFit\\PeakFit\\PeakFit.Tests\\bin\\Debug\\net8.0\\fine-code-coverage\\build-output\\PeakFit.Tests.dll","CodeFilePath":null,"LineNumber":0,"Properties":[{"Key":{"Id":"NUnit.Seed","Label":"Seed","Category":"","Description":"","Attributes":0,"ValueType":"System.String"},"Value":"87767589"}]},"Attachments":[],"Outcome":1,"ErrorMessage":null,"ErrorStackTrace":null,"DisplayName":"IsUserAsync_ShouldReturnFalse","Messages":[],"ComputerName":"KVALCHEV","Duration":"00:00:00.0017870","StartTime":"2024-12-06T11:23:23.4512504+00:00","EndTime":"2024-12-06T11:23:23.4530369+00:00","Properties":[{"Key":{"Id":"NUnit.Seed","Label":"Seed","Category":"","Description":"","Attributes":0,"ValueType":"System.String"},"Value":"87767589"}]},{"TestCase":{"Id":"05867256-01d9-c306-0cde-96c3a0572c45","FullyQualifiedName":"PeakFit.Tests.ApplicationUserUnitTests.IsUserAsync_ShouldReturnTrue","DisplayName":"IsUserAsync_ShouldReturnTrue","ExecutorUri":"executor://NUnit3TestExecutor","Source":"D:\\PeakFit\\PeakFit\\PeakFit.Tests\\bin\\Debug\\net8.0\\fine-code-coverage\\build-output\\PeakFit.Tests.dll","CodeFilePath":null,"LineNumber":0,"Properties":[{"Key":{"Id":"NUnit.Seed","Label":"Seed","Category":"","Description":"","Attributes":0,"ValueType":"System.String"},"Value":"13365718"}]},"Attachments":[],"Outcome":1,"ErrorMessage":null,"ErrorStackTrace":null,"DisplayName":"IsUserAsync_ShouldReturnTrue","Messages":[],"ComputerName":"KVALCHEV","Duration":"00:00:00.0017240","StartTime":"2024-12-06T11:23:23.4530486+00:00","EndTime":"2024-12-06T11:23:23.4547728+00:00","Properties":[{"Key":{"Id":"NUnit.Seed","Label":"Seed","Category":"","Description":"","Attributes":0,"ValueType":"System.String"},"Value":"13365718"}]},{"TestCase":{"Id":"080c52b8-5269-02a9-4b73-844dbfcd3e21","FullyQualifiedName":"PeakFit.Tests.ApplicationUserUnitTests.PhoneNumberExistsAsync_ShouldReturnFalse","DisplayName":"PhoneNumberExistsAsync_ShouldReturnFalse","ExecutorUri":"executor://NUnit3TestExecutor","Source":"D:\\PeakFit\\PeakFit\\PeakFit.Tests\\bin\\Debug\\net8.0\\fine-code-coverage\\build-output\\PeakFit.Tests.dll","CodeFilePath":null,"LineNumber":0,"Properties":[{"Key":{"Id":"NUnit.Seed","Label":"Seed","Category":"","Description":"","Attributes":0,"ValueType":"System.String"},"Value":"1812782398"}]},"Attachments":[],"Outcome":1,"ErrorMessage":null,"ErrorStackTrace":null,"DisplayName":"PhoneNumberExistsAsync_ShouldReturnFalse","Messages":[],"ComputerName":"KVALCHEV","Duration":"00:00:00.0047900","StartTime":"2024-12-06T11:23:23.4547837+00:00","EndTime":"2024-12-06T11:23:23.4595738+00:00","Properties":[{"Key":{"Id":"NUnit.Seed","Label":"Seed","Category":"","Description":"","Attributes":0,"ValueType":"System.String"},"Value":"1812782398"}]},{"TestCase":{"Id":"e5435f4b-3c44-9047-9a9b-8d7397715914","FullyQualifiedName":"PeakFit.Tests.ApplicationUserUnitTests.PhoneNumberExistsAsync_ShouldReturnTrue","DisplayName":"PhoneNumberExistsAsync_ShouldReturnTrue","ExecutorUri":"executor://NUnit3TestExecutor","Source":"D:\\PeakFit\\PeakFit\\PeakFit.Tests\\bin\\Debug\\net8.0\\fine-code-coverage\\build-output\\PeakFit.Tests.dll","CodeFilePath":null,"LineNumber":0,"Properties":[{"Key":{"Id":"NUnit.Seed","Label":"Seed","Category":"","Description":"","Attributes":0,"ValueType":"System.String"},"Value":"677513717"}]},"Attachments":[],"Outcome":1,"ErrorMessage":null,"ErrorStackTrace":null,"DisplayName":"PhoneNumberExistsAsync_ShouldReturnTrue","Messages":[],"ComputerName":"KVALCHEV","Duration":"00:00:00.0017290","StartTime":"2024-12-06T11:23:23.4595966+00:00","EndTime":"2024-12-06T11:23:23.4613255+00:00","Properties":[{"Key":{"Id":"NUnit.Seed","Label":"Seed","Category":"","Description":"","Attributes":0,"ValueType":"System.String"},"Value":"677513717"}]},{"TestCase":{"Id":"af4d1487-267a-769f-7269-6d6436916930","FullyQualifiedName":"PeakFit.Tests.ApplicationUserUnitTests.PromoteFromTrainerToAdminAsync_ShouldPromoteTrainerToAdmin","DisplayName":"PromoteFromTrainerToAdminAsync_ShouldPromoteTrainerToAdmin","ExecutorUri":"executor://NUnit3TestExecutor","Source":"D:\\PeakFit\\PeakFit\\PeakFit.Tests\\bin\\Debug\\net8.0\\fine-code-coverage\\build-output\\PeakFit.Tests.dll","CodeFilePath":null,"LineNumber":0,"Properties":[{"Key":{"Id":"NUnit.Seed","Label":"Seed","Category":"","Description":"","Attributes":0,"ValueType":"System.String"},"Value":"480962384"}]},"Attachments":[],"Outcome":1,"ErrorMessage":null,"ErrorStackTrace":null,"DisplayName":"PromoteFromTrainerToAdminAsync_ShouldPromoteTrainerToAdmin","Messages":[],"ComputerName":"KVALCHEV","Duration":"00:00:00.0048240","StartTime":"2024-12-06T11:23:23.4613406+00:00","EndTime":"2024-12-06T11:23:23.4661643+00:00","Properties":[{"Key":{"Id":"NUnit.Seed","Label":"Seed","Category":"","Description":"","Attributes":0,"ValueType":"System.String"},"Value":"480962384"}]}],"TestRunStatistics":{"ExecutedTests":27,"Stats":{"Passed":27}},"ActiveTests":[{"Id":"d13b2df6-c216-560d-ee3b-996a8a535f75","FullyQualifiedName":"PeakFit.Tests.ApplicationUserUnitTests.PromoteFromUserToAdminAsync_ShouldPromoteUserToAdmin","DisplayName":"PromoteFromUserToAdminAsync_ShouldPromoteUserToAdmin","ExecutorUri":"executor://NUnit3TestExecutor","Source":"D:\\PeakFit\\PeakFit\\PeakFit.Tests\\bin\\Debug\\net8.0\\fine-code-coverage\\build-output\\PeakFit.Tests.dll","CodeFilePath":null,"LineNumber":0,"Properties":[{"Key":{"Id":"NUnit.Seed","Label":"Seed","Category":"","Description":"","Attributes":0,"ValueType":"System.String"},"Value":"962228490"}]}]}}
TpTrace Verbose: 0 : 29016, 12, 2024/12/06, 13:23:23.468, 18535423143752, vstest.console.dll, TestRunRequest:SendTestRunStatsChange: Starting.
TpTrace Verbose: 0 : 29016, 12, 2024/12/06, 13:23:23.468, 18535423144064, vstest.console.dll, InProgress is PromoteFromUserToAdminAsync_ShouldPromoteUserToAdmin
TpTrace Verbose: 0 : 29016, 12, 2024/12/06, 13:23:23.468, 18535423144405, vstest.console.dll, MulticastDelegateUtilities.SafeInvoke: TestRun.RunStatsChanged: Invoking callbacks was skipped because there are no subscribers.
TpTrace Information: 0 : 29016, 12, 2024/12/06, 13:23:23.468, 18535423144651, vstest.console.dll, TestRunRequest:SendTestRunStatsChange: Completed.
TpTrace Verbose: 0 : 29016, 12, 2024/12/06, 13:23:23.468, 18535423144798, vstest.console.dll, MulticastDelegateUtilities.SafeInvoke: LengthPrefixCommunicationChannel: MessageReceived: Invoking callback 1/1 for Microsoft.VisualStudio.TestPlatform.CommunicationUtilities.TestRequestSender+<>c__DisplayClass34_0., took 0 ms.
TpTrace Verbose: 0 : 29016, 12, 2024/12/06, 13:23:23.468, 18535423144949, vstest.console.dll, TcpClientExtensions.MessageLoopAsync: Polling on remoteEndPoint: 127.0.0.1:61360 localEndPoint: 127.0.0.1:61359 after 36 ms
TpTrace Verbose: 0 : 29016, 4, 2024/12/06, 13:23:23.468, 18535423144949, vstest.console.dll, MulticastDelegateUtilities.SafeInvoke: InternalTestLoggerEvents.SendTestResult: Invoking callback 1/1 for Microsoft.VisualStudio.TestPlatform.CommandLine.Internal.ConsoleLogger., took 0 ms.
TpTrace Verbose: 0 : 29016, 4, 2024/12/06, 13:23:23.468, 18535423145374, vstest.console.dll, MulticastDelegateUtilities.SafeInvoke: InternalTestLoggerEvents.SendTestResult: Invoking callback 1/1 for Microsoft.VisualStudio.TestPlatform.CommandLine.Internal.ConsoleLogger., took 0 ms.
TpTrace Verbose: 0 : 29016, 4, 2024/12/06, 13:23:23.468, 18535423145530, vstest.console.dll, MulticastDelegateUtilities.SafeInvoke: InternalTestLoggerEvents.SendTestResult: Invoking callback 1/1 for Microsoft.VisualStudio.TestPlatform.CommandLine.Internal.ConsoleLogger., took 0 ms.
TpTrace Verbose: 0 : 29016, 4, 2024/12/06, 13:23:23.468, 18535423145720, vstest.console.dll, MulticastDelegateUtilities.SafeInvoke: InternalTestLoggerEvents.SendTestResult: Invoking callback 1/1 for Microsoft.VisualStudio.TestPlatform.CommandLine.Internal.ConsoleLogger., took 0 ms.
TpTrace Verbose: 0 : 29016, 4, 2024/12/06, 13:23:23.468, 18535423145906, vstest.console.dll, MulticastDelegateUtilities.SafeInvoke: InternalTestLoggerEvents.SendTestResult: Invoking callback 1/1 for Microsoft.VisualStudio.TestPlatform.CommandLine.Internal.ConsoleLogger., took 0 ms.
TpTrace Verbose: 0 : 29016, 4, 2024/12/06, 13:23:23.468, 18535423146134, vstest.console.dll, MulticastDelegateUtilities.SafeInvoke: InternalTestLoggerEvents.SendTestResult: Invoking callback 1/1 for Microsoft.VisualStudio.TestPlatform.CommandLine.Internal.ConsoleLogger., took 0 ms.
TpTrace Verbose: 0 : 29016, 4, 2024/12/06, 13:23:23.468, 18535423146277, vstest.console.dll, MulticastDelegateUtilities.SafeInvoke: InternalTestLoggerEvents.SendTestResult: Invoking callback 1/1 for Microsoft.VisualStudio.TestPlatform.CommandLine.Internal.ConsoleLogger., took 0 ms.
TpTrace Verbose: 0 : 29016, 4, 2024/12/06, 13:23:23.468, 18535423146458, vstest.console.dll, MulticastDelegateUtilities.SafeInvoke: InternalTestLoggerEvents.SendTestResult: Invoking callback 1/1 for Microsoft.VisualStudio.TestPlatform.CommandLine.Internal.ConsoleLogger., took 0 ms.
TpTrace Verbose: 0 : 29016, 4, 2024/12/06, 13:23:23.468, 18535423146599, vstest.console.dll, MulticastDelegateUtilities.SafeInvoke: InternalTestLoggerEvents.SendTestResult: Invoking callback 1/1 for Microsoft.VisualStudio.TestPlatform.CommandLine.Internal.ConsoleLogger., took 0 ms.
TpTrace Verbose: 0 : 29016, 12, 2024/12/06, 13:23:23.546, 18535423926416, vstest.console.dll, TcpClientExtensions.MessageLoopAsync: NotifyDataAvailable remoteEndPoint: 127.0.0.1:61360 localEndPoint: 127.0.0.1:61359
TpTrace Verbose: 0 : 29016, 12, 2024/12/06, 13:23:23.547, 18535423927686, vstest.console.dll, TestRequestSender.OnExecutionMessageReceived: Received message: {"Version":7,"MessageType":"TestSession.Message","Payload":{"MessageLevel":0,"Message":"NUnit Adapter 4.5.0.0: Test execution complete"}}
TpTrace Verbose: 0 : 29016, 12, 2024/12/06, 13:23:23.547, 18535423928501, vstest.console.dll, TestRunRequest:SendTestRunMessage: Starting.
TpTrace Verbose: 0 : 29016, 12, 2024/12/06, 13:23:23.547, 18535423928835, vstest.console.dll, MulticastDelegateUtilities.SafeInvoke: TestRun.LogMessages: Invoking callback 1/1 for Microsoft.VisualStudio.TestPlatform.CommandLine.TestRunResultAggregator., took 0 ms.
TpTrace Information: 0 : 29016, 12, 2024/12/06, 13:23:23.547, 18535423929160, vstest.console.dll, TestRunRequest:SendTestRunMessage: Completed.
TpTrace Verbose: 0 : 29016, 12, 2024/12/06, 13:23:23.547, 18535423929298, vstest.console.dll, MulticastDelegateUtilities.SafeInvoke: LengthPrefixCommunicationChannel: MessageReceived: Invoking callback 1/1 for Microsoft.VisualStudio.TestPlatform.CommunicationUtilities.TestRequestSender+<>c__DisplayClass34_0., took 0 ms.
TpTrace Verbose: 0 : 29016, 12, 2024/12/06, 13:23:23.547, 18535423929442, vstest.console.dll, TcpClientExtensions.MessageLoopAsync: Polling on remoteEndPoint: 127.0.0.1:61360 localEndPoint: 127.0.0.1:61359 after 78 ms
TpTrace Verbose: 0 : 29016, 4, 2024/12/06, 13:23:23.547, 18535423929721, vstest.console.dll, MulticastDelegateUtilities.SafeInvoke: InternalTestLoggerEvents.SendTestRunMessage: Invoking callback 1/1 for Microsoft.VisualStudio.TestPlatform.CommandLine.Internal.ConsoleLogger., took 0 ms.
TpTrace Verbose: 0 : 29016, 12, 2024/12/06, 13:23:23.558, 18535424039613, vstest.console.dll, TcpClientExtensions.MessageLoopAsync: NotifyDataAvailable remoteEndPoint: 127.0.0.1:61360 localEndPoint: 127.0.0.1:61359
TpTrace Verbose: 0 : 29016, 12, 2024/12/06, 13:23:23.558, 18535424041446, vstest.console.dll, TestRequestSender.OnExecutionMessageReceived: Received message: {"Version":7,"MessageType":"TestExecution.Completed","Payload":{"TestRunCompleteArgs":{"TestRunStatistics":{"ExecutedTests":36,"Stats":{"Passed":36}},"IsCanceled":false,"IsAborted":false,"Error":null,"AttachmentSets":[],"InvokedDataCollectors":[],"ElapsedTimeInRunningTests":"00:00:02.8847035","Metrics":{},"DiscoveredExtensions":{"TestDiscoverers":["NUnit.VisualStudio.TestAdapter.NUnit3TestDiscoverer, NUnit3.TestAdapter, Version=4.5.0.0, Culture=neutral, PublicKeyToken=4cb40d35494691ac"],"TestExecutors":["executor://NUnit3TestExecutor"],"TestExecutors2":[],"TestSettingsProviders":[]}},"LastRunTests":{"NewTestResults":[{"TestCase":{"Id":"d13b2df6-c216-560d-ee3b-996a8a535f75","FullyQualifiedName":"PeakFit.Tests.ApplicationUserUnitTests.PromoteFromUserToAdminAsync_ShouldPromoteUserToAdmin","DisplayName":"PromoteFromUserToAdminAsync_ShouldPromoteUserToAdmin","ExecutorUri":"executor://NUnit3TestExecutor","Source":"D:\\PeakFit\\PeakFit\\PeakFit.Tests\\bin\\Debug\\net8.0\\fine-code-coverage\\build-output\\PeakFit.Tests.dll","CodeFilePath":null,"LineNumber":0,"Properties":[{"Key":{"Id":"NUnit.Seed","Label":"Seed","Category":"","Description":"","Attributes":0,"ValueType":"System.String"},"Value":"962228490"}]},"Attachments":[],"Outcome":1,"ErrorMessage":null,"ErrorStackTrace":null,"DisplayName":"PromoteFromUserToAdminAsync_ShouldPromoteUserToAdmin","Messages":[],"ComputerName":"KVALCHEV","Duration":"00:00:00.0041290","StartTime":"2024-12-06T11:23:23.4661906+00:00","EndTime":"2024-12-06T11:23:23.4703191+00:00","Properties":[{"Key":{"Id":"NUnit.Seed","Label":"Seed","Category":"","Description":"","Attributes":0,"ValueType":"System.String"},"Value":"962228490"}]},{"TestCase":{"Id":"fcc8c0f4-0e13-40ff-ffae-ad945db4bf83","FullyQualifiedName":"PeakFit.Tests.ApplicationUserUnitTests.UserDetailsAsync_ShouldReturnCorrectResult","DisplayName":"UserDetailsAsync_ShouldReturnCorrectResult","ExecutorUri":"executor://NUnit3TestExecutor","Source":"D:\\PeakFit\\PeakFit\\PeakFit.Tests\\bin\\Debug\\net8.0\\fine-code-coverage\\build-output\\PeakFit.Tests.dll","CodeFilePath":null,"LineNumber":0,"Properties":[{"Key":{"Id":"NUnit.Seed","Label":"Seed","Category":"","Description":"","Attributes":0,"ValueType":"System.String"},"Value":"1549688108"}]},"Attachments":[],"Outcome":1,"ErrorMessage":null,"ErrorStackTrace":null,"DisplayName":"UserDetailsAsync_ShouldReturnCorrectResult","Messages":[],"ComputerName":"KVALCHEV","Duration":"00:00:00.0083930","StartTime":"2024-12-06T11:23:23.470346+00:00","EndTime":"2024-12-06T11:23:23.4787383+00:00","Properties":[{"Key":{"Id":"NUnit.Seed","Label":"Seed","Category":"","Description":"","Attributes":0,"ValueType":"System.String"},"Value":"1549688108"}]},{"TestCase":{"Id":"6e6543ff-20b6-1083-db23-7270e9641bde","FullyQualifiedName":"PeakFit.Tests.CommentServiceUnitTests.AddAsync_ShouldAddComment","DisplayName":"AddAsync_ShouldAddComment","ExecutorUri":"executor://NUnit3TestExecutor","Source":"D:\\PeakFit\\PeakFit\\PeakFit.Tests\\bin\\Debug\\net8.0\\fine-code-coverage\\build-output\\PeakFit.Tests.dll","CodeFilePath":null,"LineNumber":0,"Properties":[{"Key":{"Id":"NUnit.Seed","Label":"Seed","Category":"","Description":"","Attributes":0,"ValueType":"System.String"},"Value":"80867755"}]},"Attachments":[],"Outcome":1,"ErrorMessage":null,"ErrorStackTrace":null,"DisplayName":"AddAsync_ShouldAddComment","Messages":[],"ComputerName":"KVALCHEV","Duration":"00:00:00.0122090","StartTime":"2024-12-06T11:23:23.4788938+00:00","EndTime":"2024-12-06T11:23:23.4911027+00:00","Properties":[{"Key":{"Id":"NUnit.Seed","Label":"Seed","Category":"","Description":"","Attributes":0,"ValueType":"System.String"},"Value":"80867755"}]},{"TestCase":{"Id":"aa7b7068-414e-c46d-b96e-7b84f1c96400","FullyQualifiedName":"PeakFit.Tests.CommentServiceUnitTests.AllCommentsAsync_ShouldReturnAllComments","DisplayName":"AllCommentsAsync_ShouldReturnAllComments","ExecutorUri":"executor://NUnit3TestExecutor","Source":"D:\\PeakFit\\PeakFit\\PeakFit.Tests\\bin\\Debug\\net8.0\\fine-code-coverage\\build-output\\PeakFit.Tests.dll","CodeFilePath":null,"LineNumber":0,"Properties":[{"Key":{"Id":"NUnit.Seed","Label":"Seed","Category":"","Description":"","Attributes":0,"ValueType":"System.String"},"Value":"670765521"}]},"Attachments":[],"Outcome":1,"ErrorMessage":null,"ErrorStackTrace":null,"DisplayName":"AllCommentsAsync_ShouldReturnAllComments","Messages":[],"ComputerName":"KVALCHEV","Duration":"00:00:00.0197180","StartTime":"2024-12-06T11:23:23.4911248+00:00","EndTime":"2024-12-06T11:23:23.5108429+00:00","Properties":[{"Key":{"Id":"NUnit.Seed","Label":"Seed","Category":"","Description":"","Attributes":0,"ValueType":"System.String"},"Value":"670765521"}]},{"TestCase":{"Id":"638b56e0-7396-36e0-124a-15b58fd1a7da","FullyQualifiedName":"PeakFit.Tests.CommentServiceUnitTests.CommentInformationByIdAsync_ShouldReturnComment","DisplayName":"CommentInformationByIdAsync_ShouldReturnComment","ExecutorUri":"executor://NUnit3TestExecutor","Source":"D:\\PeakFit\\PeakFit\\PeakFit.Tests\\bin\\Debug\\net8.0\\fine-code-coverage\\build-output\\PeakFit.Tests.dll","CodeFilePath":null,"LineNumber":0,"Properties":[{"Key":{"Id":"NUnit.Seed","Label":"Seed","Category":"","Description":"","Attributes":0,"ValueType":"System.String"},"Value":"417010730"}]},"Attachments":[],"Outcome":1,"ErrorMessage":null,"ErrorStackTrace":null,"DisplayName":"CommentInformationByIdAsync_ShouldReturnComment","Messages":[],"ComputerName":"KVALCHEV","Duration":"00:00:00.0160440","StartTime":"2024-12-06T11:23:23.5108722+00:00","EndTime":"2024-12-06T11:23:23.526916+00:00","Properties":[{"Key":{"Id":"NUnit.Seed","Label":"Seed","Category":"","Description":"","Attributes":0,"ValueType":"System.String"},"Value":"417010730"}]},{"TestCase":{"Id":"21baadae-6585-3104-e0be-c18deff712b7","FullyQualifiedName":"PeakFit.Tests.CommentServiceUnitTests.DeleteAsync_ShouldDeleteComment","DisplayName":"DeleteAsync_ShouldDeleteComment","ExecutorUri":"executor://NUnit3TestExecutor","Source":"D:\\PeakFit\\PeakFit\\PeakFit.Tests\\bin\\Debug\\net8.0\\fine-code-coverage\\build-output\\PeakFit.Tests.dll","CodeFilePath":null,"LineNumber":0,"Properties":[{"Key":{"Id":"NUnit.Seed","Label":"Seed","Category":"","Description":"","Attributes":0,"ValueType":"System.String"},"Value":"1900407913"}]},"Attachments":[],"Outcome":1,"ErrorMessage":null,"ErrorStackTrace":null,"DisplayName":"DeleteAsync_ShouldDeleteComment","Messages":[],"ComputerName":"KVALCHEV","Duration":"00:00:00.0061789","StartTime":"2024-12-06T11:23:23.5269444+00:00","EndTime":"2024-12-06T11:23:23.5331237+00:00","Properties":[{"Key":{"Id":"NUnit.Seed","Label":"Seed","Category":"","Description":"","Attributes":0,"ValueType":"System.String"},"Value":"1900407913"}]},{"TestCase":{"Id":"e27bf151-7f01-83da-fd53-cfa74e29b191","FullyQualifiedName":"PeakFit.Tests.CommentServiceUnitTests.ExistsAsync_ShouldReturnFalse_WhenCommentDoesNotExist","DisplayName":"ExistsAsync_ShouldReturnFalse_WhenCommentDoesNotExist","ExecutorUri":"executor://NUnit3TestExecutor","Source":"D:\\PeakFit\\PeakFit\\PeakFit.Tests\\bin\\Debug\\net8.0\\fine-code-coverage\\build-output\\PeakFit.Tests.dll","CodeFilePath":null,"LineNumber":0,"Properties":[{"Key":{"Id":"NUnit.Seed","Label":"Seed","Category":"","Description":"","Attributes":0,"ValueType":"System.String"},"Value":"1842391698"}]},"Attachments":[],"Outcome":1,"ErrorMessage":null,"ErrorStackTrace":null,"DisplayName":"ExistsAsync_ShouldReturnFalse_WhenCommentDoesNotExist","Messages":[],"ComputerName":"KVALCHEV","Duration":"00:00:00.0031380","StartTime":"2024-12-06T11:23:23.5331471+00:00","EndTime":"2024-12-06T11:23:23.5362851+00:00","Properties":[{"Key":{"Id":"NUnit.Seed","Label":"Seed","Category":"","Description":"","Attributes":0,"ValueType":"System.String"},"Value":"1842391698"}]},{"TestCase":{"Id":"210c171c-c4b2-5518-3009-45e10d263f47","FullyQualifiedName":"PeakFit.Tests.CommentServiceUnitTests.ExistsAsync_ShouldReturnFalse_WhenCommentIsDeleted","DisplayName":"ExistsAsync_ShouldReturnFalse_WhenCommentIsDeleted","ExecutorUri":"executor://NUnit3TestExecutor","Source":"D:\\PeakFit\\PeakFit\\PeakFit.Tests\\bin\\Debug\\net8.0\\fine-code-coverage\\build-output\\PeakFit.Tests.dll","CodeFilePath":null,"LineNumber":0,"Properties":[{"Key":{"Id":"NUnit.Seed","Label":"Seed","Category":"","Description":"","Attributes":0,"ValueType":"System.String"},"Value":"1324528545"}]},"Attachments":[],"Outcome":1,"ErrorMessage":null,"ErrorStackTrace":null,"DisplayName":"ExistsAsync_ShouldReturnFalse_WhenCommentIsDeleted","Messages":[],"ComputerName":"KVALCHEV","Duration":"00:00:00.0012400","StartTime":"2024-12-06T11:23:23.5363035+00:00","EndTime":"2024-12-06T11:23:23.5375437+00:00","Properties":[{"Key":{"Id":"NUnit.Seed","Label":"Seed","Category":"","Description":"","Attributes":0,"ValueType":"System.String"},"Value":"1324528545"}]},{"TestCase":{"Id":"963d1b47-5659-39e2-79d0-dc6e68a8f427","FullyQualifiedName":"PeakFit.Tests.CommentServiceUnitTests.ExistsAsync_ShouldReturnTrue_WhenCommentExists","DisplayName":"ExistsAsync_ShouldReturnTrue_WhenCommentExists","ExecutorUri":"executor://NUnit3TestExecutor","Source":"D:\\PeakFit\\PeakFit\\PeakFit.Tests\\bin\\Debug\\net8.0\\fine-code-coverage\\build-output\\PeakFit.Tests.dll","CodeFilePath":null,"LineNumber":0,"Properties":[{"Key":{"Id":"NUnit.Seed","Label":"Seed","Category":"","Description":"","Attributes":0,"ValueType":"System.String"},"Value":"1080042464"}]},"Attachments":[],"Outcome":1,"ErrorMessage":null,"ErrorStackTrace":null,"DisplayName":"ExistsAsync_ShouldReturnTrue_WhenCommentExists","Messages":[],"ComputerName":"KVALCHEV","Duration":"00:00:00.0007829","StartTime":"2024-12-06T11:23:23.5375552+00:00","EndTime":"2024-12-06T11:23:23.5383378+00:00","Properties":[{"Key":{"Id":"NUnit.Seed","Label":"Seed","Category":"","Description":"","Attributes":0,"ValueType":"System.String"},"Value":"1080042464"}]}],"TestRunStatistics":{"ExecutedTests":36,"Stats":{"Passed":36}},"ActiveTests":[]},"RunAttachments":[],"ExecutorUris":["executor://nunit3testexecutor/"]}}
TpTrace Verbose: 0 : 29016, 12, 2024/12/06, 13:23:23.558, 18535424042839, vstest.console.dll, TestRequestSender.EndSession: Sending end session.
TpTrace Verbose: 0 : 29016, 12, 2024/12/06, 13:23:23.558, 18535424043876, vstest.console.dll, ProxyOperationManager.Close: waiting for test host to exit for 100 ms
TpTrace Verbose: 0 : 29016, 13, 2024/12/06, 13:23:23.576, 18535424222636, vstest.console.dll, TestHostManagerCallbacks.StandardOutputReceivedCallback Test host standard output line: 
TpTrace Warning: 0 : 29016, 10, 2024/12/06, 13:23:23.576, 18535424222668, vstest.console.dll, TestHostManagerCallbacks.ErrorReceivedCallback Test host standard error line: 
TpTrace Verbose: 0 : 29016, 10, 2024/12/06, 13:23:23.588, 18535424340699, vstest.console.dll, TestHostProvider.ExitCallBack: Host exited starting callback.
TpTrace Information: 0 : 29016, 10, 2024/12/06, 13:23:23.588, 18535424341746, vstest.console.dll, TestHostManagerCallbacks.ExitCallBack: Testhost processId: 11628 exited with exitcode: 0 error: ''
TpTrace Verbose: 0 : 29016, 10, 2024/12/06, 13:23:23.588, 18535424341936, vstest.console.dll, DotnetTestHostManager.OnHostExited: invoking OnHostExited callback
TpTrace Verbose: 0 : 29016, 10, 2024/12/06, 13:23:23.588, 18535424342206, vstest.console.dll, CrossPlatEngine.TestHostManagerHostExited: calling on client process exit callback.
TpTrace Information: 0 : 29016, 10, 2024/12/06, 13:23:23.588, 18535424342514, vstest.console.dll, TestRequestSender.OnClientProcessExit: Test host process exited. Standard error: 
TpTrace Information: 0 : 29016, 10, 2024/12/06, 13:23:23.588, 18535424342730, vstest.console.dll, SocketServer.Stop: Stop server endPoint: 127.0.0.1:61359
TpTrace Information: 0 : 29016, 10, 2024/12/06, 13:23:23.588, 18535424342870, vstest.console.dll, SocketServer.Stop: Cancellation requested. Stopping message loop.
TpTrace Verbose: 0 : 29016, 10, 2024/12/06, 13:23:23.588, 18535424343343, vstest.console.dll, MulticastDelegateUtilities.SafeInvoke: HostProviderEvents.OnHostExited: Invoking callback 1/1 for Microsoft.VisualStudio.TestPlatform.CrossPlatEngine.Client.ProxyOperationManager., took 0 ms.
TpTrace Information: 0 : 29016, 12, 2024/12/06, 13:23:23.588, 18535424343933, vstest.console.dll, SocketServer.Stop: Stop server endPoint: 127.0.0.1:61359
TpTrace Information: 0 : 29016, 12, 2024/12/06, 13:23:23.588, 18535424344379, vstest.console.dll, SocketServer.Stop: Cancellation requested. Stopping message loop.
TpTrace Information: 0 : 29016, 12, 2024/12/06, 13:23:23.588, 18535424344585, vstest.console.dll, Closing the connection
TpTrace Verbose: 0 : 29016, 12, 2024/12/06, 13:23:23.588, 18535424345955, vstest.console.dll, ProxyDataCollectionManager.InvokeDataCollectionServiceAction: Starting.
TpTrace Information: 0 : 29016, 12, 2024/12/06, 13:23:23.588, 18535424346120, vstest.console.dll, ProxyDataCollectionManager.AfterTestRunEnd: Get attachment set and invoked data collectors processId: 25500 port: 61354
TpTrace Verbose: 0 : 29016, 12, 2024/12/06, 13:23:23.588, 18535424346327, vstest.console.dll, DataCollectionRequestSender.SendAfterTestRunStartAndGetResult: Send AfterTestRunEnd message with isCancelled: False
TpTrace Verbose: 0 : 29016, 12, 2024/12/06, 13:23:23.592, 18535424379354, vstest.console.dll, DataCollectionRequestSender.SendAfterTestRunStartAndGetResult: Received message: (DataCollection.AfterTestRunEndResult) -> {"MessageType":"DataCollection.AfterTestRunEndResult","Payload":{"AttachmentSets":[],"InvokedDataCollectors":[{"Uri":"datacollector://Microsoft/TestPlatform/Extensions/Blame/v1","FriendlyName":"Blame","AssemblyQualifiedName":"Microsoft.TestPlatform.Extensions.BlameDataCollector.BlameCollector, Microsoft.TestPlatform.Extensions.BlameDataCollector, Version=15.0.0.0, Culture=neutral, PublicKeyToken=b03f5f7f11d50a3a","FilePath":"C:\\Program Files\\dotnet\\sdk\\9.0.101\\Extensions\\Microsoft.TestPlatform.Extensions.BlameDataCollector.dll","HasAttachmentProcessor":false}],"Metrics":{}}}
TpTrace Information: 0 : 29016, 12, 2024/12/06, 13:23:23.594, 18535424405292, vstest.console.dll, ProxyDataCollectionManager.InvokeDataCollectionServiceAction: Completed.
TpTrace Warning: 0 : 29016, 11, 2024/12/06, 13:23:23.603, 18535424489757, vstest.console.dll, DataCollectionLauncher.ErrorReceivedCallback datacollector standard error line: 
TpTrace Information: 0 : 29016, 11, 2024/12/06, 13:23:23.607, 18535424533937, vstest.console.dll, DataCollectionLauncher.ExitCallBack: Data collector exited with exitcode: 0 error: ''
TpTrace Verbose: 0 : 29016, 12, 2024/12/06, 13:23:23.613, 18535424595473, vstest.console.dll, TestRunRequest:SendTestRunStatsChange: Starting.
TpTrace Verbose: 0 : 29016, 12, 2024/12/06, 13:23:23.613, 18535424596127, vstest.console.dll, MulticastDelegateUtilities.SafeInvoke: TestRun.RunStatsChanged: Invoking callbacks was skipped because there are no subscribers.
TpTrace Information: 0 : 29016, 12, 2024/12/06, 13:23:23.613, 18535424596286, vstest.console.dll, TestRunRequest:SendTestRunStatsChange: Completed.
TpTrace Verbose: 0 : 29016, 4, 2024/12/06, 13:23:23.614, 18535424597652, vstest.console.dll, MulticastDelegateUtilities.SafeInvoke: InternalTestLoggerEvents.SendTestResult: Invoking callback 1/1 for Microsoft.VisualStudio.TestPlatform.CommandLine.Internal.ConsoleLogger., took 0 ms.
TpTrace Verbose: 0 : 29016, 12, 2024/12/06, 13:23:23.614, 18535424598071, vstest.console.dll, ParallelProxyExecutionManager: HandlePartialRunComplete: Total workloads = 1, Total started clients = 1 Total completed clients = 1, Run complete = True, Run canceled: False.
TpTrace Verbose: 0 : 29016, 12, 2024/12/06, 13:23:23.614, 18535424598303, vstest.console.dll, ParallelProxyExecutionManager: HandlePartialRunComplete: All runs completed stopping all managers.
TpTrace Verbose: 0 : 29016, 4, 2024/12/06, 13:23:23.614, 18535424598117, vstest.console.dll, MulticastDelegateUtilities.SafeInvoke: InternalTestLoggerEvents.SendTestResult: Invoking callback 1/1 for Microsoft.VisualStudio.TestPlatform.CommandLine.Internal.ConsoleLogger., took 0 ms.
TpTrace Verbose: 0 : 29016, 12, 2024/12/06, 13:23:23.614, 18535424598504, vstest.console.dll, ParallelOperationManager.StopAllManagers: Stopping all managers.
TpTrace Verbose: 0 : 29016, 12, 2024/12/06, 13:23:23.614, 18535424598741, vstest.console.dll, ParallelOperationManager.ClearSlots: Clearing all slots. Slots should accept more work: False
TpTrace Verbose: 0 : 29016, 12, 2024/12/06, 13:23:23.614, 18535424598987, vstest.console.dll, ParallelOperationManager.SetOccupiedSlotCount: Setting slot counts AvailableSlotCount = 1, OccupiedSlotCount = 0.
TpTrace Verbose: 0 : 29016, 4, 2024/12/06, 13:23:23.614, 18535424599116, vstest.console.dll, MulticastDelegateUtilities.SafeInvoke: InternalTestLoggerEvents.SendTestResult: Invoking callback 1/1 for Microsoft.VisualStudio.TestPlatform.CommandLine.Internal.ConsoleLogger., took 0 ms.
TpTrace Verbose: 0 : 29016, 12, 2024/12/06, 13:23:23.614, 18535424599215, vstest.console.dll, Occupied slots:

TpTrace Verbose: 0 : 29016, 4, 2024/12/06, 13:23:23.614, 18535424599492, vstest.console.dll, MulticastDelegateUtilities.SafeInvoke: InternalTestLoggerEvents.SendTestResult: Invoking callback 1/1 for Microsoft.VisualStudio.TestPlatform.CommandLine.Internal.ConsoleLogger., took 0 ms.
TpTrace Verbose: 0 : 29016, 4, 2024/12/06, 13:23:23.614, 18535424599682, vstest.console.dll, MulticastDelegateUtilities.SafeInvoke: InternalTestLoggerEvents.SendTestResult: Invoking callback 1/1 for Microsoft.VisualStudio.TestPlatform.CommandLine.Internal.ConsoleLogger., took 0 ms.
TpTrace Verbose: 0 : 29016, 4, 2024/12/06, 13:23:23.614, 18535424599855, vstest.console.dll, MulticastDelegateUtilities.SafeInvoke: InternalTestLoggerEvents.SendTestResult: Invoking callback 1/1 for Microsoft.VisualStudio.TestPlatform.CommandLine.Internal.ConsoleLogger., took 0 ms.
TpTrace Verbose: 0 : 29016, 4, 2024/12/06, 13:23:23.614, 18535424599985, vstest.console.dll, MulticastDelegateUtilities.SafeInvoke: InternalTestLoggerEvents.SendTestResult: Invoking callback 1/1 for Microsoft.VisualStudio.TestPlatform.CommandLine.Internal.ConsoleLogger., took 0 ms.
TpTrace Verbose: 0 : 29016, 4, 2024/12/06, 13:23:23.614, 18535424600136, vstest.console.dll, MulticastDelegateUtilities.SafeInvoke: InternalTestLoggerEvents.SendTestResult: Invoking callback 1/1 for Microsoft.VisualStudio.TestPlatform.CommandLine.Internal.ConsoleLogger., took 0 ms.
TpTrace Verbose: 0 : 29016, 4, 2024/12/06, 13:23:23.614, 18535424600307, vstest.console.dll, MulticastDelegateUtilities.SafeInvoke: InternalTestLoggerEvents.SendTestResult: Invoking callback 1/1 for Microsoft.VisualStudio.TestPlatform.CommandLine.Internal.ConsoleLogger., took 0 ms.
TpTrace Verbose: 0 : 29016, 4, 2024/12/06, 13:23:23.618, 18535424638542, vstest.console.dll, MulticastDelegateUtilities.SafeInvoke: InternalTestLoggerEvents.SendTestRunComplete: Invoking callback 1/2 for Microsoft.TestPlatform.Extensions.BlameDataCollector.BlameLogger., took 0 ms.
TpTrace Verbose: 0 : 29016, 4, 2024/12/06, 13:23:23.620, 18535424664267, vstest.console.dll, MulticastDelegateUtilities.SafeInvoke: InternalTestLoggerEvents.SendTestRunComplete: Invoking callback 2/2 for Microsoft.VisualStudio.TestPlatform.CommandLine.Internal.ConsoleLogger., took 2 ms.
TpTrace Verbose: 0 : 29016, 12, 2024/12/06, 13:23:23.620, 18535424666370, vstest.console.dll, TestRunRequest:TestRunComplete: Starting. IsAborted:False IsCanceled:False.
TpTrace Verbose: 0 : 29016, 12, 2024/12/06, 13:23:23.621, 18535424667399, vstest.console.dll, ParallelOperationManager.DoActionOnAllManagers: Calling an action on all managers.
TpTrace Verbose: 0 : 29016, 12, 2024/12/06, 13:23:23.621, 18535424671643, vstest.console.dll, TestLoggerManager.HandleTestRunComplete: Ignoring as the object is disposed.
TpTrace Verbose: 0 : 29016, 12, 2024/12/06, 13:23:23.621, 18535424672614, vstest.console.dll, MulticastDelegateUtilities.SafeInvoke: TestRun.TestRunComplete: Invoking callback 1/2 for Microsoft.VisualStudio.TestPlatform.CommandLine.TestRunResultAggregator., took 0 ms.
TpTrace Verbose: 0 : 29016, 12, 2024/12/06, 13:23:23.621, 18535424673193, vstest.console.dll, MulticastDelegateUtilities.SafeInvoke: TestRun.TestRunComplete: Invoking callback 2/2 for Microsoft.VisualStudio.TestPlatform.CommandLine.Processors.RunTestsArgumentExecutor+TestRunRequestEventsRegistrar., took 0 ms.
TpTrace Information: 0 : 29016, 12, 2024/12/06, 13:23:23.621, 18535424673688, vstest.console.dll, TestRunRequest:TestRunComplete: Completed.
TpTrace Verbose: 0 : 29016, 12, 2024/12/06, 13:23:23.621, 18535424673885, vstest.console.dll, TestRequestSender.SetOperationComplete: Setting operation complete.
TpTrace Information: 0 : 29016, 12, 2024/12/06, 13:23:23.621, 18535424674008, vstest.console.dll, SocketServer.Stop: Stop server endPoint: 127.0.0.1:61359
TpTrace Information: 0 : 29016, 12, 2024/12/06, 13:23:23.621, 18535424674113, vstest.console.dll, SocketServer.Stop: Cancellation requested. Stopping message loop.
TpTrace Verbose: 0 : 29016, 12, 2024/12/06, 13:23:23.621, 18535424674241, vstest.console.dll, MulticastDelegateUtilities.SafeInvoke: LengthPrefixCommunicationChannel: MessageReceived: Invoking callback 1/1 for Microsoft.VisualStudio.TestPlatform.CommunicationUtilities.TestRequestSender+<>c__DisplayClass34_0., took 63 ms.
TpTrace Information: 0 : 29016, 12, 2024/12/06, 13:23:23.621, 18535424674482, vstest.console.dll, SocketServer.PrivateStop: Stopping server endPoint: 127.0.0.1:61359 error: 
TpTrace Verbose: 0 : 29016, 1, 2024/12/06, 13:23:23.621, 18535424674198, vstest.console.dll, TestRunRequest.Dispose: Starting.
TpTrace Information: 0 : 29016, 1, 2024/12/06, 13:23:23.621, 18535424675885, vstest.console.dll, TestRunRequest.Dispose: Completed.
TpTrace Information: 0 : 29016, 1, 2024/12/06, 13:23:23.621, 18535424676115, vstest.console.dll, TestRequestManager.RunTests: run tests completed.
TpTrace Verbose: 0 : 29016, 12, 2024/12/06, 13:23:23.621, 18535424676428, vstest.console.dll, LengthPrefixCommunicationChannel.Dispose: Dispose reader and writer.
TpTrace Information: 0 : 29016, 1, 2024/12/06, 13:23:23.621, 18535424676529, vstest.console.dll, RunTestsArgumentProcessor:Execute: Test run is completed.
TpTrace Information: 0 : 29016, 12, 2024/12/06, 13:23:23.622, 18535424676877, vstest.console.dll, SocketServer.Stop: Raise disconnected event endPoint: 127.0.0.1:61359 error: 
TpTrace Verbose: 0 : 29016, 12, 2024/12/06, 13:23:23.622, 18535424677316, vstest.console.dll, TestRequestSender: OnTestRunAbort: Operation is already complete. Skip error message.
TpTrace Verbose: 0 : 29016, 12, 2024/12/06, 13:23:23.622, 18535424677469, vstest.console.dll, MulticastDelegateUtilities.SafeInvoke: SocketServer: ClientDisconnected: Invoking callback 1/1 for Microsoft.VisualStudio.TestPlatform.CommunicationUtilities.TestRequestSender., took 0 ms.
TpTrace Verbose: 0 : 29016, 12, 2024/12/06, 13:23:23.622, 18535424677591, vstest.console.dll, TcpClientExtensions.MessageLoopAsync: exiting MessageLoopAsync remoteEndPoint: 127.0.0.1:61360 localEndPoint: 127.0.0.1:61359
TpTrace Verbose: 0 : 29016, 1, 2024/12/06, 13:23:23.622, 18535424678558, vstest.console.dll, Executor.Execute: Exiting with exit code of 0
